[RZ-WORK-FLOW]2023/02/24 - 07:20:38.419	[34minfo[0m	C:/Users/withsky/Desktop/programs/golang/easy_tiktok(2)/easy_tiktok/cmd/favorite_service/main.go:43	test
[RZ-WORK-FLOW]2023/02/24 - 07:20:46.026	[34minfo[0m	C:/Users/withsky/Desktop/programs/golang/easy_tiktok(2)/easy_tiktok/cmd/favorite_service/handler.go:18	ç‚¹èµæœåŠ¡
[RZ-WORK-FLOW]2023/02/24 - 07:20:46.026	[34minfo[0m	C:/Users/withsky/Desktop/programs/golang/easy_tiktok(2)/easy_tiktok/cmd/favorite_service/handler.go:36	å¼€å§‹è°ƒç”¨æœåŠ¡
[RZ-WORK-FLOW]2023/02/24 - 07:20:46.026	[31merror[0m	C:/Users/withsky/Desktop/programs/golang/easy_tiktok(2)/easy_tiktok/cmd/favorite_service/dal/db/favorite.go:67	æ•°æ®åº“
[RZ-WORK-FLOW]2023/02/24 - 07:20:46.046	[34minfo[0m	C:/Users/withsky/Desktop/programs/golang/easy_tiktok(2)/easy_tiktok/cmd/favorite_service/handler.go:18	ç‚¹èµæœåŠ¡
[RZ-WORK-FLOW]2023/02/24 - 07:20:46.047	[34minfo[0m	C:/Users/withsky/Desktop/programs/golang/easy_tiktok(2)/easy_tiktok/cmd/favorite_service/handler.go:36	å¼€å§‹è°ƒç”¨æœåŠ¡
[RZ-WORK-FLOW]2023/02/24 - 07:20:46.047	[31merror[0m	C:/Users/withsky/Desktop/programs/golang/easy_tiktok(2)/easy_tiktok/cmd/favorite_service/dal/db/favorite.go:67	æ•°æ®åº“
[RZ-WORK-FLOW]2023/02/24 - 07:20:46.541	[34minfo[0m	C:/Users/withsky/Desktop/programs/golang/easy_tiktok(2)/easy_tiktok/cmd/favorite_service/handler.go:39	ç‚¹èµæœåŠ¡æˆåŠŸ
[RZ-WORK-FLOW]2023/02/24 - 07:20:46.794	[34minfo[0m	C:/Users/withsky/Desktop/programs/golang/easy_tiktok(2)/easy_tiktok/cmd/favorite_service/handler.go:39	ç‚¹èµæœåŠ¡æˆåŠŸ
[RZ-WORK-FLOW]2023/02/24 - 07:20:49.864	[34minfo[0m	C:/Users/withsky/Desktop/programs/golang/easy_tiktok(2)/easy_tiktok/cmd/favorite_service/handler.go:18	ç‚¹èµæœåŠ¡
[RZ-WORK-FLOW]2023/02/24 - 07:20:49.864	[34minfo[0m	C:/Users/withsky/Desktop/programs/golang/easy_tiktok(2)/easy_tiktok/cmd/favorite_service/handler.go:36	å¼€å§‹è°ƒç”¨æœåŠ¡
[RZ-WORK-FLOW]2023/02/24 - 07:20:49.864	[31merror[0m	C:/Users/withsky/Desktop/programs/golang/easy_tiktok(2)/easy_tiktok/cmd/favorite_service/dal/db/favorite.go:67	æ•°æ®åº“
[RZ-WORK-FLOW]2023/02/24 - 07:20:50.309	[34minfo[0m	C:/Users/withsky/Desktop/programs/golang/easy_tiktok(2)/easy_tiktok/cmd/favorite_service/handler.go:39	ç‚¹èµæœåŠ¡æˆåŠŸ
[RZ-WORK-FLOW]2023/02/24 - 07:21:31.438	[34minfo[0m	C:/Users/withsky/Desktop/programs/golang/easy_tiktok(2)/easy_tiktok/cmd/favorite_service/handler.go:50	å–æ¶ˆç‚¹èµæœåŠ¡
[RZ-WORK-FLOW]2023/02/24 - 07:21:31.983	[34minfo[0m	C:/Users/withsky/Desktop/programs/golang/easy_tiktok(2)/easy_tiktok/cmd/favorite_service/handler.go:70	å–æ¶ˆç‚¹èµæœåŠ¡æˆåŠŸ
[RZ-WORK-FLOW]2023/02/24 - 07:25:06.158	[34minfo[0m	C:/Users/withsky/Desktop/programs/golang/easy_tiktok(2)/easy_tiktok/cmd/favorite_service/handler.go:81	å–œæ¬¢åˆ—è¡¨
[RZ-WORK-FLOW]2023/02/24 - 07:25:06.292	[31merror[0m	C:/Users/withsky/Desktop/programs/golang/easy_tiktok(2)/easy_tiktok/cmd/favorite_service/dal/db/favorite.go:134	æ•°æ®åº“è·å–è§†é¢‘è¯„è®ºæ•°å¤±è´¥
[RZ-WORK-FLOW]2023/02/24 - 07:25:06.292	[34minfo[0m	C:/Users/withsky/Desktop/programs/golang/easy_tiktok(2)/easy_tiktok/cmd/favorite_service/handler.go:102	å–æ¶ˆç‚¹èµæœåŠ¡æˆåŠŸ
[RZ-WORK-FLOW]2023/02/24 - 07:27:22.758	[34minfo[0m	C:/Users/withsky/Desktop/programs/golang/easy_tiktok(2)/easy_tiktok/cmd/favorite_service/handler.go:81	å–œæ¬¢åˆ—è¡¨
[RZ-WORK-FLOW]2023/02/24 - 07:27:22.838	[31merror[0m	C:/Users/withsky/Desktop/programs/golang/easy_tiktok(2)/easy_tiktok/cmd/favorite_service/dal/db/favorite.go:134	æ•°æ®åº“è·å–è§†é¢‘è¯„è®ºæ•°å¤±è´¥
[RZ-WORK-FLOW]2023/02/24 - 07:27:22.838	[34minfo[0m	C:/Users/withsky/Desktop/programs/golang/easy_tiktok(2)/easy_tiktok/cmd/favorite_service/handler.go:102	å–æ¶ˆç‚¹èµæœåŠ¡æˆåŠŸ
[RZ-WORK-FLOW]2023/02/24 - 07:27:44.208	[34minfo[0m	C:/Users/withsky/Desktop/programs/golang/easy_tiktok(2)/easy_tiktok/cmd/favorite_service/handler.go:81	å–œæ¬¢åˆ—è¡¨
[RZ-WORK-FLOW]2023/02/24 - 07:27:44.297	[31merror[0m	C:/Users/withsky/Desktop/programs/golang/easy_tiktok(2)/easy_tiktok/cmd/favorite_service/dal/db/favorite.go:134	æ•°æ®åº“è·å–è§†é¢‘è¯„è®ºæ•°å¤±è´¥
[RZ-WORK-FLOW]2023/02/24 - 07:27:44.297	[34minfo[0m	C:/Users/withsky/Desktop/programs/golang/easy_tiktok(2)/easy_tiktok/cmd/favorite_service/handler.go:102	å–æ¶ˆç‚¹èµæœåŠ¡æˆåŠŸ
[RZ-WORK-FLOW]2023/02/24 - 07:27:48.789	[34minfo[0m	C:/Users/withsky/Desktop/programs/golang/easy_tiktok(2)/easy_tiktok/cmd/favorite_service/handler.go:81	å–œæ¬¢åˆ—è¡¨
[RZ-WORK-FLOW]2023/02/24 - 07:27:48.922	[31merror[0m	C:/Users/withsky/Desktop/programs/golang/easy_tiktok(2)/easy_tiktok/cmd/favorite_service/dal/db/favorite.go:134	æ•°æ®åº“è·å–è§†é¢‘è¯„è®ºæ•°å¤±è´¥
[RZ-WORK-FLOW]2023/02/24 - 07:27:48.922	[34minfo[0m	C:/Users/withsky/Desktop/programs/golang/easy_tiktok(2)/easy_tiktok/cmd/favorite_service/handler.go:102	å–æ¶ˆç‚¹èµæœåŠ¡æˆåŠŸ
[RZ-WORK-FLOW]2023/02/24 - 07:27:51.866	[34minfo[0m	C:/Users/withsky/Desktop/programs/golang/easy_tiktok(2)/easy_tiktok/cmd/favorite_service/handler.go:81	å–œæ¬¢åˆ—è¡¨
[RZ-WORK-FLOW]2023/02/24 - 07:27:51.958	[31merror[0m	C:/Users/withsky/Desktop/programs/golang/easy_tiktok(2)/easy_tiktok/cmd/favorite_service/dal/db/favorite.go:134	æ•°æ®åº“è·å–è§†é¢‘è¯„è®ºæ•°å¤±è´¥
[RZ-WORK-FLOW]2023/02/24 - 07:27:51.958	[34minfo[0m	C:/Users/withsky/Desktop/programs/golang/easy_tiktok(2)/easy_tiktok/cmd/favorite_service/handler.go:102	å–æ¶ˆç‚¹èµæœåŠ¡æˆåŠŸ
[RZ-WORK-FLOW]2023/02/24 - 07:27:52.693	[34minfo[0m	C:/Users/withsky/Desktop/programs/golang/easy_tiktok(2)/easy_tiktok/cmd/favorite_service/handler.go:81	å–œæ¬¢åˆ—è¡¨
[RZ-WORK-FLOW]2023/02/24 - 07:27:52.778	[31merror[0m	C:/Users/withsky/Desktop/programs/golang/easy_tiktok(2)/easy_tiktok/cmd/favorite_service/dal/db/favorite.go:134	æ•°æ®åº“è·å–è§†é¢‘è¯„è®ºæ•°å¤±è´¥
[RZ-WORK-FLOW]2023/02/24 - 07:27:52.778	[34minfo[0m	C:/Users/withsky/Desktop/programs/golang/easy_tiktok(2)/easy_tiktok/cmd/favorite_service/handler.go:102	å–æ¶ˆç‚¹èµæœåŠ¡æˆåŠŸ
[RZ-WORK-FLOW]2023/02/24 - 07:27:53.268	[34minfo[0m	C:/Users/withsky/Desktop/programs/golang/easy_tiktok(2)/easy_tiktok/cmd/favorite_service/handler.go:81	å–œæ¬¢åˆ—è¡¨
[RZ-WORK-FLOW]2023/02/24 - 07:27:53.377	[31merror[0m	C:/Users/withsky/Desktop/programs/golang/easy_tiktok(2)/easy_tiktok/cmd/favorite_service/dal/db/favorite.go:134	æ•°æ®åº“è·å–è§†é¢‘è¯„è®ºæ•°å¤±è´¥
[RZ-WORK-FLOW]2023/02/24 - 07:27:53.377	[34minfo[0m	C:/Users/withsky/Desktop/programs/golang/easy_tiktok(2)/easy_tiktok/cmd/favorite_service/handler.go:102	å–æ¶ˆç‚¹èµæœåŠ¡æˆåŠŸ
[RZ-WORK-FLOW]2023/02/24 - 07:27:54.468	[34minfo[0m	C:/Users/withsky/Desktop/programs/golang/easy_tiktok(2)/easy_tiktok/cmd/favorite_service/handler.go:81	å–œæ¬¢åˆ—è¡¨
[RZ-WORK-FLOW]2023/02/24 - 07:27:54.565	[31merror[0m	C:/Users/withsky/Desktop/programs/golang/easy_tiktok(2)/easy_tiktok/cmd/favorite_service/dal/db/favorite.go:134	æ•°æ®åº“è·å–è§†é¢‘è¯„è®ºæ•°å¤±è´¥
[RZ-WORK-FLOW]2023/02/24 - 07:27:54.565	[34minfo[0m	C:/Users/withsky/Desktop/programs/golang/easy_tiktok(2)/easy_tiktok/cmd/favorite_service/handler.go:102	å–æ¶ˆç‚¹èµæœåŠ¡æˆåŠŸ
[RZ-WORK-FLOW]2023/02/24 - 07:27:54.831	[34minfo[0m	C:/Users/withsky/Desktop/programs/golang/easy_tiktok(2)/easy_tiktok/cmd/favorite_service/handler.go:81	å–œæ¬¢åˆ—è¡¨
[RZ-WORK-FLOW]2023/02/24 - 07:27:54.956	[31merror[0m	C:/Users/withsky/Desktop/programs/golang/easy_tiktok(2)/easy_tiktok/cmd/favorite_service/dal/db/favorite.go:134	æ•°æ®åº“è·å–è§†é¢‘è¯„è®ºæ•°å¤±è´¥
[RZ-WORK-FLOW]2023/02/24 - 07:27:54.956	[34minfo[0m	C:/Users/withsky/Desktop/programs/golang/easy_tiktok(2)/easy_tiktok/cmd/favorite_service/handler.go:102	å–æ¶ˆç‚¹èµæœåŠ¡æˆåŠŸ
[RZ-WORK-FLOW]2023/02/24 - 07:27:55.267	[34minfo[0m	C:/Users/withsky/Desktop/programs/golang/easy_tiktok(2)/easy_tiktok/cmd/favorite_service/handler.go:81	å–œæ¬¢åˆ—è¡¨
[RZ-WORK-FLOW]2023/02/24 - 07:27:55.376	[31merror[0m	C:/Users/withsky/Desktop/programs/golang/easy_tiktok(2)/easy_tiktok/cmd/favorite_service/dal/db/favorite.go:134	æ•°æ®åº“è·å–è§†é¢‘è¯„è®ºæ•°å¤±è´¥
[RZ-WORK-FLOW]2023/02/24 - 07:27:55.376	[34minfo[0m	C:/Users/withsky/Desktop/programs/golang/easy_tiktok(2)/easy_tiktok/cmd/favorite_service/handler.go:102	å–æ¶ˆç‚¹èµæœåŠ¡æˆåŠŸ
[RZ-WORK-FLOW]2023/02/24 - 07:27:57.259	[34minfo[0m	C:/Users/withsky/Desktop/programs/golang/easy_tiktok(2)/easy_tiktok/cmd/favorite_service/handler.go:81	å–œæ¬¢åˆ—è¡¨
[RZ-WORK-FLOW]2023/02/24 - 07:27:57.394	[31merror[0m	C:/Users/withsky/Desktop/programs/golang/easy_tiktok(2)/easy_tiktok/cmd/favorite_service/dal/db/favorite.go:134	æ•°æ®åº“è·å–è§†é¢‘è¯„è®ºæ•°å¤±è´¥
[RZ-WORK-FLOW]2023/02/24 - 07:27:57.394	[34minfo[0m	C:/Users/withsky/Desktop/programs/golang/easy_tiktok(2)/easy_tiktok/cmd/favorite_service/handler.go:102	å–æ¶ˆç‚¹èµæœåŠ¡æˆåŠŸ
[RZ-WORK-FLOW]2023/02/24 - 07:27:58.103	[34minfo[0m	C:/Users/withsky/Desktop/programs/golang/easy_tiktok(2)/easy_tiktok/cmd/favorite_service/handler.go:81	å–œæ¬¢åˆ—è¡¨
[RZ-WORK-FLOW]2023/02/24 - 07:27:58.216	[31merror[0m	C:/Users/withsky/Desktop/programs/golang/easy_tiktok(2)/easy_tiktok/cmd/favorite_service/dal/db/favorite.go:134	æ•°æ®åº“è·å–è§†é¢‘è¯„è®ºæ•°å¤±è´¥
[RZ-WORK-FLOW]2023/02/24 - 07:27:58.216	[34minfo[0m	C:/Users/withsky/Desktop/programs/golang/easy_tiktok(2)/easy_tiktok/cmd/favorite_service/handler.go:102	å–æ¶ˆç‚¹èµæœåŠ¡æˆåŠŸ
[RZ-WORK-FLOW]2023/02/24 - 07:27:58.221	[34minfo[0m	C:/Users/withsky/Desktop/programs/golang/easy_tiktok(2)/easy_tiktok/cmd/favorite_service/handler.go:81	å–œæ¬¢åˆ—è¡¨
[RZ-WORK-FLOW]2023/02/24 - 07:27:58.336	[31merror[0m	C:/Users/withsky/Desktop/programs/golang/easy_tiktok(2)/easy_tiktok/cmd/favorite_service/dal/db/favorite.go:134	æ•°æ®åº“è·å–è§†é¢‘è¯„è®ºæ•°å¤±è´¥
[RZ-WORK-FLOW]2023/02/24 - 07:27:58.336	[34minfo[0m	C:/Users/withsky/Desktop/programs/golang/easy_tiktok(2)/easy_tiktok/cmd/favorite_service/handler.go:102	å–æ¶ˆç‚¹èµæœåŠ¡æˆåŠŸ
[RZ-WORK-FLOW]2023/02/24 - 07:28:00.106	[34minfo[0m	C:/Users/withsky/Desktop/programs/golang/easy_tiktok(2)/easy_tiktok/cmd/favorite_service/handler.go:81	å–œæ¬¢åˆ—è¡¨
[RZ-WORK-FLOW]2023/02/24 - 07:28:00.190	[31merror[0m	C:/Users/withsky/Desktop/programs/golang/easy_tiktok(2)/easy_tiktok/cmd/favorite_service/dal/db/favorite.go:134	æ•°æ®åº“è·å–è§†é¢‘è¯„è®ºæ•°å¤±è´¥
[RZ-WORK-FLOW]2023/02/24 - 07:28:00.190	[34minfo[0m	C:/Users/withsky/Desktop/programs/golang/easy_tiktok(2)/easy_tiktok/cmd/favorite_service/handler.go:102	å–æ¶ˆç‚¹èµæœåŠ¡æˆåŠŸ
[RZ-WORK-FLOW]2023/02/24 - 07:28:46.268	[34minfo[0m	C:/Users/withsky/Desktop/programs/golang/easy_tiktok(2)/easy_tiktok/cmd/favorite_service/handler.go:81	å–œæ¬¢åˆ—è¡¨
[RZ-WORK-FLOW]2023/02/24 - 07:28:46.363	[31merror[0m	C:/Users/withsky/Desktop/programs/golang/easy_tiktok(2)/easy_tiktok/cmd/favorite_service/dal/db/favorite.go:134	æ•°æ®åº“è·å–è§†é¢‘è¯„è®ºæ•°å¤±è´¥
[RZ-WORK-FLOW]2023/02/24 - 07:28:46.363	[34minfo[0m	C:/Users/withsky/Desktop/programs/golang/easy_tiktok(2)/easy_tiktok/cmd/favorite_service/handler.go:102	å–æ¶ˆç‚¹èµæœåŠ¡æˆåŠŸ
[RZ-WORK-FLOW]2023/02/24 - 07:28:47.150	[34minfo[0m	C:/Users/withsky/Desktop/programs/golang/easy_tiktok(2)/easy_tiktok/cmd/favorite_service/handler.go:81	å–œæ¬¢åˆ—è¡¨
[RZ-WORK-FLOW]2023/02/24 - 07:28:47.268	[31merror[0m	C:/Users/withsky/Desktop/programs/golang/easy_tiktok(2)/easy_tiktok/cmd/favorite_service/dal/db/favorite.go:134	æ•°æ®åº“è·å–è§†é¢‘è¯„è®ºæ•°å¤±è´¥
[RZ-WORK-FLOW]2023/02/24 - 07:28:47.268	[34minfo[0m	C:/Users/withsky/Desktop/programs/golang/easy_tiktok(2)/easy_tiktok/cmd/favorite_service/handler.go:102	å–æ¶ˆç‚¹èµæœåŠ¡æˆåŠŸ
[RZ-WORK-FLOW]2023/02/24 - 07:28:48.033	[34minfo[0m	C:/Users/withsky/Desktop/programs/golang/easy_tiktok(2)/easy_tiktok/cmd/favorite_service/handler.go:81	å–œæ¬¢åˆ—è¡¨
[RZ-WORK-FLOW]2023/02/24 - 07:28:48.129	[31merror[0m	C:/Users/withsky/Desktop/programs/golang/easy_tiktok(2)/easy_tiktok/cmd/favorite_service/dal/db/favorite.go:134	æ•°æ®åº“è·å–è§†é¢‘è¯„è®ºæ•°å¤±è´¥
[RZ-WORK-FLOW]2023/02/24 - 07:28:48.129	[34minfo[0m	C:/Users/withsky/Desktop/programs/golang/easy_tiktok(2)/easy_tiktok/cmd/favorite_service/handler.go:102	å–æ¶ˆç‚¹èµæœåŠ¡æˆåŠŸ
[RZ-WORK-FLOW]2023/02/24 - 07:28:49.101	[34minfo[0m	C:/Users/withsky/Desktop/programs/golang/easy_tiktok(2)/easy_tiktok/cmd/favorite_service/handler.go:81	å–œæ¬¢åˆ—è¡¨
[RZ-WORK-FLOW]2023/02/24 - 07:28:49.209	[31merror[0m	C:/Users/withsky/Desktop/programs/golang/easy_tiktok(2)/easy_tiktok/cmd/favorite_service/dal/db/favorite.go:134	æ•°æ®åº“è·å–è§†é¢‘è¯„è®ºæ•°å¤±è´¥
[RZ-WORK-FLOW]2023/02/24 - 07:28:49.209	[34minfo[0m	C:/Users/withsky/Desktop/programs/golang/easy_tiktok(2)/easy_tiktok/cmd/favorite_service/handler.go:102	å–æ¶ˆç‚¹èµæœåŠ¡æˆåŠŸ
[RZ-WORK-FLOW]2023/02/24 - 07:28:49.833	[34minfo[0m	C:/Users/withsky/Desktop/programs/golang/easy_tiktok(2)/easy_tiktok/cmd/favorite_service/handler.go:81	å–œæ¬¢åˆ—è¡¨
[RZ-WORK-FLOW]2023/02/24 - 07:28:49.953	[31merror[0m	C:/Users/withsky/Desktop/programs/golang/easy_tiktok(2)/easy_tiktok/cmd/favorite_service/dal/db/favorite.go:134	æ•°æ®åº“è·å–è§†é¢‘è¯„è®ºæ•°å¤±è´¥
[RZ-WORK-FLOW]2023/02/24 - 07:28:49.953	[34minfo[0m	C:/Users/withsky/Desktop/programs/golang/easy_tiktok(2)/easy_tiktok/cmd/favorite_service/handler.go:102	å–æ¶ˆç‚¹èµæœåŠ¡æˆåŠŸ
[RZ-WORK-FLOW]2023/02/24 - 07:28:52.891	[34minfo[0m	C:/Users/withsky/Desktop/programs/golang/easy_tiktok(2)/easy_tiktok/cmd/favorite_service/handler.go:81	å–œæ¬¢åˆ—è¡¨
[RZ-WORK-FLOW]2023/02/24 - 07:28:53.003	[31merror[0m	C:/Users/withsky/Desktop/programs/golang/easy_tiktok(2)/easy_tiktok/cmd/favorite_service/dal/db/favorite.go:134	æ•°æ®åº“è·å–è§†é¢‘è¯„è®ºæ•°å¤±è´¥
[RZ-WORK-FLOW]2023/02/24 - 07:28:53.003	[34minfo[0m	C:/Users/withsky/Desktop/programs/golang/easy_tiktok(2)/easy_tiktok/cmd/favorite_service/handler.go:102	å–æ¶ˆç‚¹èµæœåŠ¡æˆåŠŸ
[RZ-WORK-FLOW]2023/02/24 - 07:29:21.587	[34minfo[0m	C:/Users/withsky/Desktop/programs/golang/easy_tiktok(2)/easy_tiktok/cmd/favorite_service/handler.go:81	å–œæ¬¢åˆ—è¡¨
[RZ-WORK-FLOW]2023/02/24 - 07:29:21.683	[31merror[0m	C:/Users/withsky/Desktop/programs/golang/easy_tiktok(2)/easy_tiktok/cmd/favorite_service/dal/db/favorite.go:134	æ•°æ®åº“è·å–è§†é¢‘è¯„è®ºæ•°å¤±è´¥
[RZ-WORK-FLOW]2023/02/24 - 07:29:21.683	[34minfo[0m	C:/Users/withsky/Desktop/programs/golang/easy_tiktok(2)/easy_tiktok/cmd/favorite_service/handler.go:102	å–æ¶ˆç‚¹èµæœåŠ¡æˆåŠŸ
[RZ-WORK-FLOW]2023/02/24 - 07:29:22.186	[34minfo[0m	C:/Users/withsky/Desktop/programs/golang/easy_tiktok(2)/easy_tiktok/cmd/favorite_service/handler.go:81	å–œæ¬¢åˆ—è¡¨
[RZ-WORK-FLOW]2023/02/24 - 07:29:22.282	[31merror[0m	C:/Users/withsky/Desktop/programs/golang/easy_tiktok(2)/easy_tiktok/cmd/favorite_service/dal/db/favorite.go:134	æ•°æ®åº“è·å–è§†é¢‘è¯„è®ºæ•°å¤±è´¥
[RZ-WORK-FLOW]2023/02/24 - 07:29:22.282	[34minfo[0m	C:/Users/withsky/Desktop/programs/golang/easy_tiktok(2)/easy_tiktok/cmd/favorite_service/handler.go:102	å–æ¶ˆç‚¹èµæœåŠ¡æˆåŠŸ
[RZ-WORK-FLOW]2023/02/24 - 07:29:24.372	[34minfo[0m	C:/Users/withsky/Desktop/programs/golang/easy_tiktok(2)/easy_tiktok/cmd/favorite_service/handler.go:81	å–œæ¬¢åˆ—è¡¨
[RZ-WORK-FLOW]2023/02/24 - 07:29:24.530	[31merror[0m	C:/Users/withsky/Desktop/programs/golang/easy_tiktok(2)/easy_tiktok/cmd/favorite_service/dal/db/favorite.go:134	æ•°æ®åº“è·å–è§†é¢‘è¯„è®ºæ•°å¤±è´¥
[RZ-WORK-FLOW]2023/02/24 - 07:29:24.530	[34minfo[0m	C:/Users/withsky/Desktop/programs/golang/easy_tiktok(2)/easy_tiktok/cmd/favorite_service/handler.go:102	å–æ¶ˆç‚¹èµæœåŠ¡æˆåŠŸ
[RZ-WORK-FLOW]2023/02/24 - 07:29:24.715	[34minfo[0m	C:/Users/withsky/Desktop/programs/golang/easy_tiktok(2)/easy_tiktok/cmd/favorite_service/handler.go:81	å–œæ¬¢åˆ—è¡¨
[RZ-WORK-FLOW]2023/02/24 - 07:29:24.749	[34minfo[0m	C:/Users/withsky/Desktop/programs/golang/easy_tiktok(2)/easy_tiktok/cmd/favorite_service/handler.go:81	å–œæ¬¢åˆ—è¡¨
[RZ-WORK-FLOW]2023/02/24 - 07:29:24.838	[31merror[0m	C:/Users/withsky/Desktop/programs/golang/easy_tiktok(2)/easy_tiktok/cmd/favorite_service/dal/db/favorite.go:134	æ•°æ®åº“è·å–è§†é¢‘è¯„è®ºæ•°å¤±è´¥
[RZ-WORK-FLOW]2023/02/24 - 07:29:24.838	[34minfo[0m	C:/Users/withsky/Desktop/programs/golang/easy_tiktok(2)/easy_tiktok/cmd/favorite_service/handler.go:102	å–æ¶ˆç‚¹èµæœåŠ¡æˆåŠŸ
[RZ-WORK-FLOW]2023/02/24 - 07:29:24.866	[31merror[0m	C:/Users/withsky/Desktop/programs/golang/easy_tiktok(2)/easy_tiktok/cmd/favorite_service/dal/db/favorite.go:134	æ•°æ®åº“è·å–è§†é¢‘è¯„è®ºæ•°å¤±è´¥
[RZ-WORK-FLOW]2023/02/24 - 07:29:24.866	[34minfo[0m	C:/Users/withsky/Desktop/programs/golang/easy_tiktok(2)/easy_tiktok/cmd/favorite_service/handler.go:102	å–æ¶ˆç‚¹èµæœåŠ¡æˆåŠŸ
[RZ-WORK-FLOW]2023/02/24 - 07:29:25.508	[34minfo[0m	C:/Users/withsky/Desktop/programs/golang/easy_tiktok(2)/easy_tiktok/cmd/favorite_service/handler.go:81	å–œæ¬¢åˆ—è¡¨
[RZ-WORK-FLOW]2023/02/24 - 07:29:25.606	[31merror[0m	C:/Users/withsky/Desktop/programs/golang/easy_tiktok(2)/easy_tiktok/cmd/favorite_service/dal/db/favorite.go:134	æ•°æ®åº“è·å–è§†é¢‘è¯„è®ºæ•°å¤±è´¥
[RZ-WORK-FLOW]2023/02/24 - 07:29:25.606	[34minfo[0m	C:/Users/withsky/Desktop/programs/golang/easy_tiktok(2)/easy_tiktok/cmd/favorite_service/handler.go:102	å–æ¶ˆç‚¹èµæœåŠ¡æˆåŠŸ
[RZ-WORK-FLOW]2023/02/24 - 07:29:27.991	[34minfo[0m	C:/Users/withsky/Desktop/programs/golang/easy_tiktok(2)/easy_tiktok/cmd/favorite_service/handler.go:81	å–œæ¬¢åˆ—è¡¨
[RZ-WORK-FLOW]2023/02/24 - 07:29:28.129	[31merror[0m	C:/Users/withsky/Desktop/programs/golang/easy_tiktok(2)/easy_tiktok/cmd/favorite_service/dal/db/favorite.go:134	æ•°æ®åº“è·å–è§†é¢‘è¯„è®ºæ•°å¤±è´¥
[RZ-WORK-FLOW]2023/02/24 - 07:29:28.130	[34minfo[0m	C:/Users/withsky/Desktop/programs/golang/easy_tiktok(2)/easy_tiktok/cmd/favorite_service/handler.go:102	å–æ¶ˆç‚¹èµæœåŠ¡æˆåŠŸ
[RZ-WORK-FLOW]2023/02/24 - 07:29:30.286	[34minfo[0m	C:/Users/withsky/Desktop/programs/golang/easy_tiktok(2)/easy_tiktok/cmd/favorite_service/handler.go:81	å–œæ¬¢åˆ—è¡¨
[RZ-WORK-FLOW]2023/02/24 - 07:29:30.390	[31merror[0m	C:/Users/withsky/Desktop/programs/golang/easy_tiktok(2)/easy_tiktok/cmd/favorite_service/dal/db/favorite.go:134	æ•°æ®åº“è·å–è§†é¢‘è¯„è®ºæ•°å¤±è´¥
[RZ-WORK-FLOW]2023/02/24 - 07:29:30.390	[34minfo[0m	C:/Users/withsky/Desktop/programs/golang/easy_tiktok(2)/easy_tiktok/cmd/favorite_service/handler.go:102	å–æ¶ˆç‚¹èµæœåŠ¡æˆåŠŸ
[RZ-WORK-FLOW]2023/02/24 - 07:30:23.223	[34minfo[0m	C:/Users/withsky/Desktop/programs/golang/easy_tiktok(2)/easy_tiktok/cmd/favorite_service/handler.go:81	å–œæ¬¢åˆ—è¡¨
[RZ-WORK-FLOW]2023/02/24 - 07:30:23.328	[31merror[0m	C:/Users/withsky/Desktop/programs/golang/easy_tiktok(2)/easy_tiktok/cmd/favorite_service/dal/db/favorite.go:134	æ•°æ®åº“è·å–è§†é¢‘è¯„è®ºæ•°å¤±è´¥
[RZ-WORK-FLOW]2023/02/24 - 07:30:23.328	[34minfo[0m	C:/Users/withsky/Desktop/programs/golang/easy_tiktok(2)/easy_tiktok/cmd/favorite_service/handler.go:102	å–æ¶ˆç‚¹èµæœåŠ¡æˆåŠŸ
[RZ-WORK-FLOW]2023/02/24 - 07:30:24.359	[34minfo[0m	C:/Users/withsky/Desktop/programs/golang/easy_tiktok(2)/easy_tiktok/cmd/favorite_service/handler.go:81	å–œæ¬¢åˆ—è¡¨
[RZ-WORK-FLOW]2023/02/24 - 07:30:24.469	[31merror[0m	C:/Users/withsky/Desktop/programs/golang/easy_tiktok(2)/easy_tiktok/cmd/favorite_service/dal/db/favorite.go:134	æ•°æ®åº“è·å–è§†é¢‘è¯„è®ºæ•°å¤±è´¥
[RZ-WORK-FLOW]2023/02/24 - 07:30:24.469	[34minfo[0m	C:/Users/withsky/Desktop/programs/golang/easy_tiktok(2)/easy_tiktok/cmd/favorite_service/handler.go:102	å–æ¶ˆç‚¹èµæœåŠ¡æˆåŠŸ
[RZ-WORK-FLOW]2023/02/24 - 07:30:26.138	[34minfo[0m	C:/Users/withsky/Desktop/programs/golang/easy_tiktok(2)/easy_tiktok/cmd/favorite_service/handler.go:81	å–œæ¬¢åˆ—è¡¨
[RZ-WORK-FLOW]2023/02/24 - 07:30:26.248	[31merror[0m	C:/Users/withsky/Desktop/programs/golang/easy_tiktok(2)/easy_tiktok/cmd/favorite_service/dal/db/favorite.go:134	æ•°æ®åº“è·å–è§†é¢‘è¯„è®ºæ•°å¤±è´¥
[RZ-WORK-FLOW]2023/02/24 - 07:30:26.248	[34minfo[0m	C:/Users/withsky/Desktop/programs/golang/easy_tiktok(2)/easy_tiktok/cmd/favorite_service/handler.go:102	å–æ¶ˆç‚¹èµæœåŠ¡æˆåŠŸ
[RZ-WORK-FLOW]2023/02/24 - 07:30:26.531	[34minfo[0m	C:/Users/withsky/Desktop/programs/golang/easy_tiktok(2)/easy_tiktok/cmd/favorite_service/handler.go:81	å–œæ¬¢åˆ—è¡¨
[RZ-WORK-FLOW]2023/02/24 - 07:30:26.701	[31merror[0m	C:/Users/withsky/Desktop/programs/golang/easy_tiktok(2)/easy_tiktok/cmd/favorite_service/dal/db/favorite.go:134	æ•°æ®åº“è·å–è§†é¢‘è¯„è®ºæ•°å¤±è´¥
[RZ-WORK-FLOW]2023/02/24 - 07:30:26.701	[34minfo[0m	C:/Users/withsky/Desktop/programs/golang/easy_tiktok(2)/easy_tiktok/cmd/favorite_service/handler.go:102	å–æ¶ˆç‚¹èµæœåŠ¡æˆåŠŸ
[RZ-WORK-FLOW]2023/02/24 - 07:30:27.648	[34minfo[0m	C:/Users/withsky/Desktop/programs/golang/easy_tiktok(2)/easy_tiktok/cmd/favorite_service/handler.go:81	å–œæ¬¢åˆ—è¡¨
[RZ-WORK-FLOW]2023/02/24 - 07:30:27.758	[31merror[0m	C:/Users/withsky/Desktop/programs/golang/easy_tiktok(2)/easy_tiktok/cmd/favorite_service/dal/db/favorite.go:134	æ•°æ®åº“è·å–è§†é¢‘è¯„è®ºæ•°å¤±è´¥
[RZ-WORK-FLOW]2023/02/24 - 07:30:27.758	[34minfo[0m	C:/Users/withsky/Desktop/programs/golang/easy_tiktok(2)/easy_tiktok/cmd/favorite_service/handler.go:102	å–æ¶ˆç‚¹èµæœåŠ¡æˆåŠŸ
[RZ-WORK-FLOW]2023/02/24 - 07:30:28.048	[34minfo[0m	C:/Users/withsky/Desktop/programs/golang/easy_tiktok(2)/easy_tiktok/cmd/favorite_service/handler.go:81	å–œæ¬¢åˆ—è¡¨
[RZ-WORK-FLOW]2023/02/24 - 07:30:28.187	[31merror[0m	C:/Users/withsky/Desktop/programs/golang/easy_tiktok(2)/easy_tiktok/cmd/favorite_service/dal/db/favorite.go:134	æ•°æ®åº“è·å–è§†é¢‘è¯„è®ºæ•°å¤±è´¥
[RZ-WORK-FLOW]2023/02/24 - 07:30:28.187	[34minfo[0m	C:/Users/withsky/Desktop/programs/golang/easy_tiktok(2)/easy_tiktok/cmd/favorite_service/handler.go:102	å–æ¶ˆç‚¹èµæœåŠ¡æˆåŠŸ
[RZ-WORK-FLOW]2023/02/24 - 07:30:28.889	[34minfo[0m	C:/Users/withsky/Desktop/programs/golang/easy_tiktok(2)/easy_tiktok/cmd/favorite_service/handler.go:81	å–œæ¬¢åˆ—è¡¨
[RZ-WORK-FLOW]2023/02/24 - 07:30:29.008	[31merror[0m	C:/Users/withsky/Desktop/programs/golang/easy_tiktok(2)/easy_tiktok/cmd/favorite_service/dal/db/favorite.go:134	æ•°æ®åº“è·å–è§†é¢‘è¯„è®ºæ•°å¤±è´¥
[RZ-WORK-FLOW]2023/02/24 - 07:30:29.008	[34minfo[0m	C:/Users/withsky/Desktop/programs/golang/easy_tiktok(2)/easy_tiktok/cmd/favorite_service/handler.go:102	å–æ¶ˆç‚¹èµæœåŠ¡æˆåŠŸ
[RZ-WORK-FLOW]2023/02/24 - 07:30:31.983	[34minfo[0m	C:/Users/withsky/Desktop/programs/golang/easy_tiktok(2)/easy_tiktok/cmd/favorite_service/handler.go:81	å–œæ¬¢åˆ—è¡¨
[RZ-WORK-FLOW]2023/02/24 - 07:30:32.129	[31merror[0m	C:/Users/withsky/Desktop/programs/golang/easy_tiktok(2)/easy_tiktok/cmd/favorite_service/dal/db/favorite.go:134	æ•°æ®åº“è·å–è§†é¢‘è¯„è®ºæ•°å¤±è´¥
[RZ-WORK-FLOW]2023/02/24 - 07:30:32.129	[34minfo[0m	C:/Users/withsky/Desktop/programs/golang/easy_tiktok(2)/easy_tiktok/cmd/favorite_service/handler.go:102	å–æ¶ˆç‚¹èµæœåŠ¡æˆåŠŸ
[RZ-WORK-FLOW]2023/02/24 - 07:30:48.005	[34minfo[0m	C:/Users/withsky/Desktop/programs/golang/easy_tiktok(2)/easy_tiktok/cmd/favorite_service/handler.go:81	å–œæ¬¢åˆ—è¡¨
[RZ-WORK-FLOW]2023/02/24 - 07:30:48.089	[31merror[0m	C:/Users/withsky/Desktop/programs/golang/easy_tiktok(2)/easy_tiktok/cmd/favorite_service/dal/db/favorite.go:134	æ•°æ®åº“è·å–è§†é¢‘è¯„è®ºæ•°å¤±è´¥
[RZ-WORK-FLOW]2023/02/24 - 07:30:48.089	[34minfo[0m	C:/Users/withsky/Desktop/programs/golang/easy_tiktok(2)/easy_tiktok/cmd/favorite_service/handler.go:102	å–æ¶ˆç‚¹èµæœåŠ¡æˆåŠŸ
[RZ-WORK-FLOW]2023/02/24 - 07:30:51.908	[34minfo[0m	C:/Users/withsky/Desktop/programs/golang/easy_tiktok(2)/easy_tiktok/cmd/favorite_service/handler.go:81	å–œæ¬¢åˆ—è¡¨
[RZ-WORK-FLOW]2023/02/24 - 07:30:52.047	[31merror[0m	C:/Users/withsky/Desktop/programs/golang/easy_tiktok(2)/easy_tiktok/cmd/favorite_service/dal/db/favorite.go:134	æ•°æ®åº“è·å–è§†é¢‘è¯„è®ºæ•°å¤±è´¥
[RZ-WORK-FLOW]2023/02/24 - 07:30:52.048	[34minfo[0m	C:/Users/withsky/Desktop/programs/golang/easy_tiktok(2)/easy_tiktok/cmd/favorite_service/handler.go:102	å–æ¶ˆç‚¹èµæœåŠ¡æˆåŠŸ
[RZ-WORK-FLOW]2023/02/24 - 07:31:33.825	[34minfo[0m	C:/Users/withsky/Desktop/programs/golang/easy_tiktok(2)/easy_tiktok/cmd/favorite_service/handler.go:81	å–œæ¬¢åˆ—è¡¨
[RZ-WORK-FLOW]2023/02/24 - 07:31:33.967	[31merror[0m	C:/Users/withsky/Desktop/programs/golang/easy_tiktok(2)/easy_tiktok/cmd/favorite_service/dal/db/favorite.go:134	æ•°æ®åº“è·å–è§†é¢‘è¯„è®ºæ•°å¤±è´¥
[RZ-WORK-FLOW]2023/02/24 - 07:31:33.967	[34minfo[0m	C:/Users/withsky/Desktop/programs/golang/easy_tiktok(2)/easy_tiktok/cmd/favorite_service/handler.go:102	å–æ¶ˆç‚¹èµæœåŠ¡æˆåŠŸ
[RZ-WORK-FLOW]2023/02/24 - 07:32:13.321	[34minfo[0m	C:/Users/withsky/Desktop/programs/golang/easy_tiktok(2)/easy_tiktok/cmd/favorite_service/handler.go:81	å–œæ¬¢åˆ—è¡¨
[RZ-WORK-FLOW]2023/02/24 - 07:32:13.494	[31merror[0m	C:/Users/withsky/Desktop/programs/golang/easy_tiktok(2)/easy_tiktok/cmd/favorite_service/dal/db/favorite.go:134	æ•°æ®åº“è·å–è§†é¢‘è¯„è®ºæ•°å¤±è´¥
[RZ-WORK-FLOW]2023/02/24 - 07:32:13.494	[34minfo[0m	C:/Users/withsky/Desktop/programs/golang/easy_tiktok(2)/easy_tiktok/cmd/favorite_service/handler.go:102	å–æ¶ˆç‚¹èµæœåŠ¡æˆåŠŸ
[RZ-WORK-FLOW]2023/02/24 - 07:32:37.223	[34minfo[0m	C:/Users/withsky/Desktop/programs/golang/easy_tiktok(2)/easy_tiktok/cmd/favorite_service/handler.go:81	å–œæ¬¢åˆ—è¡¨
[RZ-WORK-FLOW]2023/02/24 - 07:32:37.330	[31merror[0m	C:/Users/withsky/Desktop/programs/golang/easy_tiktok(2)/easy_tiktok/cmd/favorite_service/dal/db/favorite.go:134	æ•°æ®åº“è·å–è§†é¢‘è¯„è®ºæ•°å¤±è´¥
[RZ-WORK-FLOW]2023/02/24 - 07:32:37.330	[34minfo[0m	C:/Users/withsky/Desktop/programs/golang/easy_tiktok(2)/easy_tiktok/cmd/favorite_service/handler.go:102	å–æ¶ˆç‚¹èµæœåŠ¡æˆåŠŸ
[RZ-WORK-FLOW]2023/02/24 - 07:32:38.973	[34minfo[0m	C:/Users/withsky/Desktop/programs/golang/easy_tiktok(2)/easy_tiktok/cmd/favorite_service/handler.go:81	å–œæ¬¢åˆ—è¡¨
[RZ-WORK-FLOW]2023/02/24 - 07:32:39.115	[31merror[0m	C:/Users/withsky/Desktop/programs/golang/easy_tiktok(2)/easy_tiktok/cmd/favorite_service/dal/db/favorite.go:134	æ•°æ®åº“è·å–è§†é¢‘è¯„è®ºæ•°å¤±è´¥
[RZ-WORK-FLOW]2023/02/24 - 07:32:39.115	[34minfo[0m	C:/Users/withsky/Desktop/programs/golang/easy_tiktok(2)/easy_tiktok/cmd/favorite_service/handler.go:102	å–æ¶ˆç‚¹èµæœåŠ¡æˆåŠŸ
[RZ-WORK-FLOW]2023/02/24 - 07:32:42.288	[34minfo[0m	C:/Users/withsky/Desktop/programs/golang/easy_tiktok(2)/easy_tiktok/cmd/favorite_service/handler.go:81	å–œæ¬¢åˆ—è¡¨
[RZ-WORK-FLOW]2023/02/24 - 07:32:42.405	[31merror[0m	C:/Users/withsky/Desktop/programs/golang/easy_tiktok(2)/easy_tiktok/cmd/favorite_service/dal/db/favorite.go:134	æ•°æ®åº“è·å–è§†é¢‘è¯„è®ºæ•°å¤±è´¥
[RZ-WORK-FLOW]2023/02/24 - 07:32:42.405	[34minfo[0m	C:/Users/withsky/Desktop/programs/golang/easy_tiktok(2)/easy_tiktok/cmd/favorite_service/handler.go:102	å–æ¶ˆç‚¹èµæœåŠ¡æˆåŠŸ
[RZ-WORK-FLOW]2023/02/24 - 07:32:45.414	[34minfo[0m	C:/Users/withsky/Desktop/programs/golang/easy_tiktok(2)/easy_tiktok/cmd/favorite_service/handler.go:81	å–œæ¬¢åˆ—è¡¨
[RZ-WORK-FLOW]2023/02/24 - 07:32:45.565	[31merror[0m	C:/Users/withsky/Desktop/programs/golang/easy_tiktok(2)/easy_tiktok/cmd/favorite_service/dal/db/favorite.go:134	æ•°æ®åº“è·å–è§†é¢‘è¯„è®ºæ•°å¤±è´¥
[RZ-WORK-FLOW]2023/02/24 - 07:32:45.565	[34minfo[0m	C:/Users/withsky/Desktop/programs/golang/easy_tiktok(2)/easy_tiktok/cmd/favorite_service/handler.go:102	å–æ¶ˆç‚¹èµæœåŠ¡æˆåŠŸ
[RZ-WORK-FLOW]2023/02/24 - 07:32:46.463	[34minfo[0m	C:/Users/withsky/Desktop/programs/golang/easy_tiktok(2)/easy_tiktok/cmd/favorite_service/handler.go:81	å–œæ¬¢åˆ—è¡¨
[RZ-WORK-FLOW]2023/02/24 - 07:32:46.565	[31merror[0m	C:/Users/withsky/Desktop/programs/golang/easy_tiktok(2)/easy_tiktok/cmd/favorite_service/dal/db/favorite.go:134	æ•°æ®åº“è·å–è§†é¢‘è¯„è®ºæ•°å¤±è´¥
[RZ-WORK-FLOW]2023/02/24 - 07:32:46.565	[34minfo[0m	C:/Users/withsky/Desktop/programs/golang/easy_tiktok(2)/easy_tiktok/cmd/favorite_service/handler.go:102	å–æ¶ˆç‚¹èµæœåŠ¡æˆåŠŸ
[RZ-WORK-FLOW]2023/02/24 - 09:54:46.746	[34minfo[0m	C:/Users/withsky/Desktop/programs/golang/easy_tiktok(2)/easy_tiktok/cmd/favorite_service/main.go:43	test
[RZ-WORK-FLOW]2023/02/24 - 09:56:42.914	[34minfo[0m	C:/Users/withsky/Desktop/programs/golang/easy_tiktok(2)/easy_tiktok/cmd/favorite_service/handler.go:81	å–œæ¬¢åˆ—è¡¨
[RZ-WORK-FLOW]2023/02/24 - 09:56:43.032	[31merror[0m	C:/Users/withsky/Desktop/programs/golang/easy_tiktok(2)/easy_tiktok/cmd/favorite_service/dal/db/favorite.go:134	æ•°æ®åº“è·å–è§†é¢‘è¯„è®ºæ•°å¤±è´¥
[RZ-WORK-FLOW]2023/02/24 - 09:56:43.032	[34minfo[0m	C:/Users/withsky/Desktop/programs/golang/easy_tiktok(2)/easy_tiktok/cmd/favorite_service/handler.go:102	å–æ¶ˆç‚¹èµæœåŠ¡æˆåŠŸ
[RZ-WORK-FLOW]2023/02/24 - 09:56:43.799	[34minfo[0m	C:/Users/withsky/Desktop/programs/golang/easy_tiktok(2)/easy_tiktok/cmd/favorite_service/handler.go:81	å–œæ¬¢åˆ—è¡¨
[RZ-WORK-FLOW]2023/02/24 - 09:56:43.885	[31merror[0m	C:/Users/withsky/Desktop/programs/golang/easy_tiktok(2)/easy_tiktok/cmd/favorite_service/dal/db/favorite.go:134	æ•°æ®åº“è·å–è§†é¢‘è¯„è®ºæ•°å¤±è´¥
[RZ-WORK-FLOW]2023/02/24 - 09:56:43.885	[34minfo[0m	C:/Users/withsky/Desktop/programs/golang/easy_tiktok(2)/easy_tiktok/cmd/favorite_service/handler.go:102	å–æ¶ˆç‚¹èµæœåŠ¡æˆåŠŸ
[RZ-WORK-FLOW]2023/02/24 - 09:56:46.566	[34minfo[0m	C:/Users/withsky/Desktop/programs/golang/easy_tiktok(2)/easy_tiktok/cmd/favorite_service/handler.go:18	ç‚¹èµæœåŠ¡
[RZ-WORK-FLOW]2023/02/24 - 09:56:46.566	[34minfo[0m	C:/Users/withsky/Desktop/programs/golang/easy_tiktok(2)/easy_tiktok/cmd/favorite_service/handler.go:36	å¼€å§‹è°ƒç”¨æœåŠ¡
[RZ-WORK-FLOW]2023/02/24 - 09:56:46.567	[31merror[0m	C:/Users/withsky/Desktop/programs/golang/easy_tiktok(2)/easy_tiktok/cmd/favorite_service/dal/db/favorite.go:67	æ•°æ®åº“
[RZ-WORK-FLOW]2023/02/24 - 09:56:47.032	[34minfo[0m	C:/Users/withsky/Desktop/programs/golang/easy_tiktok(2)/easy_tiktok/cmd/favorite_service/handler.go:39	ç‚¹èµæœåŠ¡æˆåŠŸ
[RZ-WORK-FLOW]2023/02/24 - 09:58:41.338	[34minfo[0m	C:/Users/withsky/Desktop/programs/golang/easy_tiktok(2)/easy_tiktok/cmd/favorite_service/handler.go:81	å–œæ¬¢åˆ—è¡¨
[RZ-WORK-FLOW]2023/02/24 - 09:58:41.449	[31merror[0m	C:/Users/withsky/Desktop/programs/golang/easy_tiktok(2)/easy_tiktok/cmd/favorite_service/dal/db/favorite.go:134	æ•°æ®åº“è·å–è§†é¢‘è¯„è®ºæ•°å¤±è´¥
[RZ-WORK-FLOW]2023/02/24 - 09:58:41.528	[31merror[0m	C:/Users/withsky/Desktop/programs/golang/easy_tiktok(2)/easy_tiktok/cmd/favorite_service/dal/db/favorite.go:142	æ•°æ®åº“è·å–è§†é¢‘è¯„è®ºæ•°å¤±è´¥
[RZ-WORK-FLOW]2023/02/24 - 09:58:41.607	[31merror[0m	C:/Users/withsky/Desktop/programs/golang/easy_tiktok(2)/easy_tiktok/cmd/favorite_service/dal/db/favorite.go:150	æ•°æ®åº“è·å–è§†é¢‘è¯„è®ºæ•°å¤±è´¥
[RZ-WORK-FLOW]2023/02/24 - 09:58:41.689	[31merror[0m	C:/Users/withsky/Desktop/programs/golang/easy_tiktok(2)/easy_tiktok/cmd/favorite_service/dal/db/favorite.go:159	æ•°æ®åº“è·å–è§†é¢‘è¯„è®ºæ•°å¤±è´¥
[RZ-WORK-FLOW]2023/02/24 - 09:58:41.807	[31merror[0m	C:/Users/withsky/Desktop/programs/golang/easy_tiktok(2)/easy_tiktok/cmd/favorite_service/dal/db/favorite.go:134	æ•°æ®åº“è·å–è§†é¢‘è¯„è®ºæ•°å¤±è´¥
[RZ-WORK-FLOW]2023/02/24 - 09:58:41.807	[34minfo[0m	C:/Users/withsky/Desktop/programs/golang/easy_tiktok(2)/easy_tiktok/cmd/favorite_service/handler.go:102	å–æ¶ˆç‚¹èµæœåŠ¡æˆåŠŸ
[RZ-WORK-FLOW]2023/02/24 - 10:02:23.531	[34minfo[0m	C:/Users/withsky/Desktop/programs/golang/easy_tiktok(2)/easy_tiktok/cmd/favorite_service/handler.go:81	å–œæ¬¢åˆ—è¡¨
[RZ-WORK-FLOW]2023/02/24 - 10:02:23.660	[31merror[0m	C:/Users/withsky/Desktop/programs/golang/easy_tiktok(2)/easy_tiktok/cmd/favorite_service/dal/db/favorite.go:134	æ•°æ®åº“è·å–è§†é¢‘è¯„è®ºæ•°å¤±è´¥
[RZ-WORK-FLOW]2023/02/24 - 10:02:23.740	[31merror[0m	C:/Users/withsky/Desktop/programs/golang/easy_tiktok(2)/easy_tiktok/cmd/favorite_service/dal/db/favorite.go:142	æ•°æ®åº“è·å–è§†é¢‘è¯„è®ºæ•°å¤±è´¥
[RZ-WORK-FLOW]2023/02/24 - 10:02:23.819	[31merror[0m	C:/Users/withsky/Desktop/programs/golang/easy_tiktok(2)/easy_tiktok/cmd/favorite_service/dal/db/favorite.go:150	æ•°æ®åº“è·å–è§†é¢‘è¯„è®ºæ•°å¤±è´¥
[RZ-WORK-FLOW]2023/02/24 - 10:02:23.899	[31merror[0m	C:/Users/withsky/Desktop/programs/golang/easy_tiktok(2)/easy_tiktok/cmd/favorite_service/dal/db/favorite.go:159	æ•°æ®åº“è·å–è§†é¢‘è¯„è®ºæ•°å¤±è´¥
[RZ-WORK-FLOW]2023/02/24 - 10:02:23.984	[31merror[0m	C:/Users/withsky/Desktop/programs/golang/easy_tiktok(2)/easy_tiktok/cmd/favorite_service/dal/db/favorite.go:134	æ•°æ®åº“è·å–è§†é¢‘è¯„è®ºæ•°å¤±è´¥
[RZ-WORK-FLOW]2023/02/24 - 10:02:23.984	[34minfo[0m	C:/Users/withsky/Desktop/programs/golang/easy_tiktok(2)/easy_tiktok/cmd/favorite_service/handler.go:102	å–æ¶ˆç‚¹èµæœåŠ¡æˆåŠŸ
[RZ-WORK-FLOW]2023/02/24 - 10:03:12.576	[34minfo[0m	C:/Users/withsky/Desktop/programs/golang/easy_tiktok(2)/easy_tiktok/cmd/favorite_service/handler.go:81	å–œæ¬¢åˆ—è¡¨
[RZ-WORK-FLOW]2023/02/24 - 10:03:12.674	[31merror[0m	C:/Users/withsky/Desktop/programs/golang/easy_tiktok(2)/easy_tiktok/cmd/favorite_service/dal/db/favorite.go:134	æ•°æ®åº“è·å–è§†é¢‘è¯„è®ºæ•°å¤±è´¥
[RZ-WORK-FLOW]2023/02/24 - 10:03:12.794	[31merror[0m	C:/Users/withsky/Desktop/programs/golang/easy_tiktok(2)/easy_tiktok/cmd/favorite_service/dal/db/favorite.go:142	æ•°æ®åº“è·å–è§†é¢‘è¯„è®ºæ•°å¤±è´¥
[RZ-WORK-FLOW]2023/02/24 - 10:03:12.875	[31merror[0m	C:/Users/withsky/Desktop/programs/golang/easy_tiktok(2)/easy_tiktok/cmd/favorite_service/dal/db/favorite.go:150	æ•°æ®åº“è·å–è§†é¢‘è¯„è®ºæ•°å¤±è´¥
[RZ-WORK-FLOW]2023/02/24 - 10:03:12.978	[31merror[0m	C:/Users/withsky/Desktop/programs/golang/easy_tiktok(2)/easy_tiktok/cmd/favorite_service/dal/db/favorite.go:159	æ•°æ®åº“è·å–è§†é¢‘è¯„è®ºæ•°å¤±è´¥
[RZ-WORK-FLOW]2023/02/24 - 10:03:13.098	[31merror[0m	C:/Users/withsky/Desktop/programs/golang/easy_tiktok(2)/easy_tiktok/cmd/favorite_service/dal/db/favorite.go:134	æ•°æ®åº“è·å–è§†é¢‘è¯„è®ºæ•°å¤±è´¥
[RZ-WORK-FLOW]2023/02/24 - 10:03:13.098	[34minfo[0m	C:/Users/withsky/Desktop/programs/golang/easy_tiktok(2)/easy_tiktok/cmd/favorite_service/handler.go:102	å–æ¶ˆç‚¹èµæœåŠ¡æˆåŠŸ
[RZ-WORK-FLOW]2023/02/24 - 10:15:17.234	[34minfo[0m	C:/Users/withsky/Desktop/programs/golang/easy_tiktok(2)/easy_tiktok/cmd/favorite_service/handler.go:81	å–œæ¬¢åˆ—è¡¨
[RZ-WORK-FLOW]2023/02/24 - 10:15:17.341	[31merror[0m	C:/Users/withsky/Desktop/programs/golang/easy_tiktok(2)/easy_tiktok/cmd/favorite_service/dal/db/favorite.go:134	æ•°æ®åº“è·å–è§†é¢‘è¯„è®ºæ•°å¤±è´¥
[RZ-WORK-FLOW]2023/02/24 - 10:15:17.447	[31merror[0m	C:/Users/withsky/Desktop/programs/golang/easy_tiktok(2)/easy_tiktok/cmd/favorite_service/dal/db/favorite.go:142	æ•°æ®åº“è·å–è§†é¢‘è¯„è®ºæ•°å¤±è´¥
[RZ-WORK-FLOW]2023/02/24 - 10:15:17.561	[31merror[0m	C:/Users/withsky/Desktop/programs/golang/easy_tiktok(2)/easy_tiktok/cmd/favorite_service/dal/db/favorite.go:150	æ•°æ®åº“è·å–è§†é¢‘è¯„è®ºæ•°å¤±è´¥
[RZ-WORK-FLOW]2023/02/24 - 10:15:17.661	[31merror[0m	C:/Users/withsky/Desktop/programs/golang/easy_tiktok(2)/easy_tiktok/cmd/favorite_service/dal/db/favorite.go:159	æ•°æ®åº“è·å–è§†é¢‘è¯„è®ºæ•°å¤±è´¥
[RZ-WORK-FLOW]2023/02/24 - 10:15:17.765	[31merror[0m	C:/Users/withsky/Desktop/programs/golang/easy_tiktok(2)/easy_tiktok/cmd/favorite_service/dal/db/favorite.go:134	æ•°æ®åº“è·å–è§†é¢‘è¯„è®ºæ•°å¤±è´¥
[RZ-WORK-FLOW]2023/02/24 - 10:15:17.766	[34minfo[0m	C:/Users/withsky/Desktop/programs/golang/easy_tiktok(2)/easy_tiktok/cmd/favorite_service/handler.go:102	å–æ¶ˆç‚¹èµæœåŠ¡æˆåŠŸ
[RZ-WORK-FLOW]2023/02/24 - 10:22:23.212	[34minfo[0m	C:/Users/withsky/Desktop/programs/golang/easy_tiktok(2)/easy_tiktok/cmd/favorite_service/handler.go:81	å–œæ¬¢åˆ—è¡¨
[RZ-WORK-FLOW]2023/02/24 - 10:22:23.319	[31merror[0m	C:/Users/withsky/Desktop/programs/golang/easy_tiktok(2)/easy_tiktok/cmd/favorite_service/dal/db/favorite.go:134	æ•°æ®åº“è·å–è§†é¢‘è¯„è®ºæ•°å¤±è´¥
[RZ-WORK-FLOW]2023/02/24 - 10:22:23.418	[31merror[0m	C:/Users/withsky/Desktop/programs/golang/easy_tiktok(2)/easy_tiktok/cmd/favorite_service/dal/db/favorite.go:142	æ•°æ®åº“è·å–è§†é¢‘è¯„è®ºæ•°å¤±è´¥
[RZ-WORK-FLOW]2023/02/24 - 10:22:23.518	[31merror[0m	C:/Users/withsky/Desktop/programs/golang/easy_tiktok(2)/easy_tiktok/cmd/favorite_service/dal/db/favorite.go:150	æ•°æ®åº“è·å–è§†é¢‘è¯„è®ºæ•°å¤±è´¥
[RZ-WORK-FLOW]2023/02/24 - 10:22:23.638	[31merror[0m	C:/Users/withsky/Desktop/programs/golang/easy_tiktok(2)/easy_tiktok/cmd/favorite_service/dal/db/favorite.go:159	æ•°æ®åº“è·å–è§†é¢‘è¯„è®ºæ•°å¤±è´¥
[RZ-WORK-FLOW]2023/02/24 - 10:22:23.720	[31merror[0m	C:/Users/withsky/Desktop/programs/golang/easy_tiktok(2)/easy_tiktok/cmd/favorite_service/dal/db/favorite.go:134	æ•°æ®åº“è·å–è§†é¢‘è¯„è®ºæ•°å¤±è´¥
[RZ-WORK-FLOW]2023/02/24 - 10:22:23.720	[34minfo[0m	C:/Users/withsky/Desktop/programs/golang/easy_tiktok(2)/easy_tiktok/cmd/favorite_service/handler.go:102	å–æ¶ˆç‚¹èµæœåŠ¡æˆåŠŸ
[RZ-WORK-FLOW]2023/02/24 - 10:40:28.165	[34minfo[0m	C:/Users/withsky/Desktop/programs/golang/easy_tiktok(2)/easy_tiktok/cmd/favorite_service/handler.go:81	å–œæ¬¢åˆ—è¡¨
[RZ-WORK-FLOW]2023/02/24 - 10:40:28.504	[31merror[0m	C:/Users/withsky/Desktop/programs/golang/easy_tiktok(2)/easy_tiktok/cmd/favorite_service/dal/db/favorite.go:134	æ•°æ®åº“è·å–è§†é¢‘è¯„è®ºæ•°å¤±è´¥
[RZ-WORK-FLOW]2023/02/24 - 10:40:28.504	[34minfo[0m	C:/Users/withsky/Desktop/programs/golang/easy_tiktok(2)/easy_tiktok/cmd/favorite_service/handler.go:102	å–æ¶ˆç‚¹èµæœåŠ¡æˆåŠŸ
[RZ-WORK-FLOW]2023/02/24 - 11:24:11.522	[34minfo[0m	C:/Users/withsky/Desktop/programs/golang/easy_tiktok(2)/easy_tiktok/cmd/favorite_service/handler.go:81	å–œæ¬¢åˆ—è¡¨
[RZ-WORK-FLOW]2023/02/24 - 11:24:11.616	[31merror[0m	C:/Users/withsky/Desktop/programs/golang/easy_tiktok(2)/easy_tiktok/cmd/favorite_service/dal/db/favorite.go:134	æ•°æ®åº“è·å–è§†é¢‘è¯„è®ºæ•°å¤±è´¥
[RZ-WORK-FLOW]2023/02/24 - 11:24:11.616	[34minfo[0m	C:/Users/withsky/Desktop/programs/golang/easy_tiktok(2)/easy_tiktok/cmd/favorite_service/handler.go:102	å–æ¶ˆç‚¹èµæœåŠ¡æˆåŠŸ
[RZ-WORK-FLOW]2023/02/24 - 11:24:12.969	[34minfo[0m	C:/Users/withsky/Desktop/programs/golang/easy_tiktok(2)/easy_tiktok/cmd/favorite_service/handler.go:81	å–œæ¬¢åˆ—è¡¨
[RZ-WORK-FLOW]2023/02/24 - 11:24:13.088	[31merror[0m	C:/Users/withsky/Desktop/programs/golang/easy_tiktok(2)/easy_tiktok/cmd/favorite_service/dal/db/favorite.go:134	æ•°æ®åº“è·å–è§†é¢‘è¯„è®ºæ•°å¤±è´¥
[RZ-WORK-FLOW]2023/02/24 - 11:24:13.088	[34minfo[0m	C:/Users/withsky/Desktop/programs/golang/easy_tiktok(2)/easy_tiktok/cmd/favorite_service/handler.go:102	å–æ¶ˆç‚¹èµæœåŠ¡æˆåŠŸ
[RZ-WORK-FLOW]2023/02/24 - 11:24:17.606	[34minfo[0m	C:/Users/withsky/Desktop/programs/golang/easy_tiktok(2)/easy_tiktok/cmd/favorite_service/handler.go:81	å–œæ¬¢åˆ—è¡¨
[RZ-WORK-FLOW]2023/02/24 - 11:24:17.691	[31merror[0m	C:/Users/withsky/Desktop/programs/golang/easy_tiktok(2)/easy_tiktok/cmd/favorite_service/dal/db/favorite.go:134	æ•°æ®åº“è·å–è§†é¢‘è¯„è®ºæ•°å¤±è´¥
[RZ-WORK-FLOW]2023/02/24 - 11:24:17.691	[34minfo[0m	C:/Users/withsky/Desktop/programs/golang/easy_tiktok(2)/easy_tiktok/cmd/favorite_service/handler.go:102	å–æ¶ˆç‚¹èµæœåŠ¡æˆåŠŸ
[RZ-WORK-FLOW]2023/02/24 - 11:24:30.238	[34minfo[0m	C:/Users/withsky/Desktop/programs/golang/easy_tiktok(2)/easy_tiktok/cmd/favorite_service/handler.go:81	å–œæ¬¢åˆ—è¡¨
[RZ-WORK-FLOW]2023/02/24 - 11:24:30.376	[31merror[0m	C:/Users/withsky/Desktop/programs/golang/easy_tiktok(2)/easy_tiktok/cmd/favorite_service/dal/db/favorite.go:134	æ•°æ®åº“è·å–è§†é¢‘è¯„è®ºæ•°å¤±è´¥
[RZ-WORK-FLOW]2023/02/24 - 11:24:30.376	[34minfo[0m	C:/Users/withsky/Desktop/programs/golang/easy_tiktok(2)/easy_tiktok/cmd/favorite_service/handler.go:102	å–æ¶ˆç‚¹èµæœåŠ¡æˆåŠŸ
