[RZ-WORK-FLOW]2023/02/23 - 14:36:27.939	[34minfo[0m	C:/Users/withsky/Desktop/programs/golang/xdream_tiktok/cmd/favorite_service/main.go:40	test
[RZ-WORK-FLOW]2023/02/23 - 14:46:50.372	[34minfo[0m	C:/Users/withsky/Desktop/programs/golang/xdream_tiktok/cmd/favorite_service/main.go:40	test
[RZ-WORK-FLOW]2023/02/23 - 15:11:38.052	[34minfo[0m	C:/Users/withsky/Desktop/programs/golang/xdream_tiktok/cmd/favorite_service/handler.go:18	ç‚¹èµæœåŠ¡
[RZ-WORK-FLOW]2023/02/23 - 15:11:44.251	[34minfo[0m	C:/Users/withsky/Desktop/programs/golang/xdream_tiktok/cmd/favorite_service/handler.go:18	ç‚¹èµæœåŠ¡
[RZ-WORK-FLOW]2023/02/23 - 15:13:52.117	[34minfo[0m	C:/Users/withsky/Desktop/programs/golang/xdream_tiktok/cmd/favorite_service/main.go:40	test
[RZ-WORK-FLOW]2023/02/23 - 15:13:56.922	[34minfo[0m	C:/Users/withsky/Desktop/programs/golang/xdream_tiktok/cmd/favorite_service/handler.go:18	ç‚¹èµæœåŠ¡
[RZ-WORK-FLOW]2023/02/23 - 15:13:56.923	[34minfo[0m	C:/Users/withsky/Desktop/programs/golang/xdream_tiktok/cmd/favorite_service/handler.go:36	å¼€å§‹è°ƒç”¨æœåŠ¡
[RZ-WORK-FLOW]2023/02/23 - 15:15:04.725	[34minfo[0m	C:/Users/withsky/Desktop/programs/golang/xdream_tiktok/cmd/favorite_service/main.go:40	test
[RZ-WORK-FLOW]2023/02/23 - 15:15:07.115	[34minfo[0m	C:/Users/withsky/Desktop/programs/golang/xdream_tiktok/cmd/favorite_service/handler.go:18	ç‚¹èµæœåŠ¡
[RZ-WORK-FLOW]2023/02/23 - 15:15:07.115	[34minfo[0m	C:/Users/withsky/Desktop/programs/golang/xdream_tiktok/cmd/favorite_service/handler.go:36	å¼€å§‹è°ƒç”¨æœåŠ¡
[RZ-WORK-FLOW]2023/02/23 - 15:15:07.115	[31merror[0m	C:/Users/withsky/Desktop/programs/golang/xdream_tiktok/cmd/favorite_service/handler.go:39	ç‚¹èµæœåŠ¡æˆåŠŸ
[RZ-WORK-FLOW]2023/02/23 - 15:18:50.432	[34minfo[0m	C:/Users/withsky/Desktop/programs/golang/xdream_tiktok/cmd/favorite_service/main.go:40	test
[RZ-WORK-FLOW]2023/02/23 - 15:19:02.679	[34minfo[0m	C:/Users/withsky/Desktop/programs/golang/xdream_tiktok/cmd/favorite_service/handler.go:18	ç‚¹èµæœåŠ¡
[RZ-WORK-FLOW]2023/02/23 - 15:19:02.679	[34minfo[0m	C:/Users/withsky/Desktop/programs/golang/xdream_tiktok/cmd/favorite_service/handler.go:36	å¼€å§‹è°ƒç”¨æœåŠ¡
[RZ-WORK-FLOW]2023/02/23 - 15:21:22.704	[34minfo[0m	C:/Users/withsky/Desktop/programs/golang/xdream_tiktok/cmd/favorite_service/main.go:40	test
[RZ-WORK-FLOW]2023/02/23 - 15:21:27.645	[34minfo[0m	C:/Users/withsky/Desktop/programs/golang/xdream_tiktok/cmd/favorite_service/handler.go:18	ç‚¹èµæœåŠ¡
[RZ-WORK-FLOW]2023/02/23 - 15:21:27.645	[34minfo[0m	C:/Users/withsky/Desktop/programs/golang/xdream_tiktok/cmd/favorite_service/handler.go:36	å¼€å§‹è°ƒç”¨æœåŠ¡
[RZ-WORK-FLOW]2023/02/23 - 15:21:27.645	[31merror[0m	C:/Users/withsky/Desktop/programs/golang/xdream_tiktok/cmd/favorite_service/dal/db/favorite.go:67	æ•°æ®åº“
[RZ-WORK-FLOW]2023/02/23 - 19:52:58.458	[34minfo[0m	C:/Users/withsky/Desktop/programs/golang/xdream_tiktok/cmd/favorite_service/main.go:40	test
[RZ-WORK-FLOW]2023/02/23 - 19:53:09.606	[34minfo[0m	C:/Users/withsky/Desktop/programs/golang/xdream_tiktok/cmd/favorite_service/handler.go:18	ç‚¹èµæœåŠ¡
[RZ-WORK-FLOW]2023/02/23 - 19:53:09.606	[34minfo[0m	C:/Users/withsky/Desktop/programs/golang/xdream_tiktok/cmd/favorite_service/handler.go:36	å¼€å§‹è°ƒç”¨æœåŠ¡
[RZ-WORK-FLOW]2023/02/23 - 19:53:09.607	[31merror[0m	C:/Users/withsky/Desktop/programs/golang/xdream_tiktok/cmd/favorite_service/dal/db/favorite.go:67	æ•°æ®åº“
[RZ-WORK-FLOW]2023/02/23 - 19:53:11.948	[34minfo[0m	C:/Users/withsky/Desktop/programs/golang/xdream_tiktok/cmd/favorite_service/handler.go:18	ç‚¹èµæœåŠ¡
[RZ-WORK-FLOW]2023/02/23 - 19:53:11.948	[34minfo[0m	C:/Users/withsky/Desktop/programs/golang/xdream_tiktok/cmd/favorite_service/handler.go:36	å¼€å§‹è°ƒç”¨æœåŠ¡
[RZ-WORK-FLOW]2023/02/23 - 19:53:11.948	[31merror[0m	C:/Users/withsky/Desktop/programs/golang/xdream_tiktok/cmd/favorite_service/dal/db/favorite.go:67	æ•°æ®åº“
[RZ-WORK-FLOW]2023/02/23 - 19:57:25.715	[34minfo[0m	C:/Users/withsky/Desktop/programs/golang/xdream_tiktok/cmd/favorite_service/main.go:40	test
[RZ-WORK-FLOW]2023/02/23 - 19:58:35.551	[34minfo[0m	C:/Users/withsky/Desktop/programs/golang/xdream_tiktok/cmd/favorite_service/handler.go:18	ç‚¹èµæœåŠ¡
[RZ-WORK-FLOW]2023/02/23 - 19:58:35.551	[34minfo[0m	C:/Users/withsky/Desktop/programs/golang/xdream_tiktok/cmd/favorite_service/handler.go:36	å¼€å§‹è°ƒç”¨æœåŠ¡
[RZ-WORK-FLOW]2023/02/23 - 19:58:35.551	[31merror[0m	C:/Users/withsky/Desktop/programs/golang/xdream_tiktok/cmd/favorite_service/dal/db/favorite.go:67	æ•°æ®åº“
[RZ-WORK-FLOW]2023/02/23 - 20:00:02.236	[34minfo[0m	C:/Users/withsky/Desktop/programs/golang/xdream_tiktok/cmd/favorite_service/main.go:40	test
[RZ-WORK-FLOW]2023/02/23 - 20:00:06.256	[34minfo[0m	C:/Users/withsky/Desktop/programs/golang/xdream_tiktok/cmd/favorite_service/handler.go:18	ç‚¹èµæœåŠ¡
[RZ-WORK-FLOW]2023/02/23 - 20:00:06.256	[34minfo[0m	C:/Users/withsky/Desktop/programs/golang/xdream_tiktok/cmd/favorite_service/handler.go:36	å¼€å§‹è°ƒç”¨æœåŠ¡
[RZ-WORK-FLOW]2023/02/23 - 20:00:06.256	[31merror[0m	C:/Users/withsky/Desktop/programs/golang/xdream_tiktok/cmd/favorite_service/dal/db/favorite.go:67	æ•°æ®åº“
[RZ-WORK-FLOW]2023/02/23 - 20:01:52.182	[34minfo[0m	C:/Users/withsky/Desktop/programs/golang/xdream_tiktok/cmd/favorite_service/main.go:40	test
[RZ-WORK-FLOW]2023/02/23 - 20:01:55.987	[34minfo[0m	C:/Users/withsky/Desktop/programs/golang/xdream_tiktok/cmd/favorite_service/handler.go:18	ç‚¹èµæœåŠ¡
[RZ-WORK-FLOW]2023/02/23 - 20:01:55.988	[34minfo[0m	C:/Users/withsky/Desktop/programs/golang/xdream_tiktok/cmd/favorite_service/handler.go:36	å¼€å§‹è°ƒç”¨æœåŠ¡
[RZ-WORK-FLOW]2023/02/23 - 20:01:55.988	[31merror[0m	C:/Users/withsky/Desktop/programs/golang/xdream_tiktok/cmd/favorite_service/dal/db/favorite.go:68	æ•°æ®åº“
[RZ-WORK-FLOW]2023/02/23 - 20:02:57.775	[34minfo[0m	C:/Users/withsky/Desktop/programs/golang/xdream_tiktok/cmd/favorite_service/main.go:40	test
[RZ-WORK-FLOW]2023/02/23 - 20:03:03.240	[34minfo[0m	C:/Users/withsky/Desktop/programs/golang/xdream_tiktok/cmd/favorite_service/handler.go:18	ç‚¹èµæœåŠ¡
[RZ-WORK-FLOW]2023/02/23 - 20:03:03.240	[34minfo[0m	C:/Users/withsky/Desktop/programs/golang/xdream_tiktok/cmd/favorite_service/handler.go:36	å¼€å§‹è°ƒç”¨æœåŠ¡
[RZ-WORK-FLOW]2023/02/23 - 20:03:03.240	[31merror[0m	C:/Users/withsky/Desktop/programs/golang/xdream_tiktok/cmd/favorite_service/dal/db/favorite.go:68	æ•°æ®åº“
[RZ-WORK-FLOW]2023/02/23 - 20:03:18.679	[34minfo[0m	C:/Users/withsky/Desktop/programs/golang/xdream_tiktok/cmd/favorite_service/main.go:40	test
[RZ-WORK-FLOW]2023/02/23 - 20:03:23.708	[34minfo[0m	C:/Users/withsky/Desktop/programs/golang/xdream_tiktok/cmd/favorite_service/handler.go:18	ç‚¹èµæœåŠ¡
[RZ-WORK-FLOW]2023/02/23 - 20:03:23.709	[34minfo[0m	C:/Users/withsky/Desktop/programs/golang/xdream_tiktok/cmd/favorite_service/handler.go:36	å¼€å§‹è°ƒç”¨æœåŠ¡
[RZ-WORK-FLOW]2023/02/23 - 20:03:23.709	[31merror[0m	C:/Users/withsky/Desktop/programs/golang/xdream_tiktok/cmd/favorite_service/dal/db/favorite.go:68	æ•°æ®åº“
[RZ-WORK-FLOW]2023/02/23 - 20:03:30.358	[34minfo[0m	C:/Users/withsky/Desktop/programs/golang/xdream_tiktok/cmd/favorite_service/handler.go:18	ç‚¹èµæœåŠ¡
[RZ-WORK-FLOW]2023/02/23 - 20:03:30.358	[34minfo[0m	C:/Users/withsky/Desktop/programs/golang/xdream_tiktok/cmd/favorite_service/handler.go:36	å¼€å§‹è°ƒç”¨æœåŠ¡
[RZ-WORK-FLOW]2023/02/23 - 20:03:30.358	[31merror[0m	C:/Users/withsky/Desktop/programs/golang/xdream_tiktok/cmd/favorite_service/dal/db/favorite.go:68	æ•°æ®åº“
[RZ-WORK-FLOW]2023/02/23 - 20:06:18.698	[34minfo[0m	C:/Users/withsky/Desktop/programs/golang/xdream_tiktok/cmd/favorite_service/main.go:40	test
[RZ-WORK-FLOW]2023/02/23 - 20:06:31.237	[34minfo[0m	C:/Users/withsky/Desktop/programs/golang/xdream_tiktok/cmd/favorite_service/handler.go:18	ç‚¹èµæœåŠ¡
[RZ-WORK-FLOW]2023/02/23 - 20:06:31.237	[34minfo[0m	C:/Users/withsky/Desktop/programs/golang/xdream_tiktok/cmd/favorite_service/handler.go:36	å¼€å§‹è°ƒç”¨æœåŠ¡
[RZ-WORK-FLOW]2023/02/23 - 20:06:31.237	[31merror[0m	C:/Users/withsky/Desktop/programs/golang/xdream_tiktok/cmd/favorite_service/dal/db/favorite.go:68	æ•°æ®åº“
[RZ-WORK-FLOW]2023/02/23 - 20:06:31.238	[34minfo[0m	C:/Users/withsky/Desktop/programs/golang/xdream_tiktok/cmd/favorite_service/handler.go:39	ç‚¹èµæœåŠ¡æˆåŠŸ
[RZ-WORK-FLOW]2023/02/23 - 20:07:20.931	[34minfo[0m	C:/Users/withsky/Desktop/programs/golang/xdream_tiktok/cmd/favorite_service/handler.go:18	ç‚¹èµæœåŠ¡
[RZ-WORK-FLOW]2023/02/23 - 20:07:20.931	[34minfo[0m	C:/Users/withsky/Desktop/programs/golang/xdream_tiktok/cmd/favorite_service/handler.go:36	å¼€å§‹è°ƒç”¨æœåŠ¡
[RZ-WORK-FLOW]2023/02/23 - 20:07:20.931	[31merror[0m	C:/Users/withsky/Desktop/programs/golang/xdream_tiktok/cmd/favorite_service/dal/db/favorite.go:68	æ•°æ®åº“
[RZ-WORK-FLOW]2023/02/23 - 20:07:20.931	[34minfo[0m	C:/Users/withsky/Desktop/programs/golang/xdream_tiktok/cmd/favorite_service/handler.go:39	ç‚¹èµæœåŠ¡æˆåŠŸ
[RZ-WORK-FLOW]2023/02/23 - 20:07:53.778	[34minfo[0m	C:/Users/withsky/Desktop/programs/golang/xdream_tiktok/cmd/favorite_service/main.go:40	test
[RZ-WORK-FLOW]2023/02/23 - 20:07:56.863	[34minfo[0m	C:/Users/withsky/Desktop/programs/golang/xdream_tiktok/cmd/favorite_service/handler.go:18	ç‚¹èµæœåŠ¡
[RZ-WORK-FLOW]2023/02/23 - 20:07:56.863	[34minfo[0m	C:/Users/withsky/Desktop/programs/golang/xdream_tiktok/cmd/favorite_service/handler.go:36	å¼€å§‹è°ƒç”¨æœåŠ¡
[RZ-WORK-FLOW]2023/02/23 - 20:07:56.863	[31merror[0m	C:/Users/withsky/Desktop/programs/golang/xdream_tiktok/cmd/favorite_service/dal/db/favorite.go:68	æ•°æ®åº“
[RZ-WORK-FLOW]2023/02/23 - 20:07:58.678	[34minfo[0m	C:/Users/withsky/Desktop/programs/golang/xdream_tiktok/cmd/favorite_service/handler.go:18	ç‚¹èµæœåŠ¡
[RZ-WORK-FLOW]2023/02/23 - 20:07:58.678	[34minfo[0m	C:/Users/withsky/Desktop/programs/golang/xdream_tiktok/cmd/favorite_service/handler.go:36	å¼€å§‹è°ƒç”¨æœåŠ¡
[RZ-WORK-FLOW]2023/02/23 - 20:07:58.679	[31merror[0m	C:/Users/withsky/Desktop/programs/golang/xdream_tiktok/cmd/favorite_service/dal/db/favorite.go:68	æ•°æ®åº“
[RZ-WORK-FLOW]2023/02/23 - 20:07:59.522	[34minfo[0m	C:/Users/withsky/Desktop/programs/golang/xdream_tiktok/cmd/favorite_service/handler.go:18	ç‚¹èµæœåŠ¡
[RZ-WORK-FLOW]2023/02/23 - 20:07:59.522	[34minfo[0m	C:/Users/withsky/Desktop/programs/golang/xdream_tiktok/cmd/favorite_service/handler.go:36	å¼€å§‹è°ƒç”¨æœåŠ¡
[RZ-WORK-FLOW]2023/02/23 - 20:07:59.523	[31merror[0m	C:/Users/withsky/Desktop/programs/golang/xdream_tiktok/cmd/favorite_service/dal/db/favorite.go:68	æ•°æ®åº“
[RZ-WORK-FLOW]2023/02/23 - 20:07:59.949	[34minfo[0m	C:/Users/withsky/Desktop/programs/golang/xdream_tiktok/cmd/favorite_service/handler.go:18	ç‚¹èµæœåŠ¡
[RZ-WORK-FLOW]2023/02/23 - 20:07:59.949	[34minfo[0m	C:/Users/withsky/Desktop/programs/golang/xdream_tiktok/cmd/favorite_service/handler.go:36	å¼€å§‹è°ƒç”¨æœåŠ¡
[RZ-WORK-FLOW]2023/02/23 - 20:07:59.950	[31merror[0m	C:/Users/withsky/Desktop/programs/golang/xdream_tiktok/cmd/favorite_service/dal/db/favorite.go:68	æ•°æ®åº“
[RZ-WORK-FLOW]2023/02/23 - 20:12:49.586	[34minfo[0m	C:/Users/withsky/Desktop/programs/golang/xdream_tiktok/cmd/favorite_service/main.go:40	test
[RZ-WORK-FLOW]2023/02/23 - 20:12:52.252	[34minfo[0m	C:/Users/withsky/Desktop/programs/golang/xdream_tiktok/cmd/favorite_service/handler.go:18	ç‚¹èµæœåŠ¡
[RZ-WORK-FLOW]2023/02/23 - 20:12:52.252	[34minfo[0m	C:/Users/withsky/Desktop/programs/golang/xdream_tiktok/cmd/favorite_service/handler.go:36	å¼€å§‹è°ƒç”¨æœåŠ¡
[RZ-WORK-FLOW]2023/02/23 - 20:12:52.252	[31merror[0m	C:/Users/withsky/Desktop/programs/golang/xdream_tiktok/cmd/favorite_service/dal/db/favorite.go:68	æ•°æ®åº“
[RZ-WORK-FLOW]2023/02/23 - 20:19:50.369	[34minfo[0m	C:/Users/withsky/Desktop/programs/golang/xdream_tiktok/cmd/favorite_service/main.go:40	test
[RZ-WORK-FLOW]2023/02/23 - 20:19:52.791	[34minfo[0m	C:/Users/withsky/Desktop/programs/golang/xdream_tiktok/cmd/favorite_service/handler.go:18	ç‚¹èµæœåŠ¡
[RZ-WORK-FLOW]2023/02/23 - 20:19:52.791	[34minfo[0m	C:/Users/withsky/Desktop/programs/golang/xdream_tiktok/cmd/favorite_service/handler.go:36	å¼€å§‹è°ƒç”¨æœåŠ¡
[RZ-WORK-FLOW]2023/02/23 - 20:19:52.792	[31merror[0m	C:/Users/withsky/Desktop/programs/golang/xdream_tiktok/cmd/favorite_service/dal/db/favorite.go:68	æ•°æ®åº“
[RZ-WORK-FLOW]2023/02/23 - 20:22:31.532	[34minfo[0m	C:/Users/withsky/Desktop/programs/golang/xdream_tiktok/cmd/favorite_service/main.go:40	test
[RZ-WORK-FLOW]2023/02/23 - 20:22:34.783	[34minfo[0m	C:/Users/withsky/Desktop/programs/golang/xdream_tiktok/cmd/favorite_service/handler.go:18	ç‚¹èµæœåŠ¡
[RZ-WORK-FLOW]2023/02/23 - 20:22:34.783	[34minfo[0m	C:/Users/withsky/Desktop/programs/golang/xdream_tiktok/cmd/favorite_service/handler.go:36	å¼€å§‹è°ƒç”¨æœåŠ¡
[RZ-WORK-FLOW]2023/02/23 - 20:22:34.783	[31merror[0m	C:/Users/withsky/Desktop/programs/golang/xdream_tiktok/cmd/favorite_service/dal/db/favorite.go:68	æ•°æ®åº“
[RZ-WORK-FLOW]2023/02/23 - 20:29:07.356	[34minfo[0m	C:/Users/withsky/Desktop/programs/golang/xdream_tiktok/cmd/favorite_service/main.go:42	test
[RZ-WORK-FLOW]2023/02/23 - 20:29:21.665	[34minfo[0m	C:/Users/withsky/Desktop/programs/golang/xdream_tiktok/cmd/favorite_service/main.go:42	test
[RZ-WORK-FLOW]2023/02/23 - 20:29:23.331	[34minfo[0m	C:/Users/withsky/Desktop/programs/golang/xdream_tiktok/cmd/favorite_service/handler.go:18	ç‚¹èµæœåŠ¡
[RZ-WORK-FLOW]2023/02/23 - 20:29:23.332	[34minfo[0m	C:/Users/withsky/Desktop/programs/golang/xdream_tiktok/cmd/favorite_service/handler.go:36	å¼€å§‹è°ƒç”¨æœåŠ¡
[RZ-WORK-FLOW]2023/02/23 - 20:29:23.332	[31merror[0m	C:/Users/withsky/Desktop/programs/golang/xdream_tiktok/cmd/favorite_service/dal/db/favorite.go:68	æ•°æ®åº“
[RZ-WORK-FLOW]2023/02/23 - 20:29:25.872	[34minfo[0m	C:/Users/withsky/Desktop/programs/golang/xdream_tiktok/cmd/favorite_service/handler.go:18	ç‚¹èµæœåŠ¡
[RZ-WORK-FLOW]2023/02/23 - 20:29:25.872	[34minfo[0m	C:/Users/withsky/Desktop/programs/golang/xdream_tiktok/cmd/favorite_service/handler.go:36	å¼€å§‹è°ƒç”¨æœåŠ¡
[RZ-WORK-FLOW]2023/02/23 - 20:29:25.873	[31merror[0m	C:/Users/withsky/Desktop/programs/golang/xdream_tiktok/cmd/favorite_service/dal/db/favorite.go:68	æ•°æ®åº“
[RZ-WORK-FLOW]2023/02/23 - 20:30:09.883	[34minfo[0m	C:/Users/withsky/Desktop/programs/golang/xdream_tiktok/cmd/favorite_service/main.go:42	test
[RZ-WORK-FLOW]2023/02/23 - 20:30:12.865	[34minfo[0m	C:/Users/withsky/Desktop/programs/golang/xdream_tiktok/cmd/favorite_service/handler.go:18	ç‚¹èµæœåŠ¡
[RZ-WORK-FLOW]2023/02/23 - 20:30:12.865	[34minfo[0m	C:/Users/withsky/Desktop/programs/golang/xdream_tiktok/cmd/favorite_service/handler.go:36	å¼€å§‹è°ƒç”¨æœåŠ¡
[RZ-WORK-FLOW]2023/02/23 - 20:30:12.865	[31merror[0m	C:/Users/withsky/Desktop/programs/golang/xdream_tiktok/cmd/favorite_service/dal/db/favorite.go:68	æ•°æ®åº“
[RZ-WORK-FLOW]2023/02/23 - 20:30:13.160	[34minfo[0m	C:/Users/withsky/Desktop/programs/golang/xdream_tiktok/cmd/favorite_service/handler.go:39	ç‚¹èµæœåŠ¡æˆåŠŸ
[RZ-WORK-FLOW]2023/02/23 - 20:55:17.659	[34minfo[0m	C:/Users/withsky/Desktop/programs/golang/xdream_tiktok/cmd/favorite_service/main.go:43	test
[RZ-WORK-FLOW]2023/02/23 - 22:02:45.770	[34minfo[0m	C:/Users/withsky/Desktop/programs/golang/xdream_tiktok/cmd/favorite_service/handler.go:18	ç‚¹èµæœåŠ¡
[RZ-WORK-FLOW]2023/02/23 - 22:02:45.770	[34minfo[0m	C:/Users/withsky/Desktop/programs/golang/xdream_tiktok/cmd/favorite_service/handler.go:36	å¼€å§‹è°ƒç”¨æœåŠ¡
[RZ-WORK-FLOW]2023/02/23 - 22:02:45.770	[31merror[0m	C:/Users/withsky/Desktop/programs/golang/xdream_tiktok/cmd/favorite_service/dal/db/favorite.go:67	æ•°æ®åº“
[RZ-WORK-FLOW]2023/02/23 - 22:02:46.022	[31merror[0m	C:/Users/withsky/Desktop/programs/golang/xdream_tiktok/cmd/favorite_service/dal/db/favorite.go:84	æ•°æ®åº“ä¿å­˜å¤±è´¥
[RZ-WORK-FLOW]2023/02/23 - 22:02:46.076	[31merror[0m	C:/Users/withsky/Desktop/programs/golang/xdream_tiktok/cmd/favorite_service/handler.go:42	ç‚¹èµæœåŠ¡å¤±è´¥
[RZ-WORK-FLOW]2023/02/23 - 22:03:59.177	[34minfo[0m	C:/Users/withsky/Desktop/programs/golang/xdream_tiktok/cmd/favorite_service/main.go:43	test
[RZ-WORK-FLOW]2023/02/23 - 22:04:04.041	[34minfo[0m	C:/Users/withsky/Desktop/programs/golang/xdream_tiktok/cmd/favorite_service/handler.go:18	ç‚¹èµæœåŠ¡
[RZ-WORK-FLOW]2023/02/23 - 22:04:04.042	[34minfo[0m	C:/Users/withsky/Desktop/programs/golang/xdream_tiktok/cmd/favorite_service/handler.go:36	å¼€å§‹è°ƒç”¨æœåŠ¡
[RZ-WORK-FLOW]2023/02/23 - 22:04:04.042	[31merror[0m	C:/Users/withsky/Desktop/programs/golang/xdream_tiktok/cmd/favorite_service/dal/db/favorite.go:67	æ•°æ®åº“
[RZ-WORK-FLOW]2023/02/23 - 22:04:05.440	[34minfo[0m	C:/Users/withsky/Desktop/programs/golang/xdream_tiktok/cmd/favorite_service/handler.go:39	ç‚¹èµæœåŠ¡æˆåŠŸ
[RZ-WORK-FLOW]2023/02/23 - 22:05:08.171	[34minfo[0m	C:/Users/withsky/Desktop/programs/golang/xdream_tiktok/cmd/favorite_service/main.go:43	test
[RZ-WORK-FLOW]2023/02/23 - 22:06:30.030	[34minfo[0m	C:/Users/withsky/Desktop/programs/golang/xdream_tiktok/cmd/favorite_service/handler.go:50	å–æ¶ˆç‚¹èµæœåŠ¡
[RZ-WORK-FLOW]2023/02/23 - 22:06:30.635	[34minfo[0m	C:/Users/withsky/Desktop/programs/golang/xdream_tiktok/cmd/favorite_service/handler.go:70	å–æ¶ˆç‚¹èµæœåŠ¡æˆåŠŸ
[RZ-WORK-FLOW]2023/02/23 - 22:06:39.081	[34minfo[0m	C:/Users/withsky/Desktop/programs/golang/xdream_tiktok/cmd/favorite_service/handler.go:18	ç‚¹èµæœåŠ¡
[RZ-WORK-FLOW]2023/02/23 - 22:06:39.081	[34minfo[0m	C:/Users/withsky/Desktop/programs/golang/xdream_tiktok/cmd/favorite_service/handler.go:36	å¼€å§‹è°ƒç”¨æœåŠ¡
[RZ-WORK-FLOW]2023/02/23 - 22:06:39.082	[31merror[0m	C:/Users/withsky/Desktop/programs/golang/xdream_tiktok/cmd/favorite_service/dal/db/favorite.go:67	æ•°æ®åº“
[RZ-WORK-FLOW]2023/02/23 - 22:06:39.772	[34minfo[0m	C:/Users/withsky/Desktop/programs/golang/xdream_tiktok/cmd/favorite_service/handler.go:39	ç‚¹èµæœåŠ¡æˆåŠŸ
[RZ-WORK-FLOW]2023/02/23 - 22:07:05.918	[34minfo[0m	C:/Users/withsky/Desktop/programs/golang/xdream_tiktok/cmd/favorite_service/handler.go:50	å–æ¶ˆç‚¹èµæœåŠ¡
[RZ-WORK-FLOW]2023/02/23 - 22:07:06.516	[34minfo[0m	C:/Users/withsky/Desktop/programs/golang/xdream_tiktok/cmd/favorite_service/handler.go:70	å–æ¶ˆç‚¹èµæœåŠ¡æˆåŠŸ
[RZ-WORK-FLOW]2023/02/23 - 22:07:16.252	[34minfo[0m	C:/Users/withsky/Desktop/programs/golang/xdream_tiktok/cmd/favorite_service/handler.go:18	ç‚¹èµæœåŠ¡
[RZ-WORK-FLOW]2023/02/23 - 22:07:16.252	[34minfo[0m	C:/Users/withsky/Desktop/programs/golang/xdream_tiktok/cmd/favorite_service/handler.go:36	å¼€å§‹è°ƒç”¨æœåŠ¡
[RZ-WORK-FLOW]2023/02/23 - 22:07:16.252	[31merror[0m	C:/Users/withsky/Desktop/programs/golang/xdream_tiktok/cmd/favorite_service/dal/db/favorite.go:67	æ•°æ®åº“
[RZ-WORK-FLOW]2023/02/23 - 22:07:16.840	[34minfo[0m	C:/Users/withsky/Desktop/programs/golang/xdream_tiktok/cmd/favorite_service/handler.go:39	ç‚¹èµæœåŠ¡æˆåŠŸ
[RZ-WORK-FLOW]2023/02/23 - 22:08:20.120	[34minfo[0m	C:/Users/withsky/Desktop/programs/golang/xdream_tiktok/cmd/favorite_service/handler.go:81	å–œæ¬¢åˆ—è¡¨
[RZ-WORK-FLOW]2023/02/23 - 22:08:20.243	[31merror[0m	C:/Users/withsky/Desktop/programs/golang/xdream_tiktok/cmd/favorite_service/dal/db/favorite.go:134	æ•°æ®åº“è·å–è§†é¢‘è¯„è®ºæ•°å¤±è´¥
[RZ-WORK-FLOW]2023/02/23 - 22:08:20.243	[34minfo[0m	C:/Users/withsky/Desktop/programs/golang/xdream_tiktok/cmd/favorite_service/handler.go:102	å–æ¶ˆç‚¹èµæœåŠ¡æˆåŠŸ
[RZ-WORK-FLOW]2023/02/23 - 22:08:20.707	[34minfo[0m	C:/Users/withsky/Desktop/programs/golang/xdream_tiktok/cmd/favorite_service/handler.go:81	å–œæ¬¢åˆ—è¡¨
[RZ-WORK-FLOW]2023/02/23 - 22:08:20.837	[31merror[0m	C:/Users/withsky/Desktop/programs/golang/xdream_tiktok/cmd/favorite_service/dal/db/favorite.go:134	æ•°æ®åº“è·å–è§†é¢‘è¯„è®ºæ•°å¤±è´¥
[RZ-WORK-FLOW]2023/02/23 - 22:08:20.837	[34minfo[0m	C:/Users/withsky/Desktop/programs/golang/xdream_tiktok/cmd/favorite_service/handler.go:102	å–æ¶ˆç‚¹èµæœåŠ¡æˆåŠŸ
[RZ-WORK-FLOW]2023/02/23 - 22:12:28.399	[34minfo[0m	C:/Users/withsky/Desktop/programs/golang/xdream_tiktok/cmd/favorite_service/handler.go:81	å–œæ¬¢åˆ—è¡¨
[RZ-WORK-FLOW]2023/02/23 - 22:12:28.509	[31merror[0m	C:/Users/withsky/Desktop/programs/golang/xdream_tiktok/cmd/favorite_service/dal/db/favorite.go:134	æ•°æ®åº“è·å–è§†é¢‘è¯„è®ºæ•°å¤±è´¥
[RZ-WORK-FLOW]2023/02/23 - 22:12:28.510	[34minfo[0m	C:/Users/withsky/Desktop/programs/golang/xdream_tiktok/cmd/favorite_service/handler.go:102	å–æ¶ˆç‚¹èµæœåŠ¡æˆåŠŸ
[RZ-WORK-FLOW]2023/02/23 - 22:12:38.699	[34minfo[0m	C:/Users/withsky/Desktop/programs/golang/xdream_tiktok/cmd/favorite_service/handler.go:81	å–œæ¬¢åˆ—è¡¨
[RZ-WORK-FLOW]2023/02/23 - 22:12:38.806	[31merror[0m	C:/Users/withsky/Desktop/programs/golang/xdream_tiktok/cmd/favorite_service/dal/db/favorite.go:134	æ•°æ®åº“è·å–è§†é¢‘è¯„è®ºæ•°å¤±è´¥
[RZ-WORK-FLOW]2023/02/23 - 22:12:38.806	[34minfo[0m	C:/Users/withsky/Desktop/programs/golang/xdream_tiktok/cmd/favorite_service/handler.go:102	å–æ¶ˆç‚¹èµæœåŠ¡æˆåŠŸ
[RZ-WORK-FLOW]2023/02/23 - 22:17:07.062	[34minfo[0m	C:/Users/withsky/Desktop/programs/golang/xdream_tiktok/cmd/favorite_service/handler.go:81	å–œæ¬¢åˆ—è¡¨
[RZ-WORK-FLOW]2023/02/23 - 22:17:07.307	[31merror[0m	C:/Users/withsky/Desktop/programs/golang/xdream_tiktok/cmd/favorite_service/dal/db/favorite.go:134	æ•°æ®åº“è·å–è§†é¢‘è¯„è®ºæ•°å¤±è´¥
[RZ-WORK-FLOW]2023/02/23 - 22:17:07.308	[34minfo[0m	C:/Users/withsky/Desktop/programs/golang/xdream_tiktok/cmd/favorite_service/handler.go:102	å–æ¶ˆç‚¹èµæœåŠ¡æˆåŠŸ
[RZ-WORK-FLOW]2023/02/23 - 22:21:56.635	[34minfo[0m	C:/Users/withsky/Desktop/programs/golang/xdream_tiktok/cmd/favorite_service/handler.go:81	å–œæ¬¢åˆ—è¡¨
[RZ-WORK-FLOW]2023/02/23 - 22:21:56.776	[31merror[0m	C:/Users/withsky/Desktop/programs/golang/xdream_tiktok/cmd/favorite_service/dal/db/favorite.go:134	æ•°æ®åº“è·å–è§†é¢‘è¯„è®ºæ•°å¤±è´¥
[RZ-WORK-FLOW]2023/02/23 - 22:21:56.776	[34minfo[0m	C:/Users/withsky/Desktop/programs/golang/xdream_tiktok/cmd/favorite_service/handler.go:102	å–æ¶ˆç‚¹èµæœåŠ¡æˆåŠŸ
[RZ-WORK-FLOW]2023/02/23 - 22:21:58.528	[34minfo[0m	C:/Users/withsky/Desktop/programs/golang/xdream_tiktok/cmd/favorite_service/handler.go:81	å–œæ¬¢åˆ—è¡¨
[RZ-WORK-FLOW]2023/02/23 - 22:21:58.528	[31merror[0m	C:/Users/withsky/Desktop/programs/golang/xdream_tiktok/cmd/favorite_service/handler.go:88	tokenè§£æå¤±è´¥
[RZ-WORK-FLOW]2023/02/23 - 22:21:58.529	[34minfo[0m	C:/Users/withsky/Desktop/programs/golang/xdream_tiktok/cmd/favorite_service/handler.go:81	å–œæ¬¢åˆ—è¡¨
[RZ-WORK-FLOW]2023/02/23 - 22:21:58.530	[31merror[0m	C:/Users/withsky/Desktop/programs/golang/xdream_tiktok/cmd/favorite_service/handler.go:88	tokenè§£æå¤±è´¥
[RZ-WORK-FLOW]2023/02/23 - 22:24:50.884	[34minfo[0m	C:/Users/withsky/Desktop/programs/golang/xdream_tiktok/cmd/favorite_service/handler.go:81	å–œæ¬¢åˆ—è¡¨
[RZ-WORK-FLOW]2023/02/23 - 22:24:52.677	[34minfo[0m	C:/Users/withsky/Desktop/programs/golang/xdream_tiktok/cmd/favorite_service/handler.go:81	å–œæ¬¢åˆ—è¡¨
[RZ-WORK-FLOW]2023/02/23 - 22:24:54.510	[34minfo[0m	C:/Users/withsky/Desktop/programs/golang/xdream_tiktok/cmd/favorite_service/handler.go:81	å–œæ¬¢åˆ—è¡¨
[RZ-WORK-FLOW]2023/02/23 - 22:24:54.511	[31merror[0m	C:/Users/withsky/Desktop/programs/golang/xdream_tiktok/cmd/favorite_service/handler.go:88	tokenè§£æå¤±è´¥
[RZ-WORK-FLOW]2023/02/23 - 22:25:04.673	[34minfo[0m	C:/Users/withsky/Desktop/programs/golang/xdream_tiktok/cmd/favorite_service/handler.go:81	å–œæ¬¢åˆ—è¡¨
[RZ-WORK-FLOW]2023/02/23 - 22:25:08.749	[34minfo[0m	C:/Users/withsky/Desktop/programs/golang/xdream_tiktok/cmd/favorite_service/handler.go:81	å–œæ¬¢åˆ—è¡¨
[RZ-WORK-FLOW]2023/02/23 - 22:25:08.750	[31merror[0m	C:/Users/withsky/Desktop/programs/golang/xdream_tiktok/cmd/favorite_service/handler.go:88	tokenè§£æå¤±è´¥
[RZ-WORK-FLOW]2023/02/23 - 22:39:42.286	[34minfo[0m	C:/Users/HK/Desktop/easy_tiktok/cmd/favorite_service/main.go:43	test
[RZ-WORK-FLOW]2023/02/23 - 22:41:46.148	[34minfo[0m	C:/Users/HK/Desktop/easy_tiktok/cmd/favorite_service/main.go:43	test
