[RZ-WORK-FLOW]2023/02/24 - 07:21:37.186	[34minfo[0m	C:/Users/withsky/Desktop/programs/golang/easy_tiktok(2)/easy_tiktok/cmd/relation_service/handler.go:19	å…³æ³¨æœåŠ¡
[RZ-WORK-FLOW]2023/02/24 - 07:21:37.188	[31merror[0m	C:/Users/withsky/Desktop/programs/golang/easy_tiktok(2)/easy_tiktok/cmd/relation_service/handler.go:33	ç”¨æˆ·IDä¸ºç©º
[RZ-WORK-FLOW]2023/02/24 - 07:23:10.300	[34minfo[0m	C:/Users/withsky/Desktop/programs/golang/easy_tiktok(2)/easy_tiktok/cmd/relation_service/handler.go:19	å…³æ³¨æœåŠ¡
[RZ-WORK-FLOW]2023/02/24 - 07:23:10.300	[31merror[0m	C:/Users/withsky/Desktop/programs/golang/easy_tiktok(2)/easy_tiktok/cmd/relation_service/handler.go:33	ç”¨æˆ·IDä¸ºç©º
[RZ-WORK-FLOW]2023/02/24 - 07:23:16.301	[34minfo[0m	C:/Users/withsky/Desktop/programs/golang/easy_tiktok(2)/easy_tiktok/cmd/relation_service/handler.go:19	å…³æ³¨æœåŠ¡
[RZ-WORK-FLOW]2023/02/24 - 07:23:16.301	[31merror[0m	C:/Users/withsky/Desktop/programs/golang/easy_tiktok(2)/easy_tiktok/cmd/relation_service/handler.go:33	ç”¨æˆ·IDä¸ºç©º
[RZ-WORK-FLOW]2023/02/24 - 07:27:30.804	[34minfo[0m	C:/Users/withsky/Desktop/programs/golang/easy_tiktok(2)/easy_tiktok/cmd/relation_service/handler.go:19	å…³æ³¨æœåŠ¡
[RZ-WORK-FLOW]2023/02/24 - 07:27:30.805	[31merror[0m	C:/Users/withsky/Desktop/programs/golang/easy_tiktok(2)/easy_tiktok/cmd/relation_service/handler.go:43	å…³æ³¨æœåŠ¡å¤±è´¥
[RZ-WORK-FLOW]2023/02/24 - 07:27:38.678	[34minfo[0m	C:/Users/withsky/Desktop/programs/golang/easy_tiktok(2)/easy_tiktok/cmd/relation_service/handler.go:19	å…³æ³¨æœåŠ¡
[RZ-WORK-FLOW]2023/02/24 - 07:27:38.678	[31merror[0m	C:/Users/withsky/Desktop/programs/golang/easy_tiktok(2)/easy_tiktok/cmd/relation_service/handler.go:43	å…³æ³¨æœåŠ¡å¤±è´¥
[RZ-WORK-FLOW]2023/02/24 - 07:30:55.224	[34minfo[0m	C:/Users/withsky/Desktop/programs/golang/easy_tiktok(2)/easy_tiktok/cmd/relation_service/handler.go:19	å…³æ³¨æœåŠ¡
[RZ-WORK-FLOW]2023/02/24 - 07:30:55.767	[34minfo[0m	C:/Users/withsky/Desktop/programs/golang/easy_tiktok(2)/easy_tiktok/cmd/relation_service/handler.go:40	å…³æ³¨æœåŠ¡æˆåŠŸ
[RZ-WORK-FLOW]2023/02/24 - 07:31:09.439	[34minfo[0m	C:/Users/withsky/Desktop/programs/golang/easy_tiktok(2)/easy_tiktok/cmd/relation_service/handler.go:51	å–æ¶ˆå…³æ³¨æœåŠ¡
[RZ-WORK-FLOW]2023/02/24 - 07:31:10.063	[34minfo[0m	C:/Users/withsky/Desktop/programs/golang/easy_tiktok(2)/easy_tiktok/cmd/relation_service/handler.go:72	å–æ¶ˆå…³æ³¨æœåŠ¡æˆåŠŸ
[RZ-WORK-FLOW]2023/02/24 - 07:31:11.736	[34minfo[0m	C:/Users/withsky/Desktop/programs/golang/easy_tiktok(2)/easy_tiktok/cmd/relation_service/handler.go:19	å…³æ³¨æœåŠ¡
[RZ-WORK-FLOW]2023/02/24 - 07:31:12.333	[34minfo[0m	C:/Users/withsky/Desktop/programs/golang/easy_tiktok(2)/easy_tiktok/cmd/relation_service/handler.go:40	å…³æ³¨æœåŠ¡æˆåŠŸ
[RZ-WORK-FLOW]2023/02/24 - 07:32:08.720	[34minfo[0m	C:/Users/withsky/Desktop/programs/golang/easy_tiktok(2)/easy_tiktok/cmd/relation_service/handler.go:83	å…³æ³¨åˆ—è¡¨æœåŠ¡
[RZ-WORK-FLOW]2023/02/24 - 07:32:08.967	[34minfo[0m	C:/Users/withsky/Desktop/programs/golang/easy_tiktok(2)/easy_tiktok/cmd/relation_service/handler.go:104	å…³æ³¨åˆ—è¡¨æœåŠ¡æˆåŠŸ
[RZ-WORK-FLOW]2023/02/24 - 07:32:50.898	[34minfo[0m	C:/Users/withsky/Desktop/programs/golang/easy_tiktok(2)/easy_tiktok/cmd/relation_service/handler.go:83	å…³æ³¨åˆ—è¡¨æœåŠ¡
[RZ-WORK-FLOW]2023/02/24 - 07:32:51.205	[34minfo[0m	C:/Users/withsky/Desktop/programs/golang/easy_tiktok(2)/easy_tiktok/cmd/relation_service/handler.go:104	å…³æ³¨åˆ—è¡¨æœåŠ¡æˆåŠŸ
[RZ-WORK-FLOW]2023/02/24 - 07:32:55.274	[34minfo[0m	C:/Users/withsky/Desktop/programs/golang/easy_tiktok(2)/easy_tiktok/cmd/relation_service/handler.go:115	ç²‰ä¸åˆ—è¡¨æœåŠ¡
[RZ-WORK-FLOW]2023/02/24 - 07:32:55.605	[34minfo[0m	C:/Users/withsky/Desktop/programs/golang/easy_tiktok(2)/easy_tiktok/cmd/relation_service/handler.go:136	ç²‰ä¸åˆ—è¡¨æœåŠ¡æˆåŠŸ
[RZ-WORK-FLOW]2023/02/24 - 07:57:27.725	[34minfo[0m	C:/Users/withsky/Desktop/programs/golang/easy_tiktok(2)/easy_tiktok/cmd/relation_service/handler.go:19	å…³æ³¨æœåŠ¡
[RZ-WORK-FLOW]2023/02/24 - 07:57:28.067	[34minfo[0m	C:/Users/withsky/Desktop/programs/golang/easy_tiktok(2)/easy_tiktok/cmd/relation_service/handler.go:40	å…³æ³¨æœåŠ¡æˆåŠŸ
[RZ-WORK-FLOW]2023/02/24 - 07:57:51.591	[34minfo[0m	C:/Users/withsky/Desktop/programs/golang/easy_tiktok(2)/easy_tiktok/cmd/relation_service/handler.go:19	å…³æ³¨æœåŠ¡
[RZ-WORK-FLOW]2023/02/24 - 07:57:51.642	[31merror[0m	C:/Users/withsky/Desktop/programs/golang/easy_tiktok(2)/easy_tiktok/cmd/relation_service/handler.go:43	å…³æ³¨æœåŠ¡å¤±è´¥
[RZ-WORK-FLOW]2023/02/24 - 07:58:42.137	[34minfo[0m	C:/Users/withsky/Desktop/programs/golang/easy_tiktok(2)/easy_tiktok/cmd/relation_service/handler.go:51	å–æ¶ˆå…³æ³¨æœåŠ¡
[RZ-WORK-FLOW]2023/02/24 - 07:58:42.388	[34minfo[0m	C:/Users/withsky/Desktop/programs/golang/easy_tiktok(2)/easy_tiktok/cmd/relation_service/handler.go:72	å–æ¶ˆå…³æ³¨æœåŠ¡æˆåŠŸ
[RZ-WORK-FLOW]2023/02/24 - 07:59:20.946	[34minfo[0m	C:/Users/withsky/Desktop/programs/golang/easy_tiktok(2)/easy_tiktok/cmd/relation_service/handler.go:51	å–æ¶ˆå…³æ³¨æœåŠ¡
[RZ-WORK-FLOW]2023/02/24 - 07:59:20.994	[31merror[0m	C:/Users/withsky/Desktop/programs/golang/easy_tiktok(2)/easy_tiktok/cmd/relation_service/handler.go:75	å–æ¶ˆå…³æ³¨æœåŠ¡å¤±è´¥
[RZ-WORK-FLOW]2023/02/24 - 07:59:51.595	[34minfo[0m	C:/Users/withsky/Desktop/programs/golang/easy_tiktok(2)/easy_tiktok/cmd/relation_service/handler.go:19	å…³æ³¨æœåŠ¡
[RZ-WORK-FLOW]2023/02/24 - 07:59:51.848	[34minfo[0m	C:/Users/withsky/Desktop/programs/golang/easy_tiktok(2)/easy_tiktok/cmd/relation_service/handler.go:40	å…³æ³¨æœåŠ¡æˆåŠŸ
[RZ-WORK-FLOW]2023/02/24 - 09:22:48.490	[34minfo[0m	C:/Users/withsky/Desktop/programs/golang/easy_tiktok(2)/easy_tiktok/cmd/relation_service/handler.go:83	å…³æ³¨åˆ—è¡¨æœåŠ¡
[RZ-WORK-FLOW]2023/02/24 - 09:22:48.491	[31merror[0m	C:/Users/withsky/Desktop/programs/golang/easy_tiktok(2)/easy_tiktok/cmd/relation_service/handler.go:90	tokenè§£æå¤±è´¥
[RZ-WORK-FLOW]2023/02/24 - 09:22:53.327	[34minfo[0m	C:/Users/withsky/Desktop/programs/golang/easy_tiktok(2)/easy_tiktok/cmd/relation_service/handler.go:83	å…³æ³¨åˆ—è¡¨æœåŠ¡
[RZ-WORK-FLOW]2023/02/24 - 09:22:53.328	[31merror[0m	C:/Users/withsky/Desktop/programs/golang/easy_tiktok(2)/easy_tiktok/cmd/relation_service/handler.go:90	tokenè§£æå¤±è´¥
[RZ-WORK-FLOW]2023/02/24 - 09:23:56.158	[34minfo[0m	C:/Users/withsky/Desktop/programs/golang/easy_tiktok(2)/easy_tiktok/cmd/relation_service/handler.go:83	å…³æ³¨åˆ—è¡¨æœåŠ¡
[RZ-WORK-FLOW]2023/02/24 - 09:23:56.158	[31merror[0m	C:/Users/withsky/Desktop/programs/golang/easy_tiktok(2)/easy_tiktok/cmd/relation_service/handler.go:90	tokenè§£æå¤±è´¥
[RZ-WORK-FLOW]2023/02/24 - 09:26:36.853	[34minfo[0m	C:/Users/withsky/Desktop/programs/golang/easy_tiktok(2)/easy_tiktok/cmd/relation_service/handler.go:115	ç²‰ä¸åˆ—è¡¨æœåŠ¡
[RZ-WORK-FLOW]2023/02/24 - 09:26:36.853	[31merror[0m	C:/Users/withsky/Desktop/programs/golang/easy_tiktok(2)/easy_tiktok/cmd/relation_service/handler.go:122	tokenè§£æå¤±è´¥
[RZ-WORK-FLOW]2023/02/24 - 09:57:25.492	[34minfo[0m	C:/Users/withsky/Desktop/programs/golang/easy_tiktok(2)/easy_tiktok/cmd/relation_service/handler.go:19	å…³æ³¨æœåŠ¡
[RZ-WORK-FLOW]2023/02/24 - 09:57:25.614	[31merror[0m	C:/Users/withsky/Desktop/programs/golang/easy_tiktok(2)/easy_tiktok/cmd/relation_service/handler.go:43	å…³æ³¨æœåŠ¡å¤±è´¥
[RZ-WORK-FLOW]2023/02/24 - 09:57:30.100	[34minfo[0m	C:/Users/withsky/Desktop/programs/golang/easy_tiktok(2)/easy_tiktok/cmd/relation_service/handler.go:19	å…³æ³¨æœåŠ¡
[RZ-WORK-FLOW]2023/02/24 - 09:57:30.214	[31merror[0m	C:/Users/withsky/Desktop/programs/golang/easy_tiktok(2)/easy_tiktok/cmd/relation_service/handler.go:43	å…³æ³¨æœåŠ¡å¤±è´¥
