[RZ-WORK-FLOW]2023/02/23 - 22:59:18.865	[31merror[0m	C:/Users/HK/Desktop/easy_tiktok/cmd/message_service/service/friend_list.go:16	Error 1146 (42S02): Table 'tik_tok.UserFocusOn' doesn't exist
[RZ-WORK-FLOW]2023/02/23 - 22:59:18.867	[31merror[0m	C:/Users/HK/Desktop/easy_tiktok/cmd/message_service/handler.go:21	è·å–æœ‹å‹åˆ—è¡¨é”™è¯¯
[RZ-WORK-FLOW]2023/02/23 - 23:01:16.017	[31merror[0m	C:/Users/HK/Desktop/easy_tiktok/cmd/message_service/service/friend_list.go:16	Error 1146 (42S02): Table 'tik_tok.user_focus_on' doesn't exist
[RZ-WORK-FLOW]2023/02/23 - 23:01:16.020	[31merror[0m	C:/Users/HK/Desktop/easy_tiktok/cmd/message_service/handler.go:21	è·å–æœ‹å‹åˆ—è¡¨é”™è¯¯
[RZ-WORK-FLOW]2023/02/23 - 23:13:14.763	[31merror[0m	C:/Users/HK/Desktop/easy_tiktok/cmd/message_service/service/friend_list.go:39	Error 1064 (42000): You have an error in your SQL syntax; check the manual that corresponds to your MySQL server version for the right syntax to use near ')' at line 1
[RZ-WORK-FLOW]2023/02/23 - 23:13:14.766	[31merror[0m	C:/Users/HK/Desktop/easy_tiktok/cmd/message_service/handler.go:21	è·å–æœ‹å‹åˆ—è¡¨é”™è¯¯
[RZ-WORK-FLOW]2023/02/23 - 23:13:31.487	[31merror[0m	C:/Users/HK/Desktop/easy_tiktok/cmd/message_service/service/friend_list.go:39	Error 1064 (42000): You have an error in your SQL syntax; check the manual that corresponds to your MySQL server version for the right syntax to use near ')' at line 1
[RZ-WORK-FLOW]2023/02/23 - 23:13:31.488	[31merror[0m	C:/Users/HK/Desktop/easy_tiktok/cmd/message_service/handler.go:21	è·å–æœ‹å‹åˆ—è¡¨é”™è¯¯
[RZ-WORK-FLOW]2023/02/23 - 23:31:28.204	[31merror[0m	C:/Users/HK/Desktop/easy_tiktok/cmd/message_service/service/message_list.go:25	è·å–æ•°æ®åº“æ•°æ®å¤±è´¥
[RZ-WORK-FLOW]2023/02/23 - 23:31:28.206	[31merror[0m	C:/Users/HK/Desktop/easy_tiktok/cmd/message_service/handler.go:53	è·å–æ•°æ®åº“æ•°æ®å¤±è´¥
[RZ-WORK-FLOW]2023/02/23 - 23:31:36.281	[31merror[0m	C:/Users/HK/Desktop/easy_tiktok/cmd/message_service/service/message_list.go:25	è·å–æ•°æ®åº“æ•°æ®å¤±è´¥
[RZ-WORK-FLOW]2023/02/23 - 23:31:36.282	[31merror[0m	C:/Users/HK/Desktop/easy_tiktok/cmd/message_service/handler.go:53	è·å–æ•°æ®åº“æ•°æ®å¤±è´¥
[RZ-WORK-FLOW]2023/02/23 - 23:31:46.442	[31merror[0m	C:/Users/HK/Desktop/easy_tiktok/cmd/message_service/service/message_list.go:25	è·å–æ•°æ®åº“æ•°æ®å¤±è´¥
[RZ-WORK-FLOW]2023/02/23 - 23:31:46.443	[31merror[0m	C:/Users/HK/Desktop/easy_tiktok/cmd/message_service/handler.go:53	è·å–æ•°æ®åº“æ•°æ®å¤±è´¥
[RZ-WORK-FLOW]2023/02/23 - 23:31:51.563	[31merror[0m	C:/Users/HK/Desktop/easy_tiktok/cmd/message_service/service/message_list.go:25	è·å–æ•°æ®åº“æ•°æ®å¤±è´¥
[RZ-WORK-FLOW]2023/02/23 - 23:31:51.564	[31merror[0m	C:/Users/HK/Desktop/easy_tiktok/cmd/message_service/handler.go:53	è·å–æ•°æ®åº“æ•°æ®å¤±è´¥
[RZ-WORK-FLOW]2023/02/23 - 23:32:01.826	[31merror[0m	C:/Users/HK/Desktop/easy_tiktok/cmd/message_service/service/message_list.go:25	è·å–æ•°æ®åº“æ•°æ®å¤±è´¥
[RZ-WORK-FLOW]2023/02/23 - 23:32:01.826	[31merror[0m	C:/Users/HK/Desktop/easy_tiktok/cmd/message_service/handler.go:53	è·å–æ•°æ®åº“æ•°æ®å¤±è´¥
[RZ-WORK-FLOW]2023/02/23 - 23:32:07.028	[31merror[0m	C:/Users/HK/Desktop/easy_tiktok/cmd/message_service/service/message_list.go:25	è·å–æ•°æ®åº“æ•°æ®å¤±è´¥
[RZ-WORK-FLOW]2023/02/23 - 23:32:07.028	[31merror[0m	C:/Users/HK/Desktop/easy_tiktok/cmd/message_service/handler.go:53	è·å–æ•°æ®åº“æ•°æ®å¤±è´¥
[RZ-WORK-FLOW]2023/02/23 - 23:32:12.203	[31merror[0m	C:/Users/HK/Desktop/easy_tiktok/cmd/message_service/service/message_list.go:25	è·å–æ•°æ®åº“æ•°æ®å¤±è´¥
[RZ-WORK-FLOW]2023/02/23 - 23:32:12.203	[31merror[0m	C:/Users/HK/Desktop/easy_tiktok/cmd/message_service/handler.go:53	è·å–æ•°æ®åº“æ•°æ®å¤±è´¥
[RZ-WORK-FLOW]2023/02/23 - 23:32:17.428	[31merror[0m	C:/Users/HK/Desktop/easy_tiktok/cmd/message_service/service/message_list.go:25	è·å–æ•°æ®åº“æ•°æ®å¤±è´¥
[RZ-WORK-FLOW]2023/02/23 - 23:32:17.428	[31merror[0m	C:/Users/HK/Desktop/easy_tiktok/cmd/message_service/handler.go:53	è·å–æ•°æ®åº“æ•°æ®å¤±è´¥
[RZ-WORK-FLOW]2023/02/23 - 23:32:22.628	[31merror[0m	C:/Users/HK/Desktop/easy_tiktok/cmd/message_service/service/message_list.go:25	è·å–æ•°æ®åº“æ•°æ®å¤±è´¥
[RZ-WORK-FLOW]2023/02/23 - 23:32:22.628	[31merror[0m	C:/Users/HK/Desktop/easy_tiktok/cmd/message_service/handler.go:53	è·å–æ•°æ®åº“æ•°æ®å¤±è´¥
[RZ-WORK-FLOW]2023/02/23 - 23:32:27.828	[31merror[0m	C:/Users/HK/Desktop/easy_tiktok/cmd/message_service/service/message_list.go:25	è·å–æ•°æ®åº“æ•°æ®å¤±è´¥
[RZ-WORK-FLOW]2023/02/23 - 23:32:27.829	[31merror[0m	C:/Users/HK/Desktop/easy_tiktok/cmd/message_service/handler.go:53	è·å–æ•°æ®åº“æ•°æ®å¤±è´¥
[RZ-WORK-FLOW]2023/02/23 - 23:32:33.004	[31merror[0m	C:/Users/HK/Desktop/easy_tiktok/cmd/message_service/service/message_list.go:25	è·å–æ•°æ®åº“æ•°æ®å¤±è´¥
[RZ-WORK-FLOW]2023/02/23 - 23:32:33.004	[31merror[0m	C:/Users/HK/Desktop/easy_tiktok/cmd/message_service/handler.go:53	è·å–æ•°æ®åº“æ•°æ®å¤±è´¥
[RZ-WORK-FLOW]2023/02/23 - 23:32:38.233	[31merror[0m	C:/Users/HK/Desktop/easy_tiktok/cmd/message_service/service/message_list.go:25	è·å–æ•°æ®åº“æ•°æ®å¤±è´¥
[RZ-WORK-FLOW]2023/02/23 - 23:32:38.236	[31merror[0m	C:/Users/HK/Desktop/easy_tiktok/cmd/message_service/handler.go:53	è·å–æ•°æ®åº“æ•°æ®å¤±è´¥
[RZ-WORK-FLOW]2023/02/23 - 23:32:43.428	[31merror[0m	C:/Users/HK/Desktop/easy_tiktok/cmd/message_service/service/message_list.go:25	è·å–æ•°æ®åº“æ•°æ®å¤±è´¥
[RZ-WORK-FLOW]2023/02/23 - 23:32:43.428	[31merror[0m	C:/Users/HK/Desktop/easy_tiktok/cmd/message_service/handler.go:53	è·å–æ•°æ®åº“æ•°æ®å¤±è´¥
[RZ-WORK-FLOW]2023/02/23 - 23:33:01.753	[31merror[0m	C:/Users/HK/Desktop/easy_tiktok/cmd/message_service/service/message_list.go:25	è·å–æ•°æ®åº“æ•°æ®å¤±è´¥
[RZ-WORK-FLOW]2023/02/23 - 23:33:01.756	[31merror[0m	C:/Users/HK/Desktop/easy_tiktok/cmd/message_service/handler.go:53	è·å–æ•°æ®åº“æ•°æ®å¤±è´¥
[RZ-WORK-FLOW]2023/02/23 - 23:33:06.924	[31merror[0m	C:/Users/HK/Desktop/easy_tiktok/cmd/message_service/service/message_list.go:25	è·å–æ•°æ®åº“æ•°æ®å¤±è´¥
[RZ-WORK-FLOW]2023/02/23 - 23:33:06.926	[31merror[0m	C:/Users/HK/Desktop/easy_tiktok/cmd/message_service/handler.go:53	è·å–æ•°æ®åº“æ•°æ®å¤±è´¥
[RZ-WORK-FLOW]2023/02/23 - 23:33:12.145	[31merror[0m	C:/Users/HK/Desktop/easy_tiktok/cmd/message_service/service/message_list.go:25	è·å–æ•°æ®åº“æ•°æ®å¤±è´¥
[RZ-WORK-FLOW]2023/02/23 - 23:33:12.146	[31merror[0m	C:/Users/HK/Desktop/easy_tiktok/cmd/message_service/handler.go:53	è·å–æ•°æ®åº“æ•°æ®å¤±è´¥
[RZ-WORK-FLOW]2023/02/23 - 23:37:32.713	[31merror[0m	C:/Users/HK/Desktop/easy_tiktok/cmd/message_service/service/message_list.go:25	è·å–æ•°æ®åº“æ•°æ®å¤±è´¥
[RZ-WORK-FLOW]2023/02/23 - 23:37:32.713	[31merror[0m	C:/Users/HK/Desktop/easy_tiktok/cmd/message_service/handler.go:53	è·å–æ•°æ®åº“æ•°æ®å¤±è´¥
[RZ-WORK-FLOW]2023/02/23 - 23:37:37.866	[31merror[0m	C:/Users/HK/Desktop/easy_tiktok/cmd/message_service/service/message_list.go:25	è·å–æ•°æ®åº“æ•°æ®å¤±è´¥
[RZ-WORK-FLOW]2023/02/23 - 23:37:37.866	[31merror[0m	C:/Users/HK/Desktop/easy_tiktok/cmd/message_service/handler.go:53	è·å–æ•°æ®åº“æ•°æ®å¤±è´¥
[RZ-WORK-FLOW]2023/02/23 - 23:39:58.121	[31merror[0m	C:/Users/HK/Desktop/easy_tiktok/cmd/message_service/service/message_list.go:25	è·å–æ•°æ®åº“æ•°æ®å¤±è´¥
[RZ-WORK-FLOW]2023/02/23 - 23:39:58.122	[31merror[0m	C:/Users/HK/Desktop/easy_tiktok/cmd/message_service/handler.go:53	è·å–æ•°æ®åº“æ•°æ®å¤±è´¥
[RZ-WORK-FLOW]2023/02/23 - 23:40:03.266	[31merror[0m	C:/Users/HK/Desktop/easy_tiktok/cmd/message_service/service/message_list.go:25	è·å–æ•°æ®åº“æ•°æ®å¤±è´¥
[RZ-WORK-FLOW]2023/02/23 - 23:40:03.267	[31merror[0m	C:/Users/HK/Desktop/easy_tiktok/cmd/message_service/handler.go:53	è·å–æ•°æ®åº“æ•°æ®å¤±è´¥
[RZ-WORK-FLOW]2023/02/23 - 23:40:13.621	[31merror[0m	C:/Users/HK/Desktop/easy_tiktok/cmd/message_service/service/message_list.go:25	è·å–æ•°æ®åº“æ•°æ®å¤±è´¥
[RZ-WORK-FLOW]2023/02/23 - 23:40:13.621	[31merror[0m	C:/Users/HK/Desktop/easy_tiktok/cmd/message_service/handler.go:53	è·å–æ•°æ®åº“æ•°æ®å¤±è´¥
[RZ-WORK-FLOW]2023/02/23 - 23:40:18.790	[31merror[0m	C:/Users/HK/Desktop/easy_tiktok/cmd/message_service/service/message_list.go:25	è·å–æ•°æ®åº“æ•°æ®å¤±è´¥
[RZ-WORK-FLOW]2023/02/23 - 23:40:18.790	[31merror[0m	C:/Users/HK/Desktop/easy_tiktok/cmd/message_service/handler.go:53	è·å–æ•°æ®åº“æ•°æ®å¤±è´¥
[RZ-WORK-FLOW]2023/02/23 - 23:41:16.842	[31merror[0m	C:/Users/HK/Desktop/easy_tiktok/cmd/message_service/service/message_list.go:27	è·å–æ•°æ®åº“æ•°æ®å¤±è´¥
[RZ-WORK-FLOW]2023/02/23 - 23:41:16.845	[31merror[0m	C:/Users/HK/Desktop/easy_tiktok/cmd/message_service/handler.go:53	è·å–æ•°æ®åº“æ•°æ®å¤±è´¥
[RZ-WORK-FLOW]2023/02/23 - 23:41:21.979	[31merror[0m	C:/Users/HK/Desktop/easy_tiktok/cmd/message_service/service/message_list.go:27	è·å–æ•°æ®åº“æ•°æ®å¤±è´¥
[RZ-WORK-FLOW]2023/02/23 - 23:41:21.980	[31merror[0m	C:/Users/HK/Desktop/easy_tiktok/cmd/message_service/handler.go:53	è·å–æ•°æ®åº“æ•°æ®å¤±è´¥
[RZ-WORK-FLOW]2023/02/23 - 23:45:36.360	[31merror[0m	C:/Users/HK/Desktop/easy_tiktok/cmd/message_service/service/message_list.go:27	è·å–æ•°æ®åº“æ•°æ®å¤±è´¥
[RZ-WORK-FLOW]2023/02/23 - 23:45:36.361	[31merror[0m	C:/Users/HK/Desktop/easy_tiktok/cmd/message_service/handler.go:53	è·å–æ•°æ®åº“æ•°æ®å¤±è´¥
[RZ-WORK-FLOW]2023/02/23 - 23:45:41.484	[31merror[0m	C:/Users/HK/Desktop/easy_tiktok/cmd/message_service/service/message_list.go:27	è·å–æ•°æ®åº“æ•°æ®å¤±è´¥
[RZ-WORK-FLOW]2023/02/23 - 23:45:41.484	[31merror[0m	C:/Users/HK/Desktop/easy_tiktok/cmd/message_service/handler.go:53	è·å–æ•°æ®åº“æ•°æ®å¤±è´¥
[RZ-WORK-FLOW]2023/02/23 - 23:46:14.826	[31merror[0m	C:/Users/HK/Desktop/easy_tiktok/cmd/message_service/service/message_list.go:27	è·å–æ•°æ®åº“æ•°æ®å¤±è´¥
[RZ-WORK-FLOW]2023/02/23 - 23:46:14.826	[31merror[0m	C:/Users/HK/Desktop/easy_tiktok/cmd/message_service/handler.go:53	è·å–æ•°æ®åº“æ•°æ®å¤±è´¥
