[RZ-WORK-FLOW]2023/02/24 - 07:04:28.335	[34minfo[0m	C:/Users/withsky/Desktop/programs/golang/easy_tiktok(2)/easy_tiktok/cmd/api/rpc/init.go:15	æˆåŠŸåˆå§‹åŒ–rpc
[RZ-WORK-FLOW]2023/02/24 - 07:04:28.483	[31merror[0m	C:/Users/withsky/Desktop/programs/golang/easy_tiktok(2)/easy_tiktok/cmd/api/main.go:41	+++++++++++++++++++++++
[RZ-WORK-FLOW]2023/02/24 - 07:11:09.802	[31merror[0m	C:/Users/withsky/Desktop/programs/golang/easy_tiktok(2)/easy_tiktok/cmd/api/controllor/publish.go:42	æœåŠ¡è¯·æ±‚å¤±è´¥
[RZ-WORK-FLOW]2023/02/24 - 07:19:18.560	[31merror[0m	C:/Users/withsky/Desktop/programs/golang/easy_tiktok(2)/easy_tiktok/cmd/api/controllor/publish.go:73	æœåŠ¡è¯·æ±‚å¤±è´¥
[RZ-WORK-FLOW]2023/02/24 - 07:20:03.894	[31merror[0m	C:/Users/withsky/Desktop/programs/golang/easy_tiktok(2)/easy_tiktok/cmd/api/controllor/publish.go:73	æœåŠ¡è¯·æ±‚å¤±è´¥
[RZ-WORK-FLOW]2023/02/24 - 07:20:03.894	[31merror[0m	C:/Users/withsky/Desktop/programs/golang/easy_tiktok(2)/easy_tiktok/cmd/api/controllor/publish.go:73	æœåŠ¡è¯·æ±‚å¤±è´¥
[RZ-WORK-FLOW]2023/02/24 - 07:20:11.702	[31merror[0m	C:/Users/withsky/Desktop/programs/golang/easy_tiktok(2)/easy_tiktok/cmd/api/controllor/publish.go:73	æœåŠ¡è¯·æ±‚å¤±è´¥
[RZ-WORK-FLOW]2023/02/24 - 07:20:14.638	[31merror[0m	C:/Users/withsky/Desktop/programs/golang/easy_tiktok(2)/easy_tiktok/cmd/api/controllor/publish.go:73	æœåŠ¡è¯·æ±‚å¤±è´¥
[RZ-WORK-FLOW]2023/02/24 - 07:21:26.391	[34minfo[0m	C:/Users/withsky/Desktop/programs/golang/easy_tiktok(2)/easy_tiktok/cmd/api/rpc/init.go:15	æˆåŠŸåˆå§‹åŒ–rpc
[RZ-WORK-FLOW]2023/02/24 - 07:21:26.539	[31merror[0m	C:/Users/withsky/Desktop/programs/golang/easy_tiktok(2)/easy_tiktok/cmd/api/main.go:41	+++++++++++++++++++++++
[RZ-WORK-FLOW]2023/02/24 - 07:21:29.027	[34minfo[0m	C:/Users/withsky/Desktop/programs/golang/easy_tiktok(2)/easy_tiktok/cmd/api/rpc/favorite.go:73	å–æ¶ˆç‚¹èµrpc
[RZ-WORK-FLOW]2023/02/24 - 07:25:06.093	[34minfo[0m	C:/Users/withsky/Desktop/programs/golang/easy_tiktok(2)/easy_tiktok/cmd/api/rpc/favorite.go:92	ç‚¹èµåˆ—è¡¨rpc
[RZ-WORK-FLOW]2023/02/24 - 07:25:08.488	[31merror[0m	C:/Users/withsky/Desktop/programs/golang/easy_tiktok(2)/easy_tiktok/cmd/api/controllor/publish.go:73	æœåŠ¡è¯·æ±‚å¤±è´¥
[RZ-WORK-FLOW]2023/02/24 - 07:25:15.035	[34minfo[0m	C:/Users/withsky/Desktop/programs/golang/easy_tiktok(2)/easy_tiktok/cmd/api/rpc/favorite.go:92	ç‚¹èµåˆ—è¡¨rpc
[RZ-WORK-FLOW]2023/02/24 - 07:27:20.353	[34minfo[0m	C:/Users/withsky/Desktop/programs/golang/easy_tiktok(2)/easy_tiktok/cmd/api/rpc/favorite.go:92	ç‚¹èµåˆ—è¡¨rpc
[RZ-WORK-FLOW]2023/02/24 - 07:27:34.262	[34minfo[0m	C:/Users/withsky/Desktop/programs/golang/easy_tiktok(2)/easy_tiktok/cmd/api/rpc/favorite.go:92	ç‚¹èµåˆ—è¡¨rpc
[RZ-WORK-FLOW]2023/02/24 - 07:27:34.263	[31merror[0m	C:/Users/withsky/Desktop/programs/golang/easy_tiktok(2)/easy_tiktok/cmd/api/controllor/publish.go:73	æœåŠ¡è¯·æ±‚å¤±è´¥
[RZ-WORK-FLOW]2023/02/24 - 07:27:41.875	[34minfo[0m	C:/Users/withsky/Desktop/programs/golang/easy_tiktok(2)/easy_tiktok/cmd/api/rpc/favorite.go:92	ç‚¹èµåˆ—è¡¨rpc
[RZ-WORK-FLOW]2023/02/24 - 07:27:46.454	[34minfo[0m	C:/Users/withsky/Desktop/programs/golang/easy_tiktok(2)/easy_tiktok/cmd/api/rpc/favorite.go:92	ç‚¹èµåˆ—è¡¨rpc
[RZ-WORK-FLOW]2023/02/24 - 07:27:49.520	[34minfo[0m	C:/Users/withsky/Desktop/programs/golang/easy_tiktok(2)/easy_tiktok/cmd/api/rpc/favorite.go:92	ç‚¹èµåˆ—è¡¨rpc
[RZ-WORK-FLOW]2023/02/24 - 07:27:50.362	[34minfo[0m	C:/Users/withsky/Desktop/programs/golang/easy_tiktok(2)/easy_tiktok/cmd/api/rpc/favorite.go:92	ç‚¹èµåˆ—è¡¨rpc
[RZ-WORK-FLOW]2023/02/24 - 07:27:50.914	[34minfo[0m	C:/Users/withsky/Desktop/programs/golang/easy_tiktok(2)/easy_tiktok/cmd/api/rpc/favorite.go:92	ç‚¹èµåˆ—è¡¨rpc
[RZ-WORK-FLOW]2023/02/24 - 07:27:54.467	[34minfo[0m	C:/Users/withsky/Desktop/programs/golang/easy_tiktok(2)/easy_tiktok/cmd/api/rpc/favorite.go:92	ç‚¹èµåˆ—è¡¨rpc
[RZ-WORK-FLOW]2023/02/24 - 07:27:54.830	[34minfo[0m	C:/Users/withsky/Desktop/programs/golang/easy_tiktok(2)/easy_tiktok/cmd/api/rpc/favorite.go:92	ç‚¹èµåˆ—è¡¨rpc
[RZ-WORK-FLOW]2023/02/24 - 07:27:55.266	[34minfo[0m	C:/Users/withsky/Desktop/programs/golang/easy_tiktok(2)/easy_tiktok/cmd/api/rpc/favorite.go:92	ç‚¹èµåˆ—è¡¨rpc
[RZ-WORK-FLOW]2023/02/24 - 07:27:55.754	[34minfo[0m	C:/Users/withsky/Desktop/programs/golang/easy_tiktok(2)/easy_tiktok/cmd/api/rpc/favorite.go:92	ç‚¹èµåˆ—è¡¨rpc
[RZ-WORK-FLOW]2023/02/24 - 07:27:57.259	[34minfo[0m	C:/Users/withsky/Desktop/programs/golang/easy_tiktok(2)/easy_tiktok/cmd/api/rpc/favorite.go:92	ç‚¹èµåˆ—è¡¨rpc
[RZ-WORK-FLOW]2023/02/24 - 07:27:57.753	[34minfo[0m	C:/Users/withsky/Desktop/programs/golang/easy_tiktok(2)/easy_tiktok/cmd/api/rpc/favorite.go:92	ç‚¹èµåˆ—è¡¨rpc
[RZ-WORK-FLOW]2023/02/24 - 07:27:58.221	[34minfo[0m	C:/Users/withsky/Desktop/programs/golang/easy_tiktok(2)/easy_tiktok/cmd/api/rpc/favorite.go:92	ç‚¹èµåˆ—è¡¨rpc
[RZ-WORK-FLOW]2023/02/24 - 07:28:43.195	[34minfo[0m	C:/Users/withsky/Desktop/programs/golang/easy_tiktok(2)/easy_tiktok/cmd/api/rpc/favorite.go:92	ç‚¹èµåˆ—è¡¨rpc
[RZ-WORK-FLOW]2023/02/24 - 07:28:45.554	[31merror[0m	C:/Users/withsky/Desktop/programs/golang/easy_tiktok(2)/easy_tiktok/cmd/api/controllor/publish.go:73	æœåŠ¡è¯·æ±‚å¤±è´¥
[RZ-WORK-FLOW]2023/02/24 - 07:28:46.267	[34minfo[0m	C:/Users/withsky/Desktop/programs/golang/easy_tiktok(2)/easy_tiktok/cmd/api/rpc/favorite.go:92	ç‚¹èµåˆ—è¡¨rpc
[RZ-WORK-FLOW]2023/02/24 - 07:28:46.268	[31merror[0m	C:/Users/withsky/Desktop/programs/golang/easy_tiktok(2)/easy_tiktok/cmd/api/controllor/publish.go:73	æœåŠ¡è¯·æ±‚å¤±è´¥
[RZ-WORK-FLOW]2023/02/24 - 07:28:47.149	[34minfo[0m	C:/Users/withsky/Desktop/programs/golang/easy_tiktok(2)/easy_tiktok/cmd/api/rpc/favorite.go:92	ç‚¹èµåˆ—è¡¨rpc
[RZ-WORK-FLOW]2023/02/24 - 07:28:48.032	[34minfo[0m	C:/Users/withsky/Desktop/programs/golang/easy_tiktok(2)/easy_tiktok/cmd/api/rpc/favorite.go:92	ç‚¹èµåˆ—è¡¨rpc
[RZ-WORK-FLOW]2023/02/24 - 07:28:49.100	[34minfo[0m	C:/Users/withsky/Desktop/programs/golang/easy_tiktok(2)/easy_tiktok/cmd/api/rpc/favorite.go:92	ç‚¹èµåˆ—è¡¨rpc
[RZ-WORK-FLOW]2023/02/24 - 07:28:49.833	[34minfo[0m	C:/Users/withsky/Desktop/programs/golang/easy_tiktok(2)/easy_tiktok/cmd/api/rpc/favorite.go:92	ç‚¹èµåˆ—è¡¨rpc
[RZ-WORK-FLOW]2023/02/24 - 07:28:50.547	[34minfo[0m	C:/Users/withsky/Desktop/programs/golang/easy_tiktok(2)/easy_tiktok/cmd/api/rpc/favorite.go:92	ç‚¹èµåˆ—è¡¨rpc
[RZ-WORK-FLOW]2023/02/24 - 07:29:16.867	[31merror[0m	C:/Users/withsky/Desktop/programs/golang/easy_tiktok(2)/easy_tiktok/cmd/api/controllor/message.go:101	æœåŠ¡è¯·æ±‚å¤±è´¥
[RZ-WORK-FLOW]2023/02/24 - 07:29:19.765	[34minfo[0m	C:/Users/withsky/Desktop/programs/golang/easy_tiktok(2)/easy_tiktok/cmd/api/rpc/favorite.go:92	ç‚¹èµåˆ—è¡¨rpc
[RZ-WORK-FLOW]2023/02/24 - 07:29:20.762	[34minfo[0m	C:/Users/withsky/Desktop/programs/golang/easy_tiktok(2)/easy_tiktok/cmd/api/rpc/favorite.go:92	ç‚¹èµåˆ—è¡¨rpc
[RZ-WORK-FLOW]2023/02/24 - 07:29:21.585	[34minfo[0m	C:/Users/withsky/Desktop/programs/golang/easy_tiktok(2)/easy_tiktok/cmd/api/rpc/favorite.go:92	ç‚¹èµåˆ—è¡¨rpc
[RZ-WORK-FLOW]2023/02/24 - 07:29:22.155	[31merror[0m	C:/Users/withsky/Desktop/programs/golang/easy_tiktok(2)/easy_tiktok/cmd/api/controllor/publish.go:73	æœåŠ¡è¯·æ±‚å¤±è´¥
[RZ-WORK-FLOW]2023/02/24 - 07:29:22.361	[34minfo[0m	C:/Users/withsky/Desktop/programs/golang/easy_tiktok(2)/easy_tiktok/cmd/api/rpc/favorite.go:92	ç‚¹èµåˆ—è¡¨rpc
[RZ-WORK-FLOW]2023/02/24 - 07:29:23.142	[34minfo[0m	C:/Users/withsky/Desktop/programs/golang/easy_tiktok(2)/easy_tiktok/cmd/api/rpc/favorite.go:92	ç‚¹èµåˆ—è¡¨rpc
[RZ-WORK-FLOW]2023/02/24 - 07:29:24.372	[34minfo[0m	C:/Users/withsky/Desktop/programs/golang/easy_tiktok(2)/easy_tiktok/cmd/api/rpc/favorite.go:92	ç‚¹èµåˆ—è¡¨rpc
[RZ-WORK-FLOW]2023/02/24 - 07:29:24.748	[34minfo[0m	C:/Users/withsky/Desktop/programs/golang/easy_tiktok(2)/easy_tiktok/cmd/api/rpc/favorite.go:92	ç‚¹èµåˆ—è¡¨rpc
[RZ-WORK-FLOW]2023/02/24 - 07:29:25.666	[34minfo[0m	C:/Users/withsky/Desktop/programs/golang/easy_tiktok(2)/easy_tiktok/cmd/api/rpc/favorite.go:92	ç‚¹èµåˆ—è¡¨rpc
[RZ-WORK-FLOW]2023/02/24 - 07:29:27.924	[34minfo[0m	C:/Users/withsky/Desktop/programs/golang/easy_tiktok(2)/easy_tiktok/cmd/api/rpc/favorite.go:92	ç‚¹èµåˆ—è¡¨rpc
[RZ-WORK-FLOW]2023/02/24 - 07:30:16.242	[34minfo[0m	C:/Users/withsky/Desktop/programs/golang/easy_tiktok(2)/easy_tiktok/cmd/api/rpc/favorite.go:92	ç‚¹èµåˆ—è¡¨rpc
[RZ-WORK-FLOW]2023/02/24 - 07:30:18.652	[31merror[0m	C:/Users/withsky/Desktop/programs/golang/easy_tiktok(2)/easy_tiktok/cmd/api/controllor/publish.go:73	æœåŠ¡è¯·æ±‚å¤±è´¥
[RZ-WORK-FLOW]2023/02/24 - 07:30:20.867	[34minfo[0m	C:/Users/withsky/Desktop/programs/golang/easy_tiktok(2)/easy_tiktok/cmd/api/rpc/favorite.go:92	ç‚¹èµåˆ—è¡¨rpc
[RZ-WORK-FLOW]2023/02/24 - 07:30:21.994	[34minfo[0m	C:/Users/withsky/Desktop/programs/golang/easy_tiktok(2)/easy_tiktok/cmd/api/rpc/favorite.go:92	ç‚¹èµåˆ—è¡¨rpc
[RZ-WORK-FLOW]2023/02/24 - 07:30:23.208	[31merror[0m	C:/Users/withsky/Desktop/programs/golang/easy_tiktok(2)/easy_tiktok/cmd/api/controllor/publish.go:73	æœåŠ¡è¯·æ±‚å¤±è´¥
[RZ-WORK-FLOW]2023/02/24 - 07:30:23.211	[34minfo[0m	C:/Users/withsky/Desktop/programs/golang/easy_tiktok(2)/easy_tiktok/cmd/api/rpc/favorite.go:92	ç‚¹èµåˆ—è¡¨rpc
[RZ-WORK-FLOW]2023/02/24 - 07:30:23.813	[34minfo[0m	C:/Users/withsky/Desktop/programs/golang/easy_tiktok(2)/easy_tiktok/cmd/api/rpc/favorite.go:92	ç‚¹èµåˆ—è¡¨rpc
[RZ-WORK-FLOW]2023/02/24 - 07:30:26.530	[34minfo[0m	C:/Users/withsky/Desktop/programs/golang/easy_tiktok(2)/easy_tiktok/cmd/api/rpc/favorite.go:92	ç‚¹èµåˆ—è¡¨rpc
[RZ-WORK-FLOW]2023/02/24 - 07:30:27.647	[34minfo[0m	C:/Users/withsky/Desktop/programs/golang/easy_tiktok(2)/easy_tiktok/cmd/api/rpc/favorite.go:92	ç‚¹èµåˆ—è¡¨rpc
[RZ-WORK-FLOW]2023/02/24 - 07:30:28.047	[34minfo[0m	C:/Users/withsky/Desktop/programs/golang/easy_tiktok(2)/easy_tiktok/cmd/api/rpc/favorite.go:92	ç‚¹èµåˆ—è¡¨rpc
[RZ-WORK-FLOW]2023/02/24 - 07:30:28.888	[34minfo[0m	C:/Users/withsky/Desktop/programs/golang/easy_tiktok(2)/easy_tiktok/cmd/api/rpc/favorite.go:92	ç‚¹èµåˆ—è¡¨rpc
[RZ-WORK-FLOW]2023/02/24 - 07:30:29.631	[34minfo[0m	C:/Users/withsky/Desktop/programs/golang/easy_tiktok(2)/easy_tiktok/cmd/api/rpc/favorite.go:92	ç‚¹èµåˆ—è¡¨rpc
[RZ-WORK-FLOW]2023/02/24 - 07:30:37.606	[34minfo[0m	C:/Users/withsky/Desktop/programs/golang/easy_tiktok(2)/easy_tiktok/cmd/api/controllor/user.go:30	è¯·æ±‚æ³¨å†Œ
[RZ-WORK-FLOW]2023/02/24 - 07:30:40.395	[34minfo[0m	C:/Users/withsky/Desktop/programs/golang/easy_tiktok(2)/easy_tiktok/cmd/api/rpc/favorite.go:92	ç‚¹èµåˆ—è¡¨rpc
[RZ-WORK-FLOW]2023/02/24 - 07:30:42.741	[31merror[0m	C:/Users/withsky/Desktop/programs/golang/easy_tiktok(2)/easy_tiktok/cmd/api/controllor/publish.go:73	æœåŠ¡è¯·æ±‚å¤±è´¥
[RZ-WORK-FLOW]2023/02/24 - 07:30:48.004	[34minfo[0m	C:/Users/withsky/Desktop/programs/golang/easy_tiktok(2)/easy_tiktok/cmd/api/rpc/favorite.go:92	ç‚¹èµåˆ—è¡¨rpc
[RZ-WORK-FLOW]2023/02/24 - 07:30:48.004	[31merror[0m	C:/Users/withsky/Desktop/programs/golang/easy_tiktok(2)/easy_tiktok/cmd/api/controllor/publish.go:73	æœåŠ¡è¯·æ±‚å¤±è´¥
[RZ-WORK-FLOW]2023/02/24 - 07:30:49.562	[34minfo[0m	C:/Users/withsky/Desktop/programs/golang/easy_tiktok(2)/easy_tiktok/cmd/api/rpc/favorite.go:92	ç‚¹èµåˆ—è¡¨rpc
[RZ-WORK-FLOW]2023/02/24 - 07:31:28.804	[34minfo[0m	C:/Users/withsky/Desktop/programs/golang/easy_tiktok(2)/easy_tiktok/cmd/api/rpc/favorite.go:92	ç‚¹èµåˆ—è¡¨rpc
[RZ-WORK-FLOW]2023/02/24 - 07:31:28.847	[31merror[0m	C:/Users/withsky/Desktop/programs/golang/easy_tiktok(2)/easy_tiktok/cmd/api/controllor/publish.go:73	æœåŠ¡è¯·æ±‚å¤±è´¥
[RZ-WORK-FLOW]2023/02/24 - 07:31:33.824	[34minfo[0m	C:/Users/withsky/Desktop/programs/golang/easy_tiktok(2)/easy_tiktok/cmd/api/rpc/favorite.go:92	ç‚¹èµåˆ—è¡¨rpc
[RZ-WORK-FLOW]2023/02/24 - 07:31:57.722	[34minfo[0m	C:/Users/withsky/Desktop/programs/golang/easy_tiktok(2)/easy_tiktok/cmd/api/rpc/favorite.go:92	ç‚¹èµåˆ—è¡¨rpc
[RZ-WORK-FLOW]2023/02/24 - 07:31:57.776	[31merror[0m	C:/Users/withsky/Desktop/programs/golang/easy_tiktok(2)/easy_tiktok/cmd/api/controllor/publish.go:73	æœåŠ¡è¯·æ±‚å¤±è´¥
[RZ-WORK-FLOW]2023/02/24 - 07:32:13.320	[34minfo[0m	C:/Users/withsky/Desktop/programs/golang/easy_tiktok(2)/easy_tiktok/cmd/api/rpc/favorite.go:92	ç‚¹èµåˆ—è¡¨rpc
[RZ-WORK-FLOW]2023/02/24 - 07:32:33.088	[34minfo[0m	C:/Users/withsky/Desktop/programs/golang/easy_tiktok(2)/easy_tiktok/cmd/api/rpc/favorite.go:92	ç‚¹èµåˆ—è¡¨rpc
[RZ-WORK-FLOW]2023/02/24 - 07:32:33.089	[31merror[0m	C:/Users/withsky/Desktop/programs/golang/easy_tiktok(2)/easy_tiktok/cmd/api/controllor/publish.go:73	æœåŠ¡è¯·æ±‚å¤±è´¥
[RZ-WORK-FLOW]2023/02/24 - 07:32:34.889	[34minfo[0m	C:/Users/withsky/Desktop/programs/golang/easy_tiktok(2)/easy_tiktok/cmd/api/rpc/favorite.go:92	ç‚¹èµåˆ—è¡¨rpc
[RZ-WORK-FLOW]2023/02/24 - 07:32:36.363	[31merror[0m	C:/Users/withsky/Desktop/programs/golang/easy_tiktok(2)/easy_tiktok/cmd/api/controllor/comment.go:146	æœåŠ¡è¯·æ±‚å¤±è´¥
[RZ-WORK-FLOW]2023/02/24 - 07:32:38.972	[34minfo[0m	C:/Users/withsky/Desktop/programs/golang/easy_tiktok(2)/easy_tiktok/cmd/api/rpc/favorite.go:92	ç‚¹èµåˆ—è¡¨rpc
[RZ-WORK-FLOW]2023/02/24 - 07:32:42.287	[34minfo[0m	C:/Users/withsky/Desktop/programs/golang/easy_tiktok(2)/easy_tiktok/cmd/api/rpc/favorite.go:92	ç‚¹èµåˆ—è¡¨rpc
[RZ-WORK-FLOW]2023/02/24 - 07:32:44.649	[31merror[0m	C:/Users/withsky/Desktop/programs/golang/easy_tiktok(2)/easy_tiktok/cmd/api/controllor/publish.go:73	æœåŠ¡è¯·æ±‚å¤±è´¥
[RZ-WORK-FLOW]2023/02/24 - 07:32:45.413	[34minfo[0m	C:/Users/withsky/Desktop/programs/golang/easy_tiktok(2)/easy_tiktok/cmd/api/rpc/favorite.go:92	ç‚¹èµåˆ—è¡¨rpc
[RZ-WORK-FLOW]2023/02/24 - 07:32:46.462	[34minfo[0m	C:/Users/withsky/Desktop/programs/golang/easy_tiktok(2)/easy_tiktok/cmd/api/rpc/favorite.go:92	ç‚¹èµåˆ—è¡¨rpc
[RZ-WORK-FLOW]2023/02/24 - 07:33:15.143	[34minfo[0m	C:/Users/withsky/Desktop/programs/golang/easy_tiktok(2)/easy_tiktok/cmd/api/rpc/favorite.go:92	ç‚¹èµåˆ—è¡¨rpc
[RZ-WORK-FLOW]2023/02/24 - 07:33:15.204	[31merror[0m	C:/Users/withsky/Desktop/programs/golang/easy_tiktok(2)/easy_tiktok/cmd/api/controllor/publish.go:73	æœåŠ¡è¯·æ±‚å¤±è´¥
[RZ-WORK-FLOW]2023/02/24 - 07:33:40.007	[31merror[0m	C:/Users/withsky/Desktop/programs/golang/easy_tiktok(2)/easy_tiktok/cmd/api/controllor/message.go:101	æœåŠ¡è¯·æ±‚å¤±è´¥
[RZ-WORK-FLOW]2023/02/24 - 08:01:33.750	[34minfo[0m	C:/Users/withsky/Desktop/programs/golang/easy_tiktok(2)/easy_tiktok/cmd/api/controllor/user.go:30	è¯·æ±‚æ³¨å†Œ
[RZ-WORK-FLOW]2023/02/24 - 08:01:33.775	[31merror[0m	C:/Users/withsky/Desktop/programs/golang/easy_tiktok(2)/easy_tiktok/cmd/api/controllor/user.go:59	æœåŠ¡è¯·æ±‚å¤±è´¥
[RZ-WORK-FLOW]2023/02/24 - 08:01:35.933	[34minfo[0m	C:/Users/withsky/Desktop/programs/golang/easy_tiktok(2)/easy_tiktok/cmd/api/controllor/user.go:30	è¯·æ±‚æ³¨å†Œ
[RZ-WORK-FLOW]2023/02/24 - 08:01:35.959	[31merror[0m	C:/Users/withsky/Desktop/programs/golang/easy_tiktok(2)/easy_tiktok/cmd/api/controllor/user.go:59	æœåŠ¡è¯·æ±‚å¤±è´¥
[RZ-WORK-FLOW]2023/02/24 - 08:01:37.549	[34minfo[0m	C:/Users/withsky/Desktop/programs/golang/easy_tiktok(2)/easy_tiktok/cmd/api/controllor/user.go:30	è¯·æ±‚æ³¨å†Œ
[RZ-WORK-FLOW]2023/02/24 - 08:01:37.575	[31merror[0m	C:/Users/withsky/Desktop/programs/golang/easy_tiktok(2)/easy_tiktok/cmd/api/controllor/user.go:59	æœåŠ¡è¯·æ±‚å¤±è´¥
[RZ-WORK-FLOW]2023/02/24 - 08:01:38.932	[34minfo[0m	C:/Users/withsky/Desktop/programs/golang/easy_tiktok(2)/easy_tiktok/cmd/api/controllor/user.go:30	è¯·æ±‚æ³¨å†Œ
[RZ-WORK-FLOW]2023/02/24 - 08:01:38.958	[31merror[0m	C:/Users/withsky/Desktop/programs/golang/easy_tiktok(2)/easy_tiktok/cmd/api/controllor/user.go:59	æœåŠ¡è¯·æ±‚å¤±è´¥
[RZ-WORK-FLOW]2023/02/24 - 08:01:51.964	[34minfo[0m	C:/Users/withsky/Desktop/programs/golang/easy_tiktok(2)/easy_tiktok/cmd/api/controllor/user.go:30	è¯·æ±‚æ³¨å†Œ
[RZ-WORK-FLOW]2023/02/24 - 08:01:51.988	[31merror[0m	C:/Users/withsky/Desktop/programs/golang/easy_tiktok(2)/easy_tiktok/cmd/api/controllor/user.go:59	æœåŠ¡è¯·æ±‚å¤±è´¥
[RZ-WORK-FLOW]2023/02/24 - 08:01:54.755	[34minfo[0m	C:/Users/withsky/Desktop/programs/golang/easy_tiktok(2)/easy_tiktok/cmd/api/controllor/user.go:30	è¯·æ±‚æ³¨å†Œ
[RZ-WORK-FLOW]2023/02/24 - 08:01:54.781	[31merror[0m	C:/Users/withsky/Desktop/programs/golang/easy_tiktok(2)/easy_tiktok/cmd/api/controllor/user.go:59	æœåŠ¡è¯·æ±‚å¤±è´¥
[RZ-WORK-FLOW]2023/02/24 - 08:02:11.386	[34minfo[0m	C:/Users/withsky/Desktop/programs/golang/easy_tiktok(2)/easy_tiktok/cmd/api/controllor/user.go:30	è¯·æ±‚æ³¨å†Œ
[RZ-WORK-FLOW]2023/02/24 - 08:02:11.411	[31merror[0m	C:/Users/withsky/Desktop/programs/golang/easy_tiktok(2)/easy_tiktok/cmd/api/controllor/user.go:59	æœåŠ¡è¯·æ±‚å¤±è´¥
[RZ-WORK-FLOW]2023/02/24 - 08:02:13.858	[34minfo[0m	C:/Users/withsky/Desktop/programs/golang/easy_tiktok(2)/easy_tiktok/cmd/api/controllor/user.go:30	è¯·æ±‚æ³¨å†Œ
[RZ-WORK-FLOW]2023/02/24 - 08:02:13.884	[31merror[0m	C:/Users/withsky/Desktop/programs/golang/easy_tiktok(2)/easy_tiktok/cmd/api/controllor/user.go:59	æœåŠ¡è¯·æ±‚å¤±è´¥
[RZ-WORK-FLOW]2023/02/24 - 08:04:17.374	[34minfo[0m	C:/Users/withsky/Desktop/programs/golang/easy_tiktok(2)/easy_tiktok/cmd/api/controllor/user.go:30	è¯·æ±‚æ³¨å†Œ
[RZ-WORK-FLOW]2023/02/24 - 08:04:17.399	[31merror[0m	C:/Users/withsky/Desktop/programs/golang/easy_tiktok(2)/easy_tiktok/cmd/api/controllor/user.go:59	æœåŠ¡è¯·æ±‚å¤±è´¥
[RZ-WORK-FLOW]2023/02/24 - 08:04:28.428	[34minfo[0m	C:/Users/withsky/Desktop/programs/golang/easy_tiktok(2)/easy_tiktok/cmd/api/controllor/user.go:30	è¯·æ±‚æ³¨å†Œ
[RZ-WORK-FLOW]2023/02/24 - 08:04:28.453	[31merror[0m	C:/Users/withsky/Desktop/programs/golang/easy_tiktok(2)/easy_tiktok/cmd/api/controllor/user.go:59	æœåŠ¡è¯·æ±‚å¤±è´¥
[RZ-WORK-FLOW]2023/02/24 - 08:04:30.136	[34minfo[0m	C:/Users/withsky/Desktop/programs/golang/easy_tiktok(2)/easy_tiktok/cmd/api/controllor/user.go:30	è¯·æ±‚æ³¨å†Œ
[RZ-WORK-FLOW]2023/02/24 - 08:04:30.161	[31merror[0m	C:/Users/withsky/Desktop/programs/golang/easy_tiktok(2)/easy_tiktok/cmd/api/controllor/user.go:59	æœåŠ¡è¯·æ±‚å¤±è´¥
[RZ-WORK-FLOW]2023/02/24 - 08:06:08.774	[34minfo[0m	C:/Users/withsky/Desktop/programs/golang/easy_tiktok(2)/easy_tiktok/cmd/api/controllor/user.go:30	è¯·æ±‚æ³¨å†Œ
[RZ-WORK-FLOW]2023/02/24 - 08:06:08.798	[31merror[0m	C:/Users/withsky/Desktop/programs/golang/easy_tiktok(2)/easy_tiktok/cmd/api/controllor/user.go:59	æœåŠ¡è¯·æ±‚å¤±è´¥
[RZ-WORK-FLOW]2023/02/24 - 08:06:11.380	[34minfo[0m	C:/Users/withsky/Desktop/programs/golang/easy_tiktok(2)/easy_tiktok/cmd/api/controllor/user.go:30	è¯·æ±‚æ³¨å†Œ
[RZ-WORK-FLOW]2023/02/24 - 08:06:11.404	[31merror[0m	C:/Users/withsky/Desktop/programs/golang/easy_tiktok(2)/easy_tiktok/cmd/api/controllor/user.go:59	æœåŠ¡è¯·æ±‚å¤±è´¥
[RZ-WORK-FLOW]2023/02/24 - 08:08:37.892	[31merror[0m	C:/Users/withsky/Desktop/programs/golang/easy_tiktok(2)/easy_tiktok/cmd/api/controllor/message.go:90	è·å–ç”¨æˆ·IDå¤±è´¥
[RZ-WORK-FLOW]2023/02/24 - 08:08:41.031	[31merror[0m	C:/Users/withsky/Desktop/programs/golang/easy_tiktok(2)/easy_tiktok/cmd/api/controllor/message.go:90	è·å–ç”¨æˆ·IDå¤±è´¥
[RZ-WORK-FLOW]2023/02/24 - 08:09:25.816	[31merror[0m	C:/Users/withsky/Desktop/programs/golang/easy_tiktok(2)/easy_tiktok/cmd/api/controllor/message.go:90	è·å–ç”¨æˆ·IDå¤±è´¥
[RZ-WORK-FLOW]2023/02/24 - 08:09:28.062	[31merror[0m	C:/Users/withsky/Desktop/programs/golang/easy_tiktok(2)/easy_tiktok/cmd/api/controllor/message.go:90	è·å–ç”¨æˆ·IDå¤±è´¥
[RZ-WORK-FLOW]2023/02/24 - 08:09:29.295	[31merror[0m	C:/Users/withsky/Desktop/programs/golang/easy_tiktok(2)/easy_tiktok/cmd/api/controllor/message.go:90	è·å–ç”¨æˆ·IDå¤±è´¥
[RZ-WORK-FLOW]2023/02/24 - 08:09:43.521	[31merror[0m	C:/Users/withsky/Desktop/programs/golang/easy_tiktok(2)/easy_tiktok/cmd/api/controllor/message.go:90	è·å–ç”¨æˆ·IDå¤±è´¥
[RZ-WORK-FLOW]2023/02/24 - 08:09:44.883	[31merror[0m	C:/Users/withsky/Desktop/programs/golang/easy_tiktok(2)/easy_tiktok/cmd/api/controllor/message.go:90	è·å–ç”¨æˆ·IDå¤±è´¥
[RZ-WORK-FLOW]2023/02/24 - 08:10:31.055	[31merror[0m	C:/Users/withsky/Desktop/programs/golang/easy_tiktok(2)/easy_tiktok/cmd/api/controllor/message.go:90	è·å–ç”¨æˆ·IDå¤±è´¥
[RZ-WORK-FLOW]2023/02/24 - 08:10:32.648	[31merror[0m	C:/Users/withsky/Desktop/programs/golang/easy_tiktok(2)/easy_tiktok/cmd/api/controllor/message.go:90	è·å–ç”¨æˆ·IDå¤±è´¥
[RZ-WORK-FLOW]2023/02/24 - 08:10:40.307	[31merror[0m	C:/Users/withsky/Desktop/programs/golang/easy_tiktok(2)/easy_tiktok/cmd/api/controllor/message.go:90	è·å–ç”¨æˆ·IDå¤±è´¥
[RZ-WORK-FLOW]2023/02/24 - 08:14:02.945	[34minfo[0m	C:/Users/withsky/Desktop/programs/golang/easy_tiktok(2)/easy_tiktok/cmd/api/rpc/init.go:15	æˆåŠŸåˆå§‹åŒ–rpc
[RZ-WORK-FLOW]2023/02/24 - 08:14:03.008	[31merror[0m	C:/Users/withsky/Desktop/programs/golang/easy_tiktok(2)/easy_tiktok/cmd/api/main.go:41	+++++++++++++++++++++++
[RZ-WORK-FLOW]2023/02/24 - 08:14:07.966	[31merror[0m	C:/Users/withsky/Desktop/programs/golang/easy_tiktok(2)/easy_tiktok/cmd/api/controllor/message.go:91	è·å–ç”¨æˆ·IDå¤±è´¥
[RZ-WORK-FLOW]2023/02/24 - 08:14:28.886	[31merror[0m	C:/Users/withsky/Desktop/programs/golang/easy_tiktok(2)/easy_tiktok/cmd/api/controllor/message.go:91	è·å–ç”¨æˆ·IDå¤±è´¥
[RZ-WORK-FLOW]2023/02/24 - 08:17:56.540	[34minfo[0m	C:/Users/withsky/Desktop/programs/golang/easy_tiktok(2)/easy_tiktok/cmd/api/rpc/init.go:15	æˆåŠŸåˆå§‹åŒ–rpc
[RZ-WORK-FLOW]2023/02/24 - 08:17:56.603	[31merror[0m	C:/Users/withsky/Desktop/programs/golang/easy_tiktok(2)/easy_tiktok/cmd/api/main.go:41	+++++++++++++++++++++++
[RZ-WORK-FLOW]2023/02/24 - 08:20:12.403	[31merror[0m	C:/Users/withsky/Desktop/programs/golang/easy_tiktok(2)/easy_tiktok/cmd/api/controllor/publish.go:73	æœåŠ¡è¯·æ±‚å¤±è´¥
[RZ-WORK-FLOW]2023/02/24 - 08:20:16.646	[31merror[0m	C:/Users/withsky/Desktop/programs/golang/easy_tiktok(2)/easy_tiktok/cmd/api/controllor/publish.go:73	æœåŠ¡è¯·æ±‚å¤±è´¥
[RZ-WORK-FLOW]2023/02/24 - 08:20:18.551	[31merror[0m	C:/Users/withsky/Desktop/programs/golang/easy_tiktok(2)/easy_tiktok/cmd/api/controllor/publish.go:73	æœåŠ¡è¯·æ±‚å¤±è´¥
[RZ-WORK-FLOW]2023/02/24 - 08:28:38.126	[34minfo[0m	C:/Users/withsky/Desktop/programs/golang/easy_tiktok(2)/easy_tiktok/cmd/api/rpc/init.go:15	æˆåŠŸåˆå§‹åŒ–rpc
[RZ-WORK-FLOW]2023/02/24 - 08:28:38.188	[31merror[0m	C:/Users/withsky/Desktop/programs/golang/easy_tiktok(2)/easy_tiktok/cmd/api/main.go:41	+++++++++++++++++++++++
[RZ-WORK-FLOW]2023/02/24 - 08:28:43.421	[31merror[0m	C:/Users/withsky/Desktop/programs/golang/easy_tiktok(2)/easy_tiktok/cmd/api/controllor/publish.go:80	æœåŠ¡è¯·æ±‚å¤±è´¥
[RZ-WORK-FLOW]2023/02/24 - 08:28:46.029	[31merror[0m	C:/Users/withsky/Desktop/programs/golang/easy_tiktok(2)/easy_tiktok/cmd/api/controllor/publish.go:80	æœåŠ¡è¯·æ±‚å¤±è´¥
[RZ-WORK-FLOW]2023/02/24 - 08:29:28.143	[31merror[0m	C:/Users/withsky/Desktop/programs/golang/easy_tiktok(2)/easy_tiktok/cmd/api/controllor/publish.go:80	æœåŠ¡è¯·æ±‚å¤±è´¥
[RZ-WORK-FLOW]2023/02/24 - 08:30:21.472	[34minfo[0m	C:/Users/withsky/Desktop/programs/golang/easy_tiktok(2)/easy_tiktok/cmd/api/rpc/init.go:15	æˆåŠŸåˆå§‹åŒ–rpc
[RZ-WORK-FLOW]2023/02/24 - 08:30:21.534	[31merror[0m	C:/Users/withsky/Desktop/programs/golang/easy_tiktok(2)/easy_tiktok/cmd/api/main.go:41	+++++++++++++++++++++++
[RZ-WORK-FLOW]2023/02/24 - 08:30:28.167	[31merror[0m	C:/Users/withsky/Desktop/programs/golang/easy_tiktok(2)/easy_tiktok/cmd/api/controllor/publish.go:82	æœåŠ¡è¯·æ±‚å¤±è´¥
[RZ-WORK-FLOW]2023/02/24 - 08:51:09.621	[31merror[0m	C:/Users/withsky/Desktop/programs/golang/easy_tiktok(2)/easy_tiktok/cmd/api/controllor/publish.go:82	æœåŠ¡è¯·æ±‚å¤±è´¥
[RZ-WORK-FLOW]2023/02/24 - 08:55:41.043	[31merror[0m	C:/Users/withsky/Desktop/programs/golang/easy_tiktok(2)/easy_tiktok/cmd/api/controllor/publish.go:82	æœåŠ¡è¯·æ±‚å¤±è´¥
[RZ-WORK-FLOW]2023/02/24 - 09:11:07.479	[31merror[0m	C:/Users/withsky/Desktop/programs/golang/easy_tiktok(2)/easy_tiktok/cmd/api/controllor/publish.go:82	è·å–è§†é¢‘åˆ—è¡¨å¤±è´¥
[RZ-WORK-FLOW]2023/02/24 - 09:16:31.874	[31merror[0m	C:/Users/withsky/Desktop/programs/golang/easy_tiktok(2)/easy_tiktok/cmd/api/controllor/message.go:102	æœåŠ¡è¯·æ±‚å¤±è´¥
[RZ-WORK-FLOW]2023/02/24 - 09:54:37.123	[34minfo[0m	C:/Users/withsky/Desktop/programs/golang/easy_tiktok(2)/easy_tiktok/cmd/api/rpc/init.go:15	æˆåŠŸåˆå§‹åŒ–rpc
[RZ-WORK-FLOW]2023/02/24 - 09:54:37.266	[31merror[0m	C:/Users/withsky/Desktop/programs/golang/easy_tiktok(2)/easy_tiktok/cmd/api/main.go:41	+++++++++++++++++++++++
[RZ-WORK-FLOW]2023/02/24 - 09:56:41.387	[34minfo[0m	C:/Users/withsky/Desktop/programs/golang/easy_tiktok(2)/easy_tiktok/cmd/api/rpc/favorite.go:92	ç‚¹èµåˆ—è¡¨rpc
[RZ-WORK-FLOW]2023/02/24 - 09:56:42.913	[34minfo[0m	C:/Users/withsky/Desktop/programs/golang/easy_tiktok(2)/easy_tiktok/cmd/api/rpc/favorite.go:92	ç‚¹èµåˆ—è¡¨rpc
[RZ-WORK-FLOW]2023/02/24 - 09:56:43.798	[31merror[0m	C:/Users/withsky/Desktop/programs/golang/easy_tiktok(2)/easy_tiktok/cmd/api/controllor/publish.go:82	æœåŠ¡è¯·æ±‚å¤±è´¥
[RZ-WORK-FLOW]2023/02/24 - 09:56:45.240	[31merror[0m	C:/Users/withsky/Desktop/programs/golang/easy_tiktok(2)/easy_tiktok/cmd/api/controllor/publish.go:82	æœåŠ¡è¯·æ±‚å¤±è´¥
[RZ-WORK-FLOW]2023/02/24 - 09:58:41.283	[34minfo[0m	C:/Users/withsky/Desktop/programs/golang/easy_tiktok(2)/easy_tiktok/cmd/api/rpc/favorite.go:92	ç‚¹èµåˆ—è¡¨rpc
[RZ-WORK-FLOW]2023/02/24 - 09:58:48.976	[34minfo[0m	C:/Users/withsky/Desktop/programs/golang/easy_tiktok(2)/easy_tiktok/cmd/api/rpc/favorite.go:92	ç‚¹èµåˆ—è¡¨rpc
[RZ-WORK-FLOW]2023/02/24 - 09:58:48.977	[31merror[0m	C:/Users/withsky/Desktop/programs/golang/easy_tiktok(2)/easy_tiktok/cmd/api/controllor/publish.go:82	æœåŠ¡è¯·æ±‚å¤±è´¥
[RZ-WORK-FLOW]2023/02/24 - 10:00:11.813	[31merror[0m	C:/Users/withsky/Desktop/programs/golang/easy_tiktok(2)/easy_tiktok/cmd/api/controllor/message.go:102	æœåŠ¡è¯·æ±‚å¤±è´¥
[RZ-WORK-FLOW]2023/02/24 - 10:02:23.471	[34minfo[0m	C:/Users/withsky/Desktop/programs/golang/easy_tiktok(2)/easy_tiktok/cmd/api/rpc/favorite.go:92	ç‚¹èµåˆ—è¡¨rpc
[RZ-WORK-FLOW]2023/02/24 - 10:02:37.963	[31merror[0m	C:/Users/withsky/Desktop/programs/golang/easy_tiktok(2)/easy_tiktok/cmd/api/controllor/publish.go:43	æœåŠ¡è¯·æ±‚å¤±è´¥
[RZ-WORK-FLOW]2023/02/24 - 10:03:06.046	[34minfo[0m	C:/Users/withsky/Desktop/programs/golang/easy_tiktok(2)/easy_tiktok/cmd/api/rpc/favorite.go:92	ç‚¹èµåˆ—è¡¨rpc
[RZ-WORK-FLOW]2023/02/24 - 10:03:10.240	[34minfo[0m	C:/Users/withsky/Desktop/programs/golang/easy_tiktok(2)/easy_tiktok/cmd/api/rpc/favorite.go:92	ç‚¹èµåˆ—è¡¨rpc
[RZ-WORK-FLOW]2023/02/24 - 10:15:17.166	[34minfo[0m	C:/Users/withsky/Desktop/programs/golang/easy_tiktok(2)/easy_tiktok/cmd/api/rpc/favorite.go:92	ç‚¹èµåˆ—è¡¨rpc
[RZ-WORK-FLOW]2023/02/24 - 10:16:00.648	[31merror[0m	C:/Users/withsky/Desktop/programs/golang/easy_tiktok(2)/easy_tiktok/cmd/api/controllor/message.go:102	æœåŠ¡è¯·æ±‚å¤±è´¥
[RZ-WORK-FLOW]2023/02/24 - 10:16:29.372	[31merror[0m	C:/Users/withsky/Desktop/programs/golang/easy_tiktok(2)/easy_tiktok/cmd/api/controllor/message.go:102	æœåŠ¡è¯·æ±‚å¤±è´¥
[RZ-WORK-FLOW]2023/02/24 - 10:22:20.823	[34minfo[0m	C:/Users/withsky/Desktop/programs/golang/easy_tiktok(2)/easy_tiktok/cmd/api/rpc/favorite.go:92	ç‚¹èµåˆ—è¡¨rpc
[RZ-WORK-FLOW]2023/02/24 - 10:22:34.286	[34minfo[0m	C:/Users/withsky/Desktop/programs/golang/easy_tiktok(2)/easy_tiktok/cmd/api/rpc/favorite.go:92	ç‚¹èµåˆ—è¡¨rpc
[RZ-WORK-FLOW]2023/02/24 - 10:22:34.287	[31merror[0m	C:/Users/withsky/Desktop/programs/golang/easy_tiktok(2)/easy_tiktok/cmd/api/controllor/publish.go:82	æœåŠ¡è¯·æ±‚å¤±è´¥
[RZ-WORK-FLOW]2023/02/24 - 10:40:25.604	[34minfo[0m	C:/Users/withsky/Desktop/programs/golang/easy_tiktok(2)/easy_tiktok/cmd/api/rpc/favorite.go:92	ç‚¹èµåˆ—è¡¨rpc
[RZ-WORK-FLOW]2023/02/24 - 10:56:40.473	[31merror[0m	C:/Users/withsky/Desktop/programs/golang/easy_tiktok(2)/easy_tiktok/cmd/api/controllor/message.go:102	æœåŠ¡è¯·æ±‚å¤±è´¥
[RZ-WORK-FLOW]2023/02/24 - 10:58:55.635	[31merror[0m	C:/Users/withsky/Desktop/programs/golang/easy_tiktok(2)/easy_tiktok/cmd/api/controllor/message.go:102	æœåŠ¡è¯·æ±‚å¤±è´¥
[RZ-WORK-FLOW]2023/02/24 - 11:24:11.475	[34minfo[0m	C:/Users/withsky/Desktop/programs/golang/easy_tiktok(2)/easy_tiktok/cmd/api/rpc/favorite.go:92	ç‚¹èµåˆ—è¡¨rpc
[RZ-WORK-FLOW]2023/02/24 - 11:24:12.968	[34minfo[0m	C:/Users/withsky/Desktop/programs/golang/easy_tiktok(2)/easy_tiktok/cmd/api/rpc/favorite.go:92	ç‚¹èµåˆ—è¡¨rpc
[RZ-WORK-FLOW]2023/02/24 - 11:24:17.605	[34minfo[0m	C:/Users/withsky/Desktop/programs/golang/easy_tiktok(2)/easy_tiktok/cmd/api/rpc/favorite.go:92	ç‚¹èµåˆ—è¡¨rpc
[RZ-WORK-FLOW]2023/02/24 - 11:24:25.536	[34minfo[0m	C:/Users/withsky/Desktop/programs/golang/easy_tiktok(2)/easy_tiktok/cmd/api/rpc/favorite.go:92	ç‚¹èµåˆ—è¡¨rpc
[RZ-WORK-FLOW]2023/02/24 - 11:24:26.392	[31merror[0m	C:/Users/withsky/Desktop/programs/golang/easy_tiktok(2)/easy_tiktok/cmd/api/controllor/message.go:102	æœåŠ¡è¯·æ±‚å¤±è´¥
[RZ-WORK-FLOW]2023/02/24 - 11:24:27.847	[31merror[0m	C:/Users/withsky/Desktop/programs/golang/easy_tiktok(2)/easy_tiktok/cmd/api/controllor/publish.go:82	æœåŠ¡è¯·æ±‚å¤±è´¥
[RZ-WORK-FLOW]2023/02/24 - 11:24:27.878	[34minfo[0m	C:/Users/withsky/Desktop/programs/golang/easy_tiktok(2)/easy_tiktok/cmd/api/rpc/favorite.go:92	ç‚¹èµåˆ—è¡¨rpc
[RZ-WORK-FLOW]2023/02/24 - 11:24:48.657	[34minfo[0m	C:/Users/withsky/Desktop/programs/golang/easy_tiktok(2)/easy_tiktok/cmd/api/rpc/favorite.go:92	ç‚¹èµåˆ—è¡¨rpc
[RZ-WORK-FLOW]2023/02/24 - 11:24:48.658	[31merror[0m	C:/Users/withsky/Desktop/programs/golang/easy_tiktok(2)/easy_tiktok/cmd/api/controllor/publish.go:82	æœåŠ¡è¯·æ±‚å¤±è´¥
