[RZ-WORK-FLOW]2023/02/22 - 18:47:04.852	[34minfo[0m	C:/Users/withsky/Desktop/programs/golang/easy_tiktok/cmd/user_service/handler.go:66	ç”¨æˆ·æ³¨å†Œ
[RZ-WORK-FLOW]2023/02/22 - 18:47:04.854	[34minfo[0m	C:/Users/withsky/Desktop/programs/golang/easy_tiktok/cmd/user_service/service/user_register.go:13	ç”¨æˆ·æ³¨å†ŒæœåŠ¡
[RZ-WORK-FLOW]2023/02/22 - 18:47:05.509	[31merror[0m	C:/Users/withsky/Desktop/programs/golang/easy_tiktok/cmd/user_service/service/user_register.go:38	æ³¨å†ŒæˆåŠŸ
[RZ-WORK-FLOW]2023/02/22 - 18:47:05.509	[31merror[0m	C:/Users/withsky/Desktop/programs/golang/easy_tiktok/cmd/user_service/handler.go:98	ç”¨æˆ·æ³¨å†ŒæœåŠ¡æˆåŠŸ
[RZ-WORK-FLOW]2023/02/22 - 18:47:05.513	[31merror[0m	C:/Users/withsky/Desktop/programs/golang/easy_tiktok/cmd/user_service/handler.go:106	eyJhbGciOiJIUzI1NiIsInR5cCI6IkpXVCJ9.eyJ1c2VyX2lkIjozMCwiZXhwIjoxNjg3OTQ5MjI1LCJpc3MiOiJYRHJlYW0ifQ.P_Xc06HB0zC_jCyyNenfGE7X6cGTEU2CUPFR_s_42Bo
[RZ-WORK-FLOW]2023/02/22 - 18:47:05.513	[34minfo[0m	C:/Users/withsky/Desktop/programs/golang/easy_tiktok/cmd/user_service/handler.go:107	æ³¨å†Œ
[RZ-WORK-FLOW]2023/02/22 - 18:47:06.533	[34minfo[0m	C:/Users/withsky/Desktop/programs/golang/easy_tiktok/cmd/user_service/handler.go:113	ç”¨æˆ·ä¿¡æ¯
[RZ-WORK-FLOW]2023/02/22 - 18:48:29.715	[34minfo[0m	C:/Users/withsky/Desktop/programs/golang/easy_tiktok/cmd/user_service/handler.go:19	ç”¨æˆ·ç™»å½•
[RZ-WORK-FLOW]2023/02/22 - 18:48:29.716	[34minfo[0m	C:/Users/withsky/Desktop/programs/golang/easy_tiktok/cmd/user_service/service/user_login.go:14	ç”¨æˆ·ç™»å½•æœåŠ¡
[RZ-WORK-FLOW]2023/02/22 - 18:48:29.973	[34minfo[0m	C:/Users/withsky/Desktop/programs/golang/easy_tiktok/cmd/user_service/service/user_login.go:44	eyJhbGciOiJIUzI1NiIsInR5cCI6IkpXVCJ9.eyJ1c2VyX2lkIjowLCJleHAiOjE2ODc5NDkzMDksImlzcyI6IlhEcmVhbSJ9.xFkM6ra44XF4ytW_OcKrmRR2jkkCz37BIn5Wi63shA4
[RZ-WORK-FLOW]2023/02/22 - 18:48:29.973	[31merror[0m	C:/Users/withsky/Desktop/programs/golang/easy_tiktok/cmd/user_service/handler.go:51	ç”¨æˆ·ç™»å½•æœåŠ¡æˆåŠŸ
[RZ-WORK-FLOW]2023/02/22 - 18:48:29.973	[31merror[0m	C:/Users/withsky/Desktop/programs/golang/easy_tiktok/cmd/user_service/handler.go:59	eyJhbGciOiJIUzI1NiIsInR5cCI6IkpXVCJ9.eyJ1c2VyX2lkIjowLCJleHAiOjE2ODc5NDkzMDksImlzcyI6IlhEcmVhbSJ9.xFkM6ra44XF4ytW_OcKrmRR2jkkCz37BIn5Wi63shA4
[RZ-WORK-FLOW]2023/02/22 - 18:48:29.974	[34minfo[0m	C:/Users/withsky/Desktop/programs/golang/easy_tiktok/cmd/user_service/handler.go:60	ç™»å½•
[RZ-WORK-FLOW]2023/02/22 - 18:48:29.983	[34minfo[0m	C:/Users/withsky/Desktop/programs/golang/easy_tiktok/cmd/user_service/handler.go:113	ç”¨æˆ·ä¿¡æ¯
[RZ-WORK-FLOW]2023/02/22 - 18:49:21.377	[34minfo[0m	C:/Users/withsky/Desktop/programs/golang/easy_tiktok/cmd/user_service/service/user_login.go:14	ç”¨æˆ·ç™»å½•æœåŠ¡
[RZ-WORK-FLOW]2023/02/22 - 18:49:21.652	[34minfo[0m	C:/Users/withsky/Desktop/programs/golang/easy_tiktok/cmd/user_service/service/user_login.go:44	eyJhbGciOiJIUzI1NiIsInR5cCI6IkpXVCJ9.eyJ1c2VyX2lkIjowLCJleHAiOjE2ODc5NDkzNjEsImlzcyI6IlhEcmVhbSJ9.pjxsluIA7tT-OOB5UIsdTrYzdeDDQD9PUt0ZLqmSDPM
[RZ-WORK-FLOW]2023/02/22 - 18:49:21.652	[31merror[0m	C:/Users/withsky/Desktop/programs/golang/easy_tiktok/cmd/user_service/handler.go:51	ç”¨æˆ·ç™»å½•æœåŠ¡æˆåŠŸ
[RZ-WORK-FLOW]2023/02/22 - 18:49:21.652	[31merror[0m	C:/Users/withsky/Desktop/programs/golang/easy_tiktok/cmd/user_service/handler.go:59	eyJhbGciOiJIUzI1NiIsInR5cCI6IkpXVCJ9.eyJ1c2VyX2lkIjowLCJleHAiOjE2ODc5NDkzNjEsImlzcyI6IlhEcmVhbSJ9.pjxsluIA7tT-OOB5UIsdTrYzdeDDQD9PUt0ZLqmSDPM
[RZ-WORK-FLOW]2023/02/22 - 18:52:15.684	[34minfo[0m	C:/Users/withsky/Desktop/programs/golang/easy_tiktok/cmd/user_service/service/user_info.go:12	ç”¨æˆ·ä¿¡æ¯æœåŠ¡
[RZ-WORK-FLOW]2023/02/22 - 18:54:54.614	[34minfo[0m	C:/Users/withsky/Desktop/programs/golang/easy_tiktok/cmd/user_service/handler.go:19	ç”¨æˆ·ç™»å½•
[RZ-WORK-FLOW]2023/02/22 - 18:54:54.616	[34minfo[0m	C:/Users/withsky/Desktop/programs/golang/easy_tiktok/cmd/user_service/service/user_login.go:14	ç”¨æˆ·ç™»å½•æœåŠ¡
[RZ-WORK-FLOW]2023/02/22 - 18:54:54.877	[34minfo[0m	C:/Users/withsky/Desktop/programs/golang/easy_tiktok/cmd/user_service/service/user_login.go:44	eyJhbGciOiJIUzI1NiIsInR5cCI6IkpXVCJ9.eyJ1c2VyX2lkIjowLCJleHAiOjE2ODc5NDk2OTQsImlzcyI6IlhEcmVhbSJ9.QSLS-4_dKBKv2fHdWhywnJ0V2jahhXrLfzMtR7c1iSQ
[RZ-WORK-FLOW]2023/02/22 - 18:54:54.878	[34minfo[0m	C:/Users/withsky/Desktop/programs/golang/easy_tiktok/cmd/user_service/handler.go:59	eyJhbGciOiJIUzI1NiIsInR5cCI6IkpXVCJ9.eyJ1c2VyX2lkIjowLCJleHAiOjE2ODc5NDk2OTQsImlzcyI6IlhEcmVhbSJ9.QSLS-4_dKBKv2fHdWhywnJ0V2jahhXrLfzMtR7c1iSQ
[RZ-WORK-FLOW]2023/02/22 - 18:54:54.878	[34minfo[0m	C:/Users/withsky/Desktop/programs/golang/easy_tiktok/cmd/user_service/handler.go:60	ç™»å½•
[RZ-WORK-FLOW]2023/02/22 - 18:54:54.890	[34minfo[0m	C:/Users/withsky/Desktop/programs/golang/easy_tiktok/cmd/user_service/handler.go:113	ç”¨æˆ·ä¿¡æ¯
[RZ-WORK-FLOW]2023/02/22 - 18:54:54.890	[34minfo[0m	C:/Users/withsky/Desktop/programs/golang/easy_tiktok/cmd/user_service/service/user_info.go:12	ç”¨æˆ·ä¿¡æ¯æœåŠ¡
[RZ-WORK-FLOW]2023/02/22 - 18:54:55.391	[34minfo[0m	C:/Users/withsky/Desktop/programs/golang/easy_tiktok/cmd/user_service/service/user_info.go:44	ç”¨æˆ·ä¿¡æ¯æŸ¥è¯¢æˆåŠŸ
[RZ-WORK-FLOW]2023/02/22 - 18:55:24.886	[34minfo[0m	C:/Users/withsky/Desktop/programs/golang/easy_tiktok/cmd/user_service/handler.go:66	ç”¨æˆ·æ³¨å†Œ
[RZ-WORK-FLOW]2023/02/22 - 18:55:24.887	[34minfo[0m	C:/Users/withsky/Desktop/programs/golang/easy_tiktok/cmd/user_service/service/user_register.go:13	ç”¨æˆ·æ³¨å†ŒæœåŠ¡
[RZ-WORK-FLOW]2023/02/22 - 18:55:25.640	[34minfo[0m	C:/Users/withsky/Desktop/programs/golang/easy_tiktok/cmd/user_service/handler.go:107	æ³¨å†Œ
[RZ-WORK-FLOW]2023/02/22 - 18:55:26.658	[34minfo[0m	C:/Users/withsky/Desktop/programs/golang/easy_tiktok/cmd/user_service/handler.go:113	ç”¨æˆ·ä¿¡æ¯
[RZ-WORK-FLOW]2023/02/22 - 18:55:26.659	[34minfo[0m	C:/Users/withsky/Desktop/programs/golang/easy_tiktok/cmd/user_service/service/user_info.go:12	ç”¨æˆ·ä¿¡æ¯æœåŠ¡
[RZ-WORK-FLOW]2023/02/22 - 18:55:27.193	[34minfo[0m	C:/Users/withsky/Desktop/programs/golang/easy_tiktok/cmd/user_service/service/user_info.go:44	ç”¨æˆ·ä¿¡æ¯æŸ¥è¯¢æˆåŠŸ
[RZ-WORK-FLOW]2023/02/22 - 18:55:53.075	[34minfo[0m	C:/Users/withsky/Desktop/programs/golang/easy_tiktok/cmd/user_service/handler.go:66	ç”¨æˆ·æ³¨å†Œ
[RZ-WORK-FLOW]2023/02/22 - 18:55:53.075	[34minfo[0m	C:/Users/withsky/Desktop/programs/golang/easy_tiktok/cmd/user_service/service/user_register.go:13	ç”¨æˆ·æ³¨å†ŒæœåŠ¡
[RZ-WORK-FLOW]2023/02/22 - 18:55:53.352	[34minfo[0m	C:/Users/withsky/Desktop/programs/golang/easy_tiktok/cmd/user_service/handler.go:107	æ³¨å†Œ
[RZ-WORK-FLOW]2023/02/22 - 18:55:56.654	[34minfo[0m	C:/Users/withsky/Desktop/programs/golang/easy_tiktok/cmd/user_service/handler.go:66	ç”¨æˆ·æ³¨å†Œ
[RZ-WORK-FLOW]2023/02/22 - 18:55:56.655	[34minfo[0m	C:/Users/withsky/Desktop/programs/golang/easy_tiktok/cmd/user_service/service/user_register.go:13	ç”¨æˆ·æ³¨å†ŒæœåŠ¡
[RZ-WORK-FLOW]2023/02/22 - 18:55:56.915	[34minfo[0m	C:/Users/withsky/Desktop/programs/golang/easy_tiktok/cmd/user_service/handler.go:107	æ³¨å†Œ
[RZ-WORK-FLOW]2023/02/22 - 18:55:58.089	[34minfo[0m	C:/Users/withsky/Desktop/programs/golang/easy_tiktok/cmd/user_service/handler.go:66	ç”¨æˆ·æ³¨å†Œ
[RZ-WORK-FLOW]2023/02/22 - 18:55:58.089	[34minfo[0m	C:/Users/withsky/Desktop/programs/golang/easy_tiktok/cmd/user_service/service/user_register.go:13	ç”¨æˆ·æ³¨å†ŒæœåŠ¡
[RZ-WORK-FLOW]2023/02/22 - 18:55:58.349	[34minfo[0m	C:/Users/withsky/Desktop/programs/golang/easy_tiktok/cmd/user_service/handler.go:107	æ³¨å†Œ
[RZ-WORK-FLOW]2023/02/22 - 18:55:59.918	[34minfo[0m	C:/Users/withsky/Desktop/programs/golang/easy_tiktok/cmd/user_service/handler.go:66	ç”¨æˆ·æ³¨å†Œ
[RZ-WORK-FLOW]2023/02/22 - 18:55:59.918	[34minfo[0m	C:/Users/withsky/Desktop/programs/golang/easy_tiktok/cmd/user_service/service/user_register.go:13	ç”¨æˆ·æ³¨å†ŒæœåŠ¡
[RZ-WORK-FLOW]2023/02/22 - 18:56:00.240	[34minfo[0m	C:/Users/withsky/Desktop/programs/golang/easy_tiktok/cmd/user_service/handler.go:107	æ³¨å†Œ
[RZ-WORK-FLOW]2023/02/22 - 18:56:35.647	[34minfo[0m	C:/Users/withsky/Desktop/programs/golang/easy_tiktok/cmd/user_service/handler.go:66	ç”¨æˆ·æ³¨å†Œ
[RZ-WORK-FLOW]2023/02/22 - 18:56:35.648	[34minfo[0m	C:/Users/withsky/Desktop/programs/golang/easy_tiktok/cmd/user_service/service/user_register.go:13	ç”¨æˆ·æ³¨å†ŒæœåŠ¡
[RZ-WORK-FLOW]2023/02/22 - 18:56:35.949	[34minfo[0m	C:/Users/withsky/Desktop/programs/golang/easy_tiktok/cmd/user_service/handler.go:107	æ³¨å†Œ
[RZ-WORK-FLOW]2023/02/22 - 18:56:45.593	[34minfo[0m	C:/Users/withsky/Desktop/programs/golang/easy_tiktok/cmd/user_service/handler.go:19	ç”¨æˆ·ç™»å½•
[RZ-WORK-FLOW]2023/02/22 - 18:56:45.593	[34minfo[0m	C:/Users/withsky/Desktop/programs/golang/easy_tiktok/cmd/user_service/service/user_login.go:14	ç”¨æˆ·ç™»å½•æœåŠ¡
[RZ-WORK-FLOW]2023/02/22 - 18:56:45.871	[34minfo[0m	C:/Users/withsky/Desktop/programs/golang/easy_tiktok/cmd/user_service/service/user_login.go:44	eyJhbGciOiJIUzI1NiIsInR5cCI6IkpXVCJ9.eyJ1c2VyX2lkIjowLCJleHAiOjE2ODc5NDk4MDUsImlzcyI6IlhEcmVhbSJ9.kWXmIlEWV0KZExxrc4ubFTQGqukFSvpBHoYARc4RUZo
[RZ-WORK-FLOW]2023/02/22 - 18:56:45.871	[34minfo[0m	C:/Users/withsky/Desktop/programs/golang/easy_tiktok/cmd/user_service/handler.go:59	eyJhbGciOiJIUzI1NiIsInR5cCI6IkpXVCJ9.eyJ1c2VyX2lkIjowLCJleHAiOjE2ODc5NDk4MDUsImlzcyI6IlhEcmVhbSJ9.kWXmIlEWV0KZExxrc4ubFTQGqukFSvpBHoYARc4RUZo
[RZ-WORK-FLOW]2023/02/22 - 18:56:45.871	[34minfo[0m	C:/Users/withsky/Desktop/programs/golang/easy_tiktok/cmd/user_service/handler.go:60	ç™»å½•
[RZ-WORK-FLOW]2023/02/22 - 18:56:45.880	[34minfo[0m	C:/Users/withsky/Desktop/programs/golang/easy_tiktok/cmd/user_service/handler.go:113	ç”¨æˆ·ä¿¡æ¯
[RZ-WORK-FLOW]2023/02/22 - 18:56:45.881	[34minfo[0m	C:/Users/withsky/Desktop/programs/golang/easy_tiktok/cmd/user_service/service/user_info.go:12	ç”¨æˆ·ä¿¡æ¯æœåŠ¡
[RZ-WORK-FLOW]2023/02/22 - 18:56:46.470	[34minfo[0m	C:/Users/withsky/Desktop/programs/golang/easy_tiktok/cmd/user_service/service/user_info.go:44	ç”¨æˆ·ä¿¡æ¯æŸ¥è¯¢æˆåŠŸ
[RZ-WORK-FLOW]2023/02/22 - 18:58:05.749	[34minfo[0m	C:/Users/withsky/Desktop/programs/golang/easy_tiktok/cmd/user_service/handler.go:66	ç”¨æˆ·æ³¨å†Œ
[RZ-WORK-FLOW]2023/02/22 - 18:58:05.751	[34minfo[0m	C:/Users/withsky/Desktop/programs/golang/easy_tiktok/cmd/user_service/service/user_register.go:13	ç”¨æˆ·æ³¨å†ŒæœåŠ¡
[RZ-WORK-FLOW]2023/02/22 - 18:58:06.019	[31merror[0m	C:/Users/withsky/Desktop/programs/golang/easy_tiktok/cmd/user_service/service/user_register.go:44	ç”¨æˆ·åå·²å­˜åœ¨
[RZ-WORK-FLOW]2023/02/22 - 18:58:06.020	[34minfo[0m	C:/Users/withsky/Desktop/programs/golang/easy_tiktok/cmd/user_service/handler.go:107	æ³¨å†Œ
[RZ-WORK-FLOW]2023/02/22 - 18:58:09.482	[34minfo[0m	C:/Users/withsky/Desktop/programs/golang/easy_tiktok/cmd/user_service/handler.go:66	ç”¨æˆ·æ³¨å†Œ
[RZ-WORK-FLOW]2023/02/22 - 18:58:09.482	[34minfo[0m	C:/Users/withsky/Desktop/programs/golang/easy_tiktok/cmd/user_service/service/user_register.go:13	ç”¨æˆ·æ³¨å†ŒæœåŠ¡
[RZ-WORK-FLOW]2023/02/22 - 18:58:09.749	[31merror[0m	C:/Users/withsky/Desktop/programs/golang/easy_tiktok/cmd/user_service/service/user_register.go:44	ç”¨æˆ·åå·²å­˜åœ¨
[RZ-WORK-FLOW]2023/02/22 - 18:58:09.749	[34minfo[0m	C:/Users/withsky/Desktop/programs/golang/easy_tiktok/cmd/user_service/handler.go:107	æ³¨å†Œ
[RZ-WORK-FLOW]2023/02/22 - 19:01:33.467	[34minfo[0m	C:/Users/withsky/Desktop/programs/golang/easy_tiktok/cmd/user_service/handler.go:66	ç”¨æˆ·æ³¨å†Œ
[RZ-WORK-FLOW]2023/02/22 - 19:01:33.468	[34minfo[0m	C:/Users/withsky/Desktop/programs/golang/easy_tiktok/cmd/user_service/service/user_register.go:13	ç”¨æˆ·æ³¨å†ŒæœåŠ¡
[RZ-WORK-FLOW]2023/02/22 - 19:01:33.723	[31merror[0m	C:/Users/withsky/Desktop/programs/golang/easy_tiktok/cmd/user_service/service/user_register.go:44	ç”¨æˆ·åå·²å­˜åœ¨
[RZ-WORK-FLOW]2023/02/22 - 19:01:33.724	[31merror[0m	C:/Users/withsky/Desktop/programs/golang/easy_tiktok/cmd/user_service/handler.go:103	ç”¨æˆ·æ³¨å†ŒæœåŠ¡é”™è¯¯
[RZ-WORK-FLOW]2023/02/22 - 19:01:33.724	[34minfo[0m	C:/Users/withsky/Desktop/programs/golang/easy_tiktok/cmd/user_service/handler.go:106	
[RZ-WORK-FLOW]2023/02/22 - 19:01:33.724	[34minfo[0m	C:/Users/withsky/Desktop/programs/golang/easy_tiktok/cmd/user_service/handler.go:107	æ³¨å†Œ
[RZ-WORK-FLOW]2023/02/22 - 19:01:42.849	[34minfo[0m	C:/Users/withsky/Desktop/programs/golang/easy_tiktok/cmd/user_service/handler.go:66	ç”¨æˆ·æ³¨å†Œ
[RZ-WORK-FLOW]2023/02/22 - 19:01:42.849	[34minfo[0m	C:/Users/withsky/Desktop/programs/golang/easy_tiktok/cmd/user_service/service/user_register.go:13	ç”¨æˆ·æ³¨å†ŒæœåŠ¡
[RZ-WORK-FLOW]2023/02/22 - 19:01:43.469	[31merror[0m	C:/Users/withsky/Desktop/programs/golang/easy_tiktok/cmd/user_service/service/user_register.go:38	æ³¨å†ŒæˆåŠŸ
[RZ-WORK-FLOW]2023/02/22 - 19:01:43.471	[31merror[0m	C:/Users/withsky/Desktop/programs/golang/easy_tiktok/cmd/user_service/handler.go:98	ç”¨æˆ·æ³¨å†ŒæœåŠ¡æˆåŠŸ
[RZ-WORK-FLOW]2023/02/22 - 19:01:43.471	[34minfo[0m	C:/Users/withsky/Desktop/programs/golang/easy_tiktok/cmd/user_service/handler.go:106	eyJhbGciOiJIUzI1NiIsInR5cCI6IkpXVCJ9.eyJ1c2VyX2lkIjozMiwiZXhwIjoxNjg3OTUwMTAzLCJpc3MiOiJYRHJlYW0ifQ.hwHpAM4AtivRo62vDPUbluTt0666Z6mO1tLRc_0cxmk
[RZ-WORK-FLOW]2023/02/22 - 19:01:43.471	[34minfo[0m	C:/Users/withsky/Desktop/programs/golang/easy_tiktok/cmd/user_service/handler.go:107	æ³¨å†Œ
[RZ-WORK-FLOW]2023/02/22 - 19:01:44.488	[34minfo[0m	C:/Users/withsky/Desktop/programs/golang/easy_tiktok/cmd/user_service/handler.go:113	ç”¨æˆ·ä¿¡æ¯
[RZ-WORK-FLOW]2023/02/22 - 19:01:44.488	[34minfo[0m	C:/Users/withsky/Desktop/programs/golang/easy_tiktok/cmd/user_service/service/user_info.go:12	ç”¨æˆ·ä¿¡æ¯æœåŠ¡
[RZ-WORK-FLOW]2023/02/22 - 19:01:45.026	[34minfo[0m	C:/Users/withsky/Desktop/programs/golang/easy_tiktok/cmd/user_service/service/user_info.go:44	ç”¨æˆ·ä¿¡æ¯æŸ¥è¯¢æˆåŠŸ
[RZ-WORK-FLOW]2023/02/22 - 19:01:45.026	[31merror[0m	C:/Users/withsky/Desktop/programs/golang/easy_tiktok/cmd/user_service/handler.go:135	ç”¨æˆ·ä¿¡æ¯æœåŠ¡æˆåŠŸ
[RZ-WORK-FLOW]2023/02/22 - 19:02:15.263	[34minfo[0m	C:/Users/withsky/Desktop/programs/golang/easy_tiktok/cmd/user_service/handler.go:19	ç”¨æˆ·ç™»å½•
[RZ-WORK-FLOW]2023/02/22 - 19:02:15.264	[34minfo[0m	C:/Users/withsky/Desktop/programs/golang/easy_tiktok/cmd/user_service/service/user_login.go:14	ç”¨æˆ·ç™»å½•æœåŠ¡
[RZ-WORK-FLOW]2023/02/22 - 19:02:15.541	[34minfo[0m	C:/Users/withsky/Desktop/programs/golang/easy_tiktok/cmd/user_service/service/user_login.go:44	eyJhbGciOiJIUzI1NiIsInR5cCI6IkpXVCJ9.eyJ1c2VyX2lkIjowLCJleHAiOjE2ODc5NTAxMzUsImlzcyI6IlhEcmVhbSJ9.11_ZduLjtjUQ5sbF0JWbUzwHpHm18QLhWVMoE6KR8yI
[RZ-WORK-FLOW]2023/02/22 - 19:02:15.541	[31merror[0m	C:/Users/withsky/Desktop/programs/golang/easy_tiktok/cmd/user_service/handler.go:51	ç”¨æˆ·ç™»å½•æœåŠ¡æˆåŠŸ
[RZ-WORK-FLOW]2023/02/22 - 19:02:15.541	[34minfo[0m	C:/Users/withsky/Desktop/programs/golang/easy_tiktok/cmd/user_service/handler.go:59	eyJhbGciOiJIUzI1NiIsInR5cCI6IkpXVCJ9.eyJ1c2VyX2lkIjowLCJleHAiOjE2ODc5NTAxMzUsImlzcyI6IlhEcmVhbSJ9.11_ZduLjtjUQ5sbF0JWbUzwHpHm18QLhWVMoE6KR8yI
[RZ-WORK-FLOW]2023/02/22 - 19:02:15.541	[34minfo[0m	C:/Users/withsky/Desktop/programs/golang/easy_tiktok/cmd/user_service/handler.go:60	ç™»å½•
[RZ-WORK-FLOW]2023/02/22 - 19:02:15.551	[34minfo[0m	C:/Users/withsky/Desktop/programs/golang/easy_tiktok/cmd/user_service/handler.go:113	ç”¨æˆ·ä¿¡æ¯
[RZ-WORK-FLOW]2023/02/22 - 19:02:15.551	[34minfo[0m	C:/Users/withsky/Desktop/programs/golang/easy_tiktok/cmd/user_service/service/user_info.go:12	ç”¨æˆ·ä¿¡æ¯æœåŠ¡
[RZ-WORK-FLOW]2023/02/22 - 19:02:16.068	[34minfo[0m	C:/Users/withsky/Desktop/programs/golang/easy_tiktok/cmd/user_service/service/user_info.go:44	ç”¨æˆ·ä¿¡æ¯æŸ¥è¯¢æˆåŠŸ
[RZ-WORK-FLOW]2023/02/22 - 19:02:16.068	[31merror[0m	C:/Users/withsky/Desktop/programs/golang/easy_tiktok/cmd/user_service/handler.go:135	ç”¨æˆ·ä¿¡æ¯æœåŠ¡æˆåŠŸ
