[RZ-WORK-FLOW]2023/02/23 - 02:11:57.240	[34minfo[0m	C:/Users/HK/Desktop/easy_tiktok/cmd/user_service/handler.go:19	ç”¨æˆ·ç™»å½•
[RZ-WORK-FLOW]2023/02/23 - 02:11:57.244	[34minfo[0m	C:/Users/HK/Desktop/easy_tiktok/cmd/user_service/service/user_login.go:14	ç”¨æˆ·ç™»å½•æœåŠ¡
[RZ-WORK-FLOW]2023/02/23 - 02:11:57.244	[31merror[0m	C:/Users/HK/Desktop/easy_tiktok/cmd/user_service/service/user_login.go:17	å¯†ç é”™è¯¯
[RZ-WORK-FLOW]2023/02/23 - 02:11:57.244	[31merror[0m	C:/Users/HK/Desktop/easy_tiktok/cmd/user_service/handler.go:52	ç”¨æˆ·ç™»å½•æœåŠ¡é”™è¯¯
[RZ-WORK-FLOW]2023/02/23 - 02:13:27.978	[34minfo[0m	C:/Users/HK/Desktop/easy_tiktok/cmd/user_service/handler.go:60	ç”¨æˆ·æ³¨å†Œ
[RZ-WORK-FLOW]2023/02/23 - 02:13:27.979	[34minfo[0m	C:/Users/HK/Desktop/easy_tiktok/cmd/user_service/service/user_register.go:13	ç”¨æˆ·æ³¨å†ŒæœåŠ¡
[RZ-WORK-FLOW]2023/02/23 - 02:13:28.623	[31merror[0m	C:/Users/HK/Desktop/easy_tiktok/cmd/user_service/service/user_register.go:39	æ³¨å†ŒæˆåŠŸ
[RZ-WORK-FLOW]2023/02/23 - 02:13:28.624	[31merror[0m	C:/Users/HK/Desktop/easy_tiktok/cmd/user_service/handler.go:88	ç”¨æˆ·æ³¨å†ŒæœåŠ¡æˆåŠŸ
[RZ-WORK-FLOW]2023/02/23 - 02:13:29.661	[34minfo[0m	C:/Users/HK/Desktop/easy_tiktok/cmd/user_service/handler.go:101	ç”¨æˆ·ä¿¡æ¯
[RZ-WORK-FLOW]2023/02/23 - 02:13:29.662	[31merror[0m	C:/Users/HK/Desktop/easy_tiktok/cmd/user_service/handler.go:118	ç”¨æˆ·IDä¸ºç©º
[RZ-WORK-FLOW]2023/02/23 - 02:17:23.390	[34minfo[0m	C:/Users/HK/Desktop/easy_tiktok/cmd/user_service/handler.go:60	ç”¨æˆ·æ³¨å†Œ
[RZ-WORK-FLOW]2023/02/23 - 02:17:23.393	[34minfo[0m	C:/Users/HK/Desktop/easy_tiktok/cmd/user_service/service/user_register.go:13	ç”¨æˆ·æ³¨å†ŒæœåŠ¡
[RZ-WORK-FLOW]2023/02/23 - 02:17:24.038	[31merror[0m	C:/Users/HK/Desktop/easy_tiktok/cmd/user_service/service/user_register.go:40	æ³¨å†ŒæˆåŠŸ
[RZ-WORK-FLOW]2023/02/23 - 02:17:24.039	[31merror[0m	C:/Users/HK/Desktop/easy_tiktok/cmd/user_service/handler.go:88	ç”¨æˆ·æ³¨å†ŒæœåŠ¡æˆåŠŸ
[RZ-WORK-FLOW]2023/02/23 - 02:17:25.061	[34minfo[0m	C:/Users/HK/Desktop/easy_tiktok/cmd/user_service/handler.go:101	ç”¨æˆ·ä¿¡æ¯
[RZ-WORK-FLOW]2023/02/23 - 02:17:25.062	[31merror[0m	C:/Users/HK/Desktop/easy_tiktok/cmd/user_service/handler.go:118	ç”¨æˆ·IDä¸ºç©º
[RZ-WORK-FLOW]2023/02/23 - 02:21:51.820	[34minfo[0m	C:/Users/HK/Desktop/easy_tiktok/cmd/user_service/handler.go:59	ç”¨æˆ·æ³¨å†Œ
[RZ-WORK-FLOW]2023/02/23 - 02:21:51.822	[34minfo[0m	C:/Users/HK/Desktop/easy_tiktok/cmd/user_service/service/user_register.go:13	ç”¨æˆ·æ³¨å†ŒæœåŠ¡
[RZ-WORK-FLOW]2023/02/23 - 02:21:52.444	[31merror[0m	C:/Users/HK/Desktop/easy_tiktok/cmd/user_service/service/user_register.go:40	æ³¨å†ŒæˆåŠŸ
[RZ-WORK-FLOW]2023/02/23 - 02:21:52.445	[31merror[0m	C:/Users/HK/Desktop/easy_tiktok/cmd/user_service/handler.go:87	ç”¨æˆ·æ³¨å†ŒæœåŠ¡æˆåŠŸ
[RZ-WORK-FLOW]2023/02/23 - 02:21:53.478	[34minfo[0m	C:/Users/HK/Desktop/easy_tiktok/cmd/user_service/handler.go:100	ç”¨æˆ·ä¿¡æ¯
[RZ-WORK-FLOW]2023/02/23 - 02:21:53.478	[34minfo[0m	C:/Users/HK/Desktop/easy_tiktok/cmd/user_service/service/user_info.go:12	ç”¨æˆ·ä¿¡æ¯æœåŠ¡
[RZ-WORK-FLOW]2023/02/23 - 02:21:54.069	[34minfo[0m	C:/Users/HK/Desktop/easy_tiktok/cmd/user_service/service/user_info.go:44	ç”¨æˆ·ä¿¡æ¯æŸ¥è¯¢æˆåŠŸ
[RZ-WORK-FLOW]2023/02/23 - 02:21:54.070	[31merror[0m	C:/Users/HK/Desktop/easy_tiktok/cmd/user_service/handler.go:115	ç”¨æˆ·ä¿¡æ¯æœåŠ¡æˆåŠŸ
[RZ-WORK-FLOW]2023/02/23 - 11:48:49.279	[34minfo[0m	C:/Users/HK/Desktop/easy_tiktok/cmd/user_service/handler.go:61	ç”¨æˆ·æ³¨å†Œ
[RZ-WORK-FLOW]2023/02/23 - 11:48:49.283	[34minfo[0m	C:/Users/HK/Desktop/easy_tiktok/cmd/user_service/service/user_register.go:13	ç”¨æˆ·æ³¨å†ŒæœåŠ¡
[RZ-WORK-FLOW]2023/02/23 - 11:48:50.090	[31merror[0m	C:/Users/HK/Desktop/easy_tiktok/cmd/user_service/service/user_register.go:40	æ³¨å†ŒæˆåŠŸ
[RZ-WORK-FLOW]2023/02/23 - 11:48:50.091	[31merror[0m	C:/Users/HK/Desktop/easy_tiktok/cmd/user_service/handler.go:89	ç”¨æˆ·æ³¨å†ŒæœåŠ¡æˆåŠŸ
[RZ-WORK-FLOW]2023/02/23 - 11:48:51.132	[34minfo[0m	C:/Users/HK/Desktop/easy_tiktok/cmd/user_service/handler.go:102	ç”¨æˆ·ä¿¡æ¯
[RZ-WORK-FLOW]2023/02/23 - 11:48:51.132	[31merror[0m	C:/Users/HK/Desktop/easy_tiktok/cmd/user_service/handler.go:107	ç”¨æˆ·IDä¸ºç©º
[RZ-WORK-FLOW]2023/02/23 - 11:49:15.032	[34minfo[0m	C:/Users/HK/Desktop/easy_tiktok/cmd/user_service/handler.go:19	ç”¨æˆ·ç™»å½•
[RZ-WORK-FLOW]2023/02/23 - 11:49:15.032	[34minfo[0m	C:/Users/HK/Desktop/easy_tiktok/cmd/user_service/service/user_login.go:14	ç”¨æˆ·ç™»å½•æœåŠ¡
[RZ-WORK-FLOW]2023/02/23 - 11:49:15.032	[31merror[0m	C:/Users/HK/Desktop/easy_tiktok/cmd/user_service/service/user_login.go:17	å¯†ç é”™è¯¯
[RZ-WORK-FLOW]2023/02/23 - 11:49:15.033	[31merror[0m	C:/Users/HK/Desktop/easy_tiktok/cmd/user_service/handler.go:53	ç”¨æˆ·ç™»å½•æœåŠ¡é”™è¯¯
[RZ-WORK-FLOW]2023/02/23 - 11:49:15.982	[34minfo[0m	C:/Users/HK/Desktop/easy_tiktok/cmd/user_service/handler.go:19	ç”¨æˆ·ç™»å½•
[RZ-WORK-FLOW]2023/02/23 - 11:49:15.982	[34minfo[0m	C:/Users/HK/Desktop/easy_tiktok/cmd/user_service/service/user_login.go:14	ç”¨æˆ·ç™»å½•æœåŠ¡
[RZ-WORK-FLOW]2023/02/23 - 11:49:15.983	[31merror[0m	C:/Users/HK/Desktop/easy_tiktok/cmd/user_service/service/user_login.go:17	å¯†ç é”™è¯¯
[RZ-WORK-FLOW]2023/02/23 - 11:49:15.983	[31merror[0m	C:/Users/HK/Desktop/easy_tiktok/cmd/user_service/handler.go:53	ç”¨æˆ·ç™»å½•æœåŠ¡é”™è¯¯
[RZ-WORK-FLOW]2023/02/23 - 11:50:15.527	[34minfo[0m	C:/Users/HK/Desktop/easy_tiktok/cmd/user_service/handler.go:61	ç”¨æˆ·æ³¨å†Œ
[RZ-WORK-FLOW]2023/02/23 - 11:50:15.528	[34minfo[0m	C:/Users/HK/Desktop/easy_tiktok/cmd/user_service/service/user_register.go:13	ç”¨æˆ·æ³¨å†ŒæœåŠ¡
[RZ-WORK-FLOW]2023/02/23 - 11:50:16.296	[31merror[0m	C:/Users/HK/Desktop/easy_tiktok/cmd/user_service/service/user_register.go:40	æ³¨å†ŒæˆåŠŸ
[RZ-WORK-FLOW]2023/02/23 - 11:50:16.297	[31merror[0m	C:/Users/HK/Desktop/easy_tiktok/cmd/user_service/handler.go:89	ç”¨æˆ·æ³¨å†ŒæœåŠ¡æˆåŠŸ
[RZ-WORK-FLOW]2023/02/23 - 11:50:17.326	[34minfo[0m	C:/Users/HK/Desktop/easy_tiktok/cmd/user_service/handler.go:102	ç”¨æˆ·ä¿¡æ¯
[RZ-WORK-FLOW]2023/02/23 - 11:50:17.327	[31merror[0m	C:/Users/HK/Desktop/easy_tiktok/cmd/user_service/handler.go:107	ç”¨æˆ·IDä¸ºç©º
[RZ-WORK-FLOW]2023/02/23 - 11:51:09.823	[34minfo[0m	C:/Users/HK/Desktop/easy_tiktok/cmd/user_service/handler.go:61	ç”¨æˆ·æ³¨å†Œ
[RZ-WORK-FLOW]2023/02/23 - 11:51:09.825	[34minfo[0m	C:/Users/HK/Desktop/easy_tiktok/cmd/user_service/service/user_register.go:13	ç”¨æˆ·æ³¨å†ŒæœåŠ¡
[RZ-WORK-FLOW]2023/02/23 - 11:51:10.183	[31merror[0m	C:/Users/HK/Desktop/easy_tiktok/cmd/user_service/service/user_register.go:44	ç”¨æˆ·åå·²å­˜åœ¨
[RZ-WORK-FLOW]2023/02/23 - 11:51:10.184	[31merror[0m	C:/Users/HK/Desktop/easy_tiktok/cmd/user_service/handler.go:94	ç”¨æˆ·æ³¨å†ŒæœåŠ¡é”™è¯¯
[RZ-WORK-FLOW]2023/02/23 - 11:51:14.023	[34minfo[0m	C:/Users/HK/Desktop/easy_tiktok/cmd/user_service/handler.go:61	ç”¨æˆ·æ³¨å†Œ
[RZ-WORK-FLOW]2023/02/23 - 11:51:14.023	[34minfo[0m	C:/Users/HK/Desktop/easy_tiktok/cmd/user_service/service/user_register.go:13	ç”¨æˆ·æ³¨å†ŒæœåŠ¡
[RZ-WORK-FLOW]2023/02/23 - 11:51:14.770	[31merror[0m	C:/Users/HK/Desktop/easy_tiktok/cmd/user_service/service/user_register.go:38	æ³¨å†ŒæˆåŠŸ
[RZ-WORK-FLOW]2023/02/23 - 11:51:14.770	[31merror[0m	C:/Users/HK/Desktop/easy_tiktok/cmd/user_service/handler.go:89	ç”¨æˆ·æ³¨å†ŒæœåŠ¡æˆåŠŸ
[RZ-WORK-FLOW]2023/02/23 - 11:51:15.806	[34minfo[0m	C:/Users/HK/Desktop/easy_tiktok/cmd/user_service/handler.go:102	ç”¨æˆ·ä¿¡æ¯
[RZ-WORK-FLOW]2023/02/23 - 11:51:15.807	[34minfo[0m	C:/Users/HK/Desktop/easy_tiktok/cmd/user_service/service/user_info.go:12	ç”¨æˆ·ä¿¡æ¯æœåŠ¡
[RZ-WORK-FLOW]2023/02/23 - 11:51:16.379	[34minfo[0m	C:/Users/HK/Desktop/easy_tiktok/cmd/user_service/service/user_info.go:44	ç”¨æˆ·ä¿¡æ¯æŸ¥è¯¢æˆåŠŸ
[RZ-WORK-FLOW]2023/02/23 - 11:51:16.380	[34minfo[0m	C:/Users/HK/Desktop/easy_tiktok/cmd/user_service/handler.go:113	ç”¨æˆ·ä¿¡æ¯æœåŠ¡æˆåŠŸ
[RZ-WORK-FLOW]2023/02/23 - 11:54:09.478	[34minfo[0m	C:/Users/HK/Desktop/easy_tiktok/cmd/user_service/handler.go:61	ç”¨æˆ·æ³¨å†Œ
[RZ-WORK-FLOW]2023/02/23 - 11:54:09.478	[34minfo[0m	C:/Users/HK/Desktop/easy_tiktok/cmd/user_service/service/user_register.go:13	ç”¨æˆ·æ³¨å†ŒæœåŠ¡
[RZ-WORK-FLOW]2023/02/23 - 11:54:10.303	[31merror[0m	C:/Users/HK/Desktop/easy_tiktok/cmd/user_service/service/user_register.go:38	æ³¨å†ŒæˆåŠŸ
[RZ-WORK-FLOW]2023/02/23 - 11:54:10.304	[31merror[0m	C:/Users/HK/Desktop/easy_tiktok/cmd/user_service/handler.go:89	ç”¨æˆ·æ³¨å†ŒæœåŠ¡æˆåŠŸ
[RZ-WORK-FLOW]2023/02/23 - 11:54:11.339	[34minfo[0m	C:/Users/HK/Desktop/easy_tiktok/cmd/user_service/handler.go:102	ç”¨æˆ·ä¿¡æ¯
[RZ-WORK-FLOW]2023/02/23 - 11:54:11.339	[34minfo[0m	C:/Users/HK/Desktop/easy_tiktok/cmd/user_service/service/user_info.go:12	ç”¨æˆ·ä¿¡æ¯æœåŠ¡
[RZ-WORK-FLOW]2023/02/23 - 11:54:12.017	[34minfo[0m	C:/Users/HK/Desktop/easy_tiktok/cmd/user_service/service/user_info.go:44	ç”¨æˆ·ä¿¡æ¯æŸ¥è¯¢æˆåŠŸ
[RZ-WORK-FLOW]2023/02/23 - 11:54:12.018	[34minfo[0m	C:/Users/HK/Desktop/easy_tiktok/cmd/user_service/handler.go:113	ç”¨æˆ·ä¿¡æ¯æœåŠ¡æˆåŠŸ
[RZ-WORK-FLOW]2023/02/23 - 11:55:09.154	[34minfo[0m	C:/Users/HK/Desktop/easy_tiktok/cmd/user_service/handler.go:19	ç”¨æˆ·ç™»å½•
[RZ-WORK-FLOW]2023/02/23 - 11:55:09.154	[34minfo[0m	C:/Users/HK/Desktop/easy_tiktok/cmd/user_service/service/user_login.go:14	ç”¨æˆ·ç™»å½•æœåŠ¡
[RZ-WORK-FLOW]2023/02/23 - 11:55:09.154	[31merror[0m	C:/Users/HK/Desktop/easy_tiktok/cmd/user_service/service/user_login.go:17	å¯†ç é”™è¯¯
[RZ-WORK-FLOW]2023/02/23 - 11:55:09.155	[31merror[0m	C:/Users/HK/Desktop/easy_tiktok/cmd/user_service/handler.go:53	ç”¨æˆ·ç™»å½•æœåŠ¡é”™è¯¯
[RZ-WORK-FLOW]2023/02/23 - 11:55:13.277	[34minfo[0m	C:/Users/HK/Desktop/easy_tiktok/cmd/user_service/handler.go:19	ç”¨æˆ·ç™»å½•
[RZ-WORK-FLOW]2023/02/23 - 11:55:13.277	[34minfo[0m	C:/Users/HK/Desktop/easy_tiktok/cmd/user_service/service/user_login.go:14	ç”¨æˆ·ç™»å½•æœåŠ¡
[RZ-WORK-FLOW]2023/02/23 - 11:55:13.277	[31merror[0m	C:/Users/HK/Desktop/easy_tiktok/cmd/user_service/service/user_login.go:17	å¯†ç é”™è¯¯
[RZ-WORK-FLOW]2023/02/23 - 11:55:13.277	[31merror[0m	C:/Users/HK/Desktop/easy_tiktok/cmd/user_service/handler.go:53	ç”¨æˆ·ç™»å½•æœåŠ¡é”™è¯¯
[RZ-WORK-FLOW]2023/02/23 - 11:55:15.198	[34minfo[0m	C:/Users/HK/Desktop/easy_tiktok/cmd/user_service/handler.go:19	ç”¨æˆ·ç™»å½•
[RZ-WORK-FLOW]2023/02/23 - 11:55:15.199	[34minfo[0m	C:/Users/HK/Desktop/easy_tiktok/cmd/user_service/service/user_login.go:14	ç”¨æˆ·ç™»å½•æœåŠ¡
[RZ-WORK-FLOW]2023/02/23 - 11:55:15.199	[31merror[0m	C:/Users/HK/Desktop/easy_tiktok/cmd/user_service/service/user_login.go:17	å¯†ç é”™è¯¯
[RZ-WORK-FLOW]2023/02/23 - 11:55:15.199	[31merror[0m	C:/Users/HK/Desktop/easy_tiktok/cmd/user_service/handler.go:53	ç”¨æˆ·ç™»å½•æœåŠ¡é”™è¯¯
[RZ-WORK-FLOW]2023/02/23 - 11:55:16.483	[34minfo[0m	C:/Users/HK/Desktop/easy_tiktok/cmd/user_service/handler.go:19	ç”¨æˆ·ç™»å½•
[RZ-WORK-FLOW]2023/02/23 - 11:55:16.484	[34minfo[0m	C:/Users/HK/Desktop/easy_tiktok/cmd/user_service/service/user_login.go:14	ç”¨æˆ·ç™»å½•æœåŠ¡
[RZ-WORK-FLOW]2023/02/23 - 11:55:16.484	[31merror[0m	C:/Users/HK/Desktop/easy_tiktok/cmd/user_service/service/user_login.go:17	å¯†ç é”™è¯¯
[RZ-WORK-FLOW]2023/02/23 - 11:55:16.484	[31merror[0m	C:/Users/HK/Desktop/easy_tiktok/cmd/user_service/handler.go:53	ç”¨æˆ·ç™»å½•æœåŠ¡é”™è¯¯
[RZ-WORK-FLOW]2023/02/23 - 11:56:56.554	[34minfo[0m	C:/Users/HK/Desktop/easy_tiktok/cmd/user_service/handler.go:19	ç”¨æˆ·ç™»å½•
[RZ-WORK-FLOW]2023/02/23 - 11:56:56.557	[34minfo[0m	C:/Users/HK/Desktop/easy_tiktok/cmd/user_service/service/user_login.go:14	ç”¨æˆ·ç™»å½•æœåŠ¡
[RZ-WORK-FLOW]2023/02/23 - 11:56:56.557	[31merror[0m	C:/Users/HK/Desktop/easy_tiktok/cmd/user_service/service/user_login.go:17	å¯†ç é”™è¯¯
[RZ-WORK-FLOW]2023/02/23 - 11:56:56.557	[31merror[0m	C:/Users/HK/Desktop/easy_tiktok/cmd/user_service/handler.go:53	ç”¨æˆ·ç™»å½•æœåŠ¡é”™è¯¯
[RZ-WORK-FLOW]2023/02/23 - 11:57:09.599	[34minfo[0m	C:/Users/HK/Desktop/easy_tiktok/cmd/user_service/handler.go:19	ç”¨æˆ·ç™»å½•
[RZ-WORK-FLOW]2023/02/23 - 11:57:09.600	[34minfo[0m	C:/Users/HK/Desktop/easy_tiktok/cmd/user_service/service/user_login.go:14	ç”¨æˆ·ç™»å½•æœåŠ¡
[RZ-WORK-FLOW]2023/02/23 - 11:57:09.600	[31merror[0m	C:/Users/HK/Desktop/easy_tiktok/cmd/user_service/service/user_login.go:17	å¯†ç é”™è¯¯
[RZ-WORK-FLOW]2023/02/23 - 11:57:09.600	[31merror[0m	C:/Users/HK/Desktop/easy_tiktok/cmd/user_service/handler.go:53	ç”¨æˆ·ç™»å½•æœåŠ¡é”™è¯¯
[RZ-WORK-FLOW]2023/02/23 - 11:58:30.763	[34minfo[0m	C:/Users/HK/Desktop/easy_tiktok/cmd/user_service/handler.go:19	ç”¨æˆ·ç™»å½•
[RZ-WORK-FLOW]2023/02/23 - 11:58:30.766	[34minfo[0m	C:/Users/HK/Desktop/easy_tiktok/cmd/user_service/service/user_login.go:14	ç”¨æˆ·ç™»å½•æœåŠ¡
[RZ-WORK-FLOW]2023/02/23 - 11:58:31.126	[31merror[0m	C:/Users/HK/Desktop/easy_tiktok/cmd/user_service/service/user_login.go:32	æœªæ³¨å†Œ
[RZ-WORK-FLOW]2023/02/23 - 11:58:31.126	[31merror[0m	C:/Users/HK/Desktop/easy_tiktok/cmd/user_service/handler.go:53	ç”¨æˆ·ç™»å½•æœåŠ¡é”™è¯¯
[RZ-WORK-FLOW]2023/02/23 - 11:58:33.125	[34minfo[0m	C:/Users/HK/Desktop/easy_tiktok/cmd/user_service/handler.go:19	ç”¨æˆ·ç™»å½•
[RZ-WORK-FLOW]2023/02/23 - 11:58:33.125	[34minfo[0m	C:/Users/HK/Desktop/easy_tiktok/cmd/user_service/service/user_login.go:14	ç”¨æˆ·ç™»å½•æœåŠ¡
[RZ-WORK-FLOW]2023/02/23 - 11:58:33.514	[31merror[0m	C:/Users/HK/Desktop/easy_tiktok/cmd/user_service/service/user_login.go:32	æœªæ³¨å†Œ
[RZ-WORK-FLOW]2023/02/23 - 11:58:33.515	[31merror[0m	C:/Users/HK/Desktop/easy_tiktok/cmd/user_service/handler.go:53	ç”¨æˆ·ç™»å½•æœåŠ¡é”™è¯¯
[RZ-WORK-FLOW]2023/02/23 - 11:59:45.963	[34minfo[0m	C:/Users/HK/Desktop/easy_tiktok/cmd/user_service/handler.go:19	ç”¨æˆ·ç™»å½•
[RZ-WORK-FLOW]2023/02/23 - 11:59:45.966	[34minfo[0m	C:/Users/HK/Desktop/easy_tiktok/cmd/user_service/service/user_login.go:14	ç”¨æˆ·ç™»å½•æœåŠ¡
[RZ-WORK-FLOW]2023/02/23 - 11:59:46.343	[34minfo[0m	C:/Users/HK/Desktop/easy_tiktok/cmd/user_service/service/user_login.go:50	eyJhbGciOiJIUzI1NiIsInR5cCI6IkpXVCJ9.eyJ1c2VyX2lkIjowLCJleHAiOjE2ODgwMTExODYsImlzcyI6IlhEcmVhbSJ9.BSRNJI9slS8c1P2ftcOF8AJzaNTtwIlHzK9UnKPuOtY
[RZ-WORK-FLOW]2023/02/23 - 11:59:46.343	[31merror[0m	C:/Users/HK/Desktop/easy_tiktok/cmd/user_service/handler.go:47	ç”¨æˆ·ç™»å½•æœåŠ¡æˆåŠŸ
[RZ-WORK-FLOW]2023/02/23 - 12:00:30.625	[34minfo[0m	C:/Users/HK/Desktop/easy_tiktok/cmd/user_service/handler.go:19	ç”¨æˆ·ç™»å½•
[RZ-WORK-FLOW]2023/02/23 - 12:00:30.625	[34minfo[0m	C:/Users/HK/Desktop/easy_tiktok/cmd/user_service/service/user_login.go:14	ç”¨æˆ·ç™»å½•æœåŠ¡
[RZ-WORK-FLOW]2023/02/23 - 12:00:30.986	[34minfo[0m	C:/Users/HK/Desktop/easy_tiktok/cmd/user_service/service/user_login.go:50	eyJhbGciOiJIUzI1NiIsInR5cCI6IkpXVCJ9.eyJ1c2VyX2lkIjowLCJleHAiOjE2ODgwMTEyMzAsImlzcyI6IlhEcmVhbSJ9.nwP3nMROqWsjrE3QZQdioVIAj0bCEVKc21VaM2otQIQ
[RZ-WORK-FLOW]2023/02/23 - 12:00:30.987	[31merror[0m	C:/Users/HK/Desktop/easy_tiktok/cmd/user_service/handler.go:47	ç”¨æˆ·ç™»å½•æœåŠ¡æˆåŠŸ
[RZ-WORK-FLOW]2023/02/23 - 12:00:31.234	[34minfo[0m	C:/Users/HK/Desktop/easy_tiktok/cmd/user_service/handler.go:102	ç”¨æˆ·ä¿¡æ¯
[RZ-WORK-FLOW]2023/02/23 - 12:00:31.234	[34minfo[0m	C:/Users/HK/Desktop/easy_tiktok/cmd/user_service/service/user_info.go:12	ç”¨æˆ·ä¿¡æ¯æœåŠ¡
[RZ-WORK-FLOW]2023/02/23 - 12:00:31.905	[34minfo[0m	C:/Users/HK/Desktop/easy_tiktok/cmd/user_service/service/user_info.go:44	ç”¨æˆ·ä¿¡æ¯æŸ¥è¯¢æˆåŠŸ
[RZ-WORK-FLOW]2023/02/23 - 12:00:31.905	[34minfo[0m	C:/Users/HK/Desktop/easy_tiktok/cmd/user_service/handler.go:113	ç”¨æˆ·ä¿¡æ¯æœåŠ¡æˆåŠŸ
[RZ-WORK-FLOW]2023/02/23 - 12:05:55.551	[34minfo[0m	C:/Users/HK/Desktop/easy_tiktok/cmd/user_service/handler.go:19	ç”¨æˆ·ç™»å½•
[RZ-WORK-FLOW]2023/02/23 - 12:05:55.551	[34minfo[0m	C:/Users/HK/Desktop/easy_tiktok/cmd/user_service/service/user_login.go:14	ç”¨æˆ·ç™»å½•æœåŠ¡
[RZ-WORK-FLOW]2023/02/23 - 12:05:55.847	[34minfo[0m	C:/Users/HK/Desktop/easy_tiktok/cmd/user_service/service/user_login.go:50	eyJhbGciOiJIUzI1NiIsInR5cCI6IkpXVCJ9.eyJ1c2VyX2lkIjowLCJleHAiOjE2ODgwMTE1NTUsImlzcyI6IlhEcmVhbSJ9.Am7e1_BmY7AMBJVGWEv1EV7-tMspguMMemSqXtzy-ms
[RZ-WORK-FLOW]2023/02/23 - 12:05:55.848	[31merror[0m	C:/Users/HK/Desktop/easy_tiktok/cmd/user_service/handler.go:47	ç”¨æˆ·ç™»å½•æœåŠ¡æˆåŠŸ
[RZ-WORK-FLOW]2023/02/23 - 12:05:56.119	[34minfo[0m	C:/Users/HK/Desktop/easy_tiktok/cmd/user_service/handler.go:102	ç”¨æˆ·ä¿¡æ¯
[RZ-WORK-FLOW]2023/02/23 - 12:05:56.119	[34minfo[0m	C:/Users/HK/Desktop/easy_tiktok/cmd/user_service/service/user_info.go:12	ç”¨æˆ·ä¿¡æ¯æœåŠ¡
[RZ-WORK-FLOW]2023/02/23 - 12:05:56.723	[34minfo[0m	C:/Users/HK/Desktop/easy_tiktok/cmd/user_service/service/user_info.go:44	ç”¨æˆ·ä¿¡æ¯æŸ¥è¯¢æˆåŠŸ
[RZ-WORK-FLOW]2023/02/23 - 12:05:56.723	[34minfo[0m	C:/Users/HK/Desktop/easy_tiktok/cmd/user_service/handler.go:113	ç”¨æˆ·ä¿¡æ¯æœåŠ¡æˆåŠŸ
[RZ-WORK-FLOW]2023/02/23 - 12:17:58.767	[34minfo[0m	C:/Users/HK/Desktop/easy_tiktok/cmd/user_service/handler.go:19	ç”¨æˆ·ç™»å½•
[RZ-WORK-FLOW]2023/02/23 - 12:17:58.771	[34minfo[0m	C:/Users/HK/Desktop/easy_tiktok/cmd/user_service/service/user_login.go:14	ç”¨æˆ·ç™»å½•æœåŠ¡
[RZ-WORK-FLOW]2023/02/23 - 12:17:59.135	[34minfo[0m	C:/Users/HK/Desktop/easy_tiktok/cmd/user_service/service/user_login.go:50	eyJhbGciOiJIUzI1NiIsInR5cCI6IkpXVCJ9.eyJ1c2VyX2lkIjowLCJleHAiOjE2ODgwMTIyNzksImlzcyI6IlhEcmVhbSJ9.mUF4cDGYAGCkDZfcPG_HJr-f86oeDOeryxiN-_R9VZ8
[RZ-WORK-FLOW]2023/02/23 - 12:17:59.135	[31merror[0m	C:/Users/HK/Desktop/easy_tiktok/cmd/user_service/handler.go:47	ç”¨æˆ·ç™»å½•æœåŠ¡æˆåŠŸ
[RZ-WORK-FLOW]2023/02/23 - 12:17:59.401	[34minfo[0m	C:/Users/HK/Desktop/easy_tiktok/cmd/user_service/handler.go:102	ç”¨æˆ·ä¿¡æ¯
[RZ-WORK-FLOW]2023/02/23 - 12:17:59.401	[34minfo[0m	C:/Users/HK/Desktop/easy_tiktok/cmd/user_service/service/user_info.go:12	ç”¨æˆ·ä¿¡æ¯æœåŠ¡
[RZ-WORK-FLOW]2023/02/23 - 12:18:00.110	[34minfo[0m	C:/Users/HK/Desktop/easy_tiktok/cmd/user_service/service/user_info.go:44	ç”¨æˆ·ä¿¡æ¯æŸ¥è¯¢æˆåŠŸ
[RZ-WORK-FLOW]2023/02/23 - 12:18:00.111	[34minfo[0m	C:/Users/HK/Desktop/easy_tiktok/cmd/user_service/handler.go:113	ç”¨æˆ·ä¿¡æ¯æœåŠ¡æˆåŠŸ
[RZ-WORK-FLOW]2023/02/23 - 16:29:45.769	[34minfo[0m	C:/Users/HK/Desktop/easy_tiktok/cmd/user_service/handler.go:18	ç”¨æˆ·ç™»å½•
[RZ-WORK-FLOW]2023/02/23 - 16:29:45.774	[34minfo[0m	C:/Users/HK/Desktop/easy_tiktok/cmd/user_service/service/user_login.go:14	ç”¨æˆ·ç™»å½•æœåŠ¡
[RZ-WORK-FLOW]2023/02/23 - 16:29:46.071	[31merror[0m	C:/Users/HK/Desktop/easy_tiktok/cmd/user_service/service/user_login.go:32	æœªæ³¨å†Œ
[RZ-WORK-FLOW]2023/02/23 - 16:29:46.071	[31merror[0m	C:/Users/HK/Desktop/easy_tiktok/cmd/user_service/handler.go:52	ç”¨æˆ·ç™»å½•æœåŠ¡é”™è¯¯
[RZ-WORK-FLOW]2023/02/23 - 16:29:59.212	[34minfo[0m	C:/Users/HK/Desktop/easy_tiktok/cmd/user_service/handler.go:18	ç”¨æˆ·ç™»å½•
[RZ-WORK-FLOW]2023/02/23 - 16:29:59.212	[34minfo[0m	C:/Users/HK/Desktop/easy_tiktok/cmd/user_service/service/user_login.go:14	ç”¨æˆ·ç™»å½•æœåŠ¡
[RZ-WORK-FLOW]2023/02/23 - 16:30:05.064	[31merror[0m	C:/Users/HK/Desktop/easy_tiktok/cmd/user_service/service/user_login.go:32	æœªæ³¨å†Œ
[RZ-WORK-FLOW]2023/02/23 - 16:30:05.065	[31merror[0m	C:/Users/HK/Desktop/easy_tiktok/cmd/user_service/handler.go:52	ç”¨æˆ·ç™»å½•æœåŠ¡é”™è¯¯
[RZ-WORK-FLOW]2023/02/23 - 16:30:32.693	[34minfo[0m	C:/Users/HK/Desktop/easy_tiktok/cmd/user_service/handler.go:60	ç”¨æˆ·æ³¨å†Œ
[RZ-WORK-FLOW]2023/02/23 - 16:30:32.694	[34minfo[0m	C:/Users/HK/Desktop/easy_tiktok/cmd/user_service/service/user_register.go:13	ç”¨æˆ·æ³¨å†ŒæœåŠ¡
[RZ-WORK-FLOW]2023/02/23 - 16:30:33.415	[31merror[0m	C:/Users/HK/Desktop/easy_tiktok/cmd/user_service/service/user_register.go:38	æ³¨å†ŒæˆåŠŸ
[RZ-WORK-FLOW]2023/02/23 - 16:30:33.416	[31merror[0m	C:/Users/HK/Desktop/easy_tiktok/cmd/user_service/handler.go:88	ç”¨æˆ·æ³¨å†ŒæœåŠ¡æˆåŠŸ
[RZ-WORK-FLOW]2023/02/23 - 16:30:44.939	[34minfo[0m	C:/Users/HK/Desktop/easy_tiktok/cmd/user_service/handler.go:18	ç”¨æˆ·ç™»å½•
[RZ-WORK-FLOW]2023/02/23 - 16:30:44.940	[34minfo[0m	C:/Users/HK/Desktop/easy_tiktok/cmd/user_service/service/user_login.go:14	ç”¨æˆ·ç™»å½•æœåŠ¡
[RZ-WORK-FLOW]2023/02/23 - 16:30:45.365	[34minfo[0m	C:/Users/HK/Desktop/easy_tiktok/cmd/user_service/service/user_login.go:50	eyJhbGciOiJIUzI1NiIsInR5cCI6IkpXVCJ9.eyJ1c2VyX2lkIjowLCJleHAiOjE2ODgwMjc0NDUsImlzcyI6IlhEcmVhbSJ9.1QpUbaS7WYL0oSbI-qoJonLODnXTY3FSnrGQJeHGHq4
[RZ-WORK-FLOW]2023/02/23 - 16:30:45.366	[31merror[0m	C:/Users/HK/Desktop/easy_tiktok/cmd/user_service/handler.go:46	ç”¨æˆ·ç™»å½•æœåŠ¡æˆåŠŸ
[RZ-WORK-FLOW]2023/02/23 - 16:30:59.258	[34minfo[0m	C:/Users/HK/Desktop/easy_tiktok/cmd/user_service/handler.go:18	ç”¨æˆ·ç™»å½•
[RZ-WORK-FLOW]2023/02/23 - 16:30:59.260	[34minfo[0m	C:/Users/HK/Desktop/easy_tiktok/cmd/user_service/service/user_login.go:14	ç”¨æˆ·ç™»å½•æœåŠ¡
[RZ-WORK-FLOW]2023/02/23 - 16:30:59.635	[34minfo[0m	C:/Users/HK/Desktop/easy_tiktok/cmd/user_service/service/user_login.go:50	eyJhbGciOiJIUzI1NiIsInR5cCI6IkpXVCJ9.eyJ1c2VyX2lkIjowLCJleHAiOjE2ODgwMjc0NTksImlzcyI6IlhEcmVhbSJ9.5xV3TlRKKpYJpJum5ErHG_3y6aPzd5cYd9peDOMe7_M
[RZ-WORK-FLOW]2023/02/23 - 16:30:59.635	[31merror[0m	C:/Users/HK/Desktop/easy_tiktok/cmd/user_service/handler.go:46	ç”¨æˆ·ç™»å½•æœåŠ¡æˆåŠŸ
[RZ-WORK-FLOW]2023/02/23 - 16:32:22.571	[34minfo[0m	C:/Users/HK/Desktop/easy_tiktok/cmd/user_service/handler.go:18	ç”¨æˆ·ç™»å½•
[RZ-WORK-FLOW]2023/02/23 - 16:32:22.572	[34minfo[0m	C:/Users/HK/Desktop/easy_tiktok/cmd/user_service/service/user_login.go:14	ç”¨æˆ·ç™»å½•æœåŠ¡
[RZ-WORK-FLOW]2023/02/23 - 16:32:22.884	[34minfo[0m	C:/Users/HK/Desktop/easy_tiktok/cmd/user_service/service/user_login.go:50	eyJhbGciOiJIUzI1NiIsInR5cCI6IkpXVCJ9.eyJ1c2VyX2lkIjowLCJleHAiOjE2ODgwMjc1NDIsImlzcyI6IlhEcmVhbSJ9.WSnLUc2gBJCUgFZGvUmQ0KxH9h5WwmI0iYBDfstVq6c
[RZ-WORK-FLOW]2023/02/23 - 16:32:22.884	[31merror[0m	C:/Users/HK/Desktop/easy_tiktok/cmd/user_service/handler.go:46	ç”¨æˆ·ç™»å½•æœåŠ¡æˆåŠŸ
[RZ-WORK-FLOW]2023/02/23 - 16:32:23.249	[34minfo[0m	C:/Users/HK/Desktop/easy_tiktok/cmd/user_service/handler.go:101	ç”¨æˆ·ä¿¡æ¯
[RZ-WORK-FLOW]2023/02/23 - 16:32:23.250	[34minfo[0m	C:/Users/HK/Desktop/easy_tiktok/cmd/user_service/service/user_info.go:12	ç”¨æˆ·ä¿¡æ¯æœåŠ¡
[RZ-WORK-FLOW]2023/02/23 - 16:32:23.860	[34minfo[0m	C:/Users/HK/Desktop/easy_tiktok/cmd/user_service/service/user_info.go:44	ç”¨æˆ·ä¿¡æ¯æŸ¥è¯¢æˆåŠŸ
[RZ-WORK-FLOW]2023/02/23 - 16:32:23.861	[34minfo[0m	C:/Users/HK/Desktop/easy_tiktok/cmd/user_service/handler.go:112	ç”¨æˆ·ä¿¡æ¯æœåŠ¡æˆåŠŸ
[RZ-WORK-FLOW]2023/02/23 - 16:38:50.929	[34minfo[0m	C:/Users/HK/Desktop/easy_tiktok/cmd/user_service/handler.go:18	ç”¨æˆ·ç™»å½•
[RZ-WORK-FLOW]2023/02/23 - 16:38:50.930	[34minfo[0m	C:/Users/HK/Desktop/easy_tiktok/cmd/user_service/service/user_login.go:14	ç”¨æˆ·ç™»å½•æœåŠ¡
[RZ-WORK-FLOW]2023/02/23 - 16:38:51.237	[34minfo[0m	C:/Users/HK/Desktop/easy_tiktok/cmd/user_service/service/user_login.go:50	eyJhbGciOiJIUzI1NiIsInR5cCI6IkpXVCJ9.eyJ1c2VyX2lkIjowLCJleHAiOjE2ODgwMjc5MzEsImlzcyI6IlhEcmVhbSJ9.tw6U-wBu_mJitVjrFfcCmq55N92PnL8pDHcY2nnYS44
[RZ-WORK-FLOW]2023/02/23 - 16:38:51.238	[31merror[0m	C:/Users/HK/Desktop/easy_tiktok/cmd/user_service/handler.go:46	ç”¨æˆ·ç™»å½•æœåŠ¡æˆåŠŸ
[RZ-WORK-FLOW]2023/02/23 - 16:38:51.541	[34minfo[0m	C:/Users/HK/Desktop/easy_tiktok/cmd/user_service/handler.go:101	ç”¨æˆ·ä¿¡æ¯
[RZ-WORK-FLOW]2023/02/23 - 16:38:51.541	[34minfo[0m	C:/Users/HK/Desktop/easy_tiktok/cmd/user_service/service/user_info.go:12	ç”¨æˆ·ä¿¡æ¯æœåŠ¡
[RZ-WORK-FLOW]2023/02/23 - 16:38:52.159	[34minfo[0m	C:/Users/HK/Desktop/easy_tiktok/cmd/user_service/service/user_info.go:44	ç”¨æˆ·ä¿¡æ¯æŸ¥è¯¢æˆåŠŸ
[RZ-WORK-FLOW]2023/02/23 - 16:38:52.159	[34minfo[0m	C:/Users/HK/Desktop/easy_tiktok/cmd/user_service/handler.go:112	ç”¨æˆ·ä¿¡æ¯æœåŠ¡æˆåŠŸ
[RZ-WORK-FLOW]2023/02/23 - 20:30:08.122	[34minfo[0m	C:/Users/HK/Desktop/easy_tiktok/cmd/user_service/handler.go:18	ç”¨æˆ·ç™»å½•
[RZ-WORK-FLOW]2023/02/23 - 20:30:08.123	[34minfo[0m	C:/Users/HK/Desktop/easy_tiktok/cmd/user_service/service/user_login.go:14	ç”¨æˆ·ç™»å½•æœåŠ¡
[RZ-WORK-FLOW]2023/02/23 - 20:30:08.601	[34minfo[0m	C:/Users/HK/Desktop/easy_tiktok/cmd/user_service/service/user_login.go:50	eyJhbGciOiJIUzI1NiIsInR5cCI6IkpXVCJ9.eyJ1c2VyX2lkIjowLCJleHAiOjE2ODgwNDE4MDgsImlzcyI6IlhEcmVhbSJ9.bcVytg6MIflXODOildwu_E5UMoahZmJJ6VJ_9TM_K2E
[RZ-WORK-FLOW]2023/02/23 - 20:30:08.602	[31merror[0m	C:/Users/HK/Desktop/easy_tiktok/cmd/user_service/handler.go:46	ç”¨æˆ·ç™»å½•æœåŠ¡æˆåŠŸ
[RZ-WORK-FLOW]2023/02/23 - 20:30:08.933	[34minfo[0m	C:/Users/HK/Desktop/easy_tiktok/cmd/user_service/handler.go:101	ç”¨æˆ·ä¿¡æ¯
[RZ-WORK-FLOW]2023/02/23 - 20:30:08.933	[34minfo[0m	C:/Users/HK/Desktop/easy_tiktok/cmd/user_service/service/user_info.go:12	ç”¨æˆ·ä¿¡æ¯æœåŠ¡
[RZ-WORK-FLOW]2023/02/23 - 20:30:09.613	[34minfo[0m	C:/Users/HK/Desktop/easy_tiktok/cmd/user_service/service/user_info.go:44	ç”¨æˆ·ä¿¡æ¯æŸ¥è¯¢æˆåŠŸ
[RZ-WORK-FLOW]2023/02/23 - 20:30:09.614	[34minfo[0m	C:/Users/HK/Desktop/easy_tiktok/cmd/user_service/handler.go:112	ç”¨æˆ·ä¿¡æ¯æœåŠ¡æˆåŠŸ
[RZ-WORK-FLOW]2023/02/23 - 20:36:32.151	[34minfo[0m	C:/Users/HK/Desktop/easy_tiktok/cmd/user_service/handler.go:18	ç”¨æˆ·ç™»å½•
[RZ-WORK-FLOW]2023/02/23 - 20:36:32.154	[34minfo[0m	C:/Users/HK/Desktop/easy_tiktok/cmd/user_service/service/user_login.go:14	ç”¨æˆ·ç™»å½•æœåŠ¡
[RZ-WORK-FLOW]2023/02/23 - 20:36:32.544	[34minfo[0m	C:/Users/HK/Desktop/easy_tiktok/cmd/user_service/service/user_login.go:51	eyJhbGciOiJIUzI1NiIsInR5cCI6IkpXVCJ9.eyJ1c2VyX2lkIjowLCJleHAiOjE2ODgwNDIxOTIsImlzcyI6IlhEcmVhbSJ9.xhuSExBef8NaC5SKWvrup18AkUmSyU9dfBY7ZgyQucY
[RZ-WORK-FLOW]2023/02/23 - 20:36:32.545	[31merror[0m	C:/Users/HK/Desktop/easy_tiktok/cmd/user_service/handler.go:46	ç”¨æˆ·ç™»å½•æœåŠ¡æˆåŠŸ
[RZ-WORK-FLOW]2023/02/23 - 20:36:32.835	[34minfo[0m	C:/Users/HK/Desktop/easy_tiktok/cmd/user_service/handler.go:101	ç”¨æˆ·ä¿¡æ¯
[RZ-WORK-FLOW]2023/02/23 - 20:36:32.836	[34minfo[0m	C:/Users/HK/Desktop/easy_tiktok/cmd/user_service/service/user_info.go:12	ç”¨æˆ·ä¿¡æ¯æœåŠ¡
[RZ-WORK-FLOW]2023/02/23 - 20:36:33.664	[34minfo[0m	C:/Users/HK/Desktop/easy_tiktok/cmd/user_service/service/user_info.go:44	ç”¨æˆ·ä¿¡æ¯æŸ¥è¯¢æˆåŠŸ
[RZ-WORK-FLOW]2023/02/23 - 20:36:33.665	[34minfo[0m	C:/Users/HK/Desktop/easy_tiktok/cmd/user_service/handler.go:112	ç”¨æˆ·ä¿¡æ¯æœåŠ¡æˆåŠŸ
[RZ-WORK-FLOW]2023/02/23 - 20:37:47.014	[34minfo[0m	C:/Users/HK/Desktop/easy_tiktok/cmd/user_service/handler.go:18	ç”¨æˆ·ç™»å½•
[RZ-WORK-FLOW]2023/02/23 - 20:37:47.018	[34minfo[0m	C:/Users/HK/Desktop/easy_tiktok/cmd/user_service/service/user_login.go:14	ç”¨æˆ·ç™»å½•æœåŠ¡
[RZ-WORK-FLOW]2023/02/23 - 20:37:47.322	[34minfo[0m	C:/Users/HK/Desktop/easy_tiktok/cmd/user_service/service/user_login.go:52	eyJhbGciOiJIUzI1NiIsInR5cCI6IkpXVCJ9.eyJ1c2VyX2lkIjowLCJleHAiOjE2ODgwNDIyNjcsImlzcyI6IlhEcmVhbSJ9.__iVQe7t2t52iG-eMNT-XxilC40EA1T3VKGx0WYqfxA
[RZ-WORK-FLOW]2023/02/23 - 20:37:47.323	[31merror[0m	C:/Users/HK/Desktop/easy_tiktok/cmd/user_service/handler.go:46	ç”¨æˆ·ç™»å½•æœåŠ¡æˆåŠŸ
[RZ-WORK-FLOW]2023/02/23 - 20:37:47.619	[34minfo[0m	C:/Users/HK/Desktop/easy_tiktok/cmd/user_service/handler.go:101	ç”¨æˆ·ä¿¡æ¯
[RZ-WORK-FLOW]2023/02/23 - 20:37:47.619	[34minfo[0m	C:/Users/HK/Desktop/easy_tiktok/cmd/user_service/service/user_info.go:12	ç”¨æˆ·ä¿¡æ¯æœåŠ¡
[RZ-WORK-FLOW]2023/02/23 - 20:37:48.240	[34minfo[0m	C:/Users/HK/Desktop/easy_tiktok/cmd/user_service/service/user_info.go:44	ç”¨æˆ·ä¿¡æ¯æŸ¥è¯¢æˆåŠŸ
[RZ-WORK-FLOW]2023/02/23 - 20:37:48.241	[34minfo[0m	C:/Users/HK/Desktop/easy_tiktok/cmd/user_service/handler.go:112	ç”¨æˆ·ä¿¡æ¯æœåŠ¡æˆåŠŸ
[RZ-WORK-FLOW]2023/02/23 - 20:38:32.566	[34minfo[0m	C:/Users/HK/Desktop/easy_tiktok/cmd/user_service/handler.go:18	ç”¨æˆ·ç™»å½•
[RZ-WORK-FLOW]2023/02/23 - 20:38:32.569	[34minfo[0m	C:/Users/HK/Desktop/easy_tiktok/cmd/user_service/service/user_login.go:14	ç”¨æˆ·ç™»å½•æœåŠ¡
[RZ-WORK-FLOW]2023/02/23 - 20:38:33.003	[34minfo[0m	C:/Users/HK/Desktop/easy_tiktok/cmd/user_service/service/user_login.go:52	eyJhbGciOiJIUzI1NiIsInR5cCI6IkpXVCJ9.eyJ1c2VyX2lkIjowLCJleHAiOjE2ODgwNDIzMTMsImlzcyI6IlhEcmVhbSJ9.ch_bRozo9LcvklF22smTZ-o-XZjmT0QVnnNFDBIgEA4
[RZ-WORK-FLOW]2023/02/23 - 20:38:33.003	[31merror[0m	C:/Users/HK/Desktop/easy_tiktok/cmd/user_service/handler.go:46	ç”¨æˆ·ç™»å½•æœåŠ¡æˆåŠŸ
[RZ-WORK-FLOW]2023/02/23 - 20:38:33.253	[34minfo[0m	C:/Users/HK/Desktop/easy_tiktok/cmd/user_service/handler.go:101	ç”¨æˆ·ä¿¡æ¯
[RZ-WORK-FLOW]2023/02/23 - 20:38:33.253	[34minfo[0m	C:/Users/HK/Desktop/easy_tiktok/cmd/user_service/service/user_info.go:12	ç”¨æˆ·ä¿¡æ¯æœåŠ¡
[RZ-WORK-FLOW]2023/02/23 - 20:38:34.284	[34minfo[0m	C:/Users/HK/Desktop/easy_tiktok/cmd/user_service/service/user_info.go:44	ç”¨æˆ·ä¿¡æ¯æŸ¥è¯¢æˆåŠŸ
[RZ-WORK-FLOW]2023/02/23 - 20:38:34.286	[34minfo[0m	C:/Users/HK/Desktop/easy_tiktok/cmd/user_service/handler.go:112	ç”¨æˆ·ä¿¡æ¯æœåŠ¡æˆåŠŸ
[RZ-WORK-FLOW]2023/02/23 - 20:40:18.446	[34minfo[0m	C:/Users/HK/Desktop/easy_tiktok/cmd/user_service/handler.go:18	ç”¨æˆ·ç™»å½•
[RZ-WORK-FLOW]2023/02/23 - 20:40:18.449	[34minfo[0m	C:/Users/HK/Desktop/easy_tiktok/cmd/user_service/service/user_login.go:14	ç”¨æˆ·ç™»å½•æœåŠ¡
[RZ-WORK-FLOW]2023/02/23 - 20:40:18.777	[34minfo[0m	C:/Users/HK/Desktop/easy_tiktok/cmd/user_service/service/user_login.go:52	eyJhbGciOiJIUzI1NiIsInR5cCI6IkpXVCJ9.eyJ1c2VyX2lkIjo0MSwiZXhwIjoxNjg4MDQyNDE4LCJpc3MiOiJYRHJlYW0ifQ.6cFLnSIWLLn1wp1mFF7KpDYh2ixle8892DA8AsEvZAk
[RZ-WORK-FLOW]2023/02/23 - 20:40:18.777	[31merror[0m	C:/Users/HK/Desktop/easy_tiktok/cmd/user_service/handler.go:46	ç”¨æˆ·ç™»å½•æœåŠ¡æˆåŠŸ
[RZ-WORK-FLOW]2023/02/23 - 20:40:19.008	[34minfo[0m	C:/Users/HK/Desktop/easy_tiktok/cmd/user_service/handler.go:101	ç”¨æˆ·ä¿¡æ¯
[RZ-WORK-FLOW]2023/02/23 - 20:40:19.009	[34minfo[0m	C:/Users/HK/Desktop/easy_tiktok/cmd/user_service/service/user_info.go:12	ç”¨æˆ·ä¿¡æ¯æœåŠ¡
[RZ-WORK-FLOW]2023/02/23 - 20:40:19.674	[34minfo[0m	C:/Users/HK/Desktop/easy_tiktok/cmd/user_service/service/user_info.go:44	ç”¨æˆ·ä¿¡æ¯æŸ¥è¯¢æˆåŠŸ
[RZ-WORK-FLOW]2023/02/23 - 20:40:19.675	[34minfo[0m	C:/Users/HK/Desktop/easy_tiktok/cmd/user_service/handler.go:112	ç”¨æˆ·ä¿¡æ¯æœåŠ¡æˆåŠŸ
[RZ-WORK-FLOW]2023/02/23 - 21:11:19.076	[34minfo[0m	C:/Users/HK/Desktop/easy_tiktok/cmd/user_service/handler.go:18	ç”¨æˆ·ç™»å½•
[RZ-WORK-FLOW]2023/02/23 - 21:11:19.076	[34minfo[0m	C:/Users/HK/Desktop/easy_tiktok/cmd/user_service/service/user_login.go:14	ç”¨æˆ·ç™»å½•æœåŠ¡
[RZ-WORK-FLOW]2023/02/23 - 21:11:19.409	[34minfo[0m	C:/Users/HK/Desktop/easy_tiktok/cmd/user_service/service/user_login.go:52	eyJhbGciOiJIUzI1NiIsInR5cCI6IkpXVCJ9.eyJ1c2VyX2lkIjo0MSwiZXhwIjoxNjg4MDQ0Mjc5LCJpc3MiOiJYRHJlYW0ifQ.A9eIRYW-Mvnxt0p3UtD2JDShDFTIcHC1rtv1aMumZVg
[RZ-WORK-FLOW]2023/02/23 - 21:11:19.410	[31merror[0m	C:/Users/HK/Desktop/easy_tiktok/cmd/user_service/handler.go:46	ç”¨æˆ·ç™»å½•æœåŠ¡æˆåŠŸ
[RZ-WORK-FLOW]2023/02/23 - 21:11:19.679	[34minfo[0m	C:/Users/HK/Desktop/easy_tiktok/cmd/user_service/handler.go:101	ç”¨æˆ·ä¿¡æ¯
[RZ-WORK-FLOW]2023/02/23 - 21:11:19.680	[34minfo[0m	C:/Users/HK/Desktop/easy_tiktok/cmd/user_service/service/user_info.go:12	ç”¨æˆ·ä¿¡æ¯æœåŠ¡
[RZ-WORK-FLOW]2023/02/23 - 21:11:20.307	[34minfo[0m	C:/Users/HK/Desktop/easy_tiktok/cmd/user_service/service/user_info.go:44	ç”¨æˆ·ä¿¡æ¯æŸ¥è¯¢æˆåŠŸ
[RZ-WORK-FLOW]2023/02/23 - 21:11:20.307	[34minfo[0m	C:/Users/HK/Desktop/easy_tiktok/cmd/user_service/handler.go:112	ç”¨æˆ·ä¿¡æ¯æœåŠ¡æˆåŠŸ
[RZ-WORK-FLOW]2023/02/23 - 21:43:49.255	[34minfo[0m	C:/Users/HK/Desktop/easy_tiktok/cmd/user_service/handler.go:18	ç”¨æˆ·ç™»å½•
[RZ-WORK-FLOW]2023/02/23 - 21:43:49.256	[34minfo[0m	C:/Users/HK/Desktop/easy_tiktok/cmd/user_service/service/user_login.go:14	ç”¨æˆ·ç™»å½•æœåŠ¡
[RZ-WORK-FLOW]2023/02/23 - 21:43:49.573	[34minfo[0m	C:/Users/HK/Desktop/easy_tiktok/cmd/user_service/service/user_login.go:52	eyJhbGciOiJIUzI1NiIsInR5cCI6IkpXVCJ9.eyJ1c2VyX2lkIjo0MSwiZXhwIjoxNjg4MDQ2MjI5LCJpc3MiOiJYRHJlYW0ifQ.XDowPQSSDU-eXxssIowf5muNcoxGdnWJc-0nABk2Lvk
[RZ-WORK-FLOW]2023/02/23 - 21:43:49.574	[31merror[0m	C:/Users/HK/Desktop/easy_tiktok/cmd/user_service/handler.go:46	ç”¨æˆ·ç™»å½•æœåŠ¡æˆåŠŸ
[RZ-WORK-FLOW]2023/02/23 - 21:43:49.845	[34minfo[0m	C:/Users/HK/Desktop/easy_tiktok/cmd/user_service/handler.go:101	ç”¨æˆ·ä¿¡æ¯
[RZ-WORK-FLOW]2023/02/23 - 21:43:49.845	[34minfo[0m	C:/Users/HK/Desktop/easy_tiktok/cmd/user_service/service/user_info.go:12	ç”¨æˆ·ä¿¡æ¯æœåŠ¡
[RZ-WORK-FLOW]2023/02/23 - 21:43:50.508	[34minfo[0m	C:/Users/HK/Desktop/easy_tiktok/cmd/user_service/service/user_info.go:44	ç”¨æˆ·ä¿¡æ¯æŸ¥è¯¢æˆåŠŸ
[RZ-WORK-FLOW]2023/02/23 - 21:43:50.509	[34minfo[0m	C:/Users/HK/Desktop/easy_tiktok/cmd/user_service/handler.go:112	ç”¨æˆ·ä¿¡æ¯æœåŠ¡æˆåŠŸ
[RZ-WORK-FLOW]2023/02/23 - 22:00:40.687	[34minfo[0m	C:/Users/HK/Desktop/easy_tiktok/cmd/user_service/handler.go:18	ç”¨æˆ·ç™»å½•
[RZ-WORK-FLOW]2023/02/23 - 22:00:40.688	[34minfo[0m	C:/Users/HK/Desktop/easy_tiktok/cmd/user_service/service/user_login.go:14	ç”¨æˆ·ç™»å½•æœåŠ¡
[RZ-WORK-FLOW]2023/02/23 - 22:00:41.009	[34minfo[0m	C:/Users/HK/Desktop/easy_tiktok/cmd/user_service/service/user_login.go:52	eyJhbGciOiJIUzI1NiIsInR5cCI6IkpXVCJ9.eyJ1c2VyX2lkIjo0MSwiZXhwIjoxNjg4MDQ3MjQxLCJpc3MiOiJYRHJlYW0ifQ.Jdt_Mxu4k35pGbC8ghttOFPBmp_mm6SJXGFJKNdKphY
[RZ-WORK-FLOW]2023/02/23 - 22:00:41.010	[31merror[0m	C:/Users/HK/Desktop/easy_tiktok/cmd/user_service/handler.go:46	ç”¨æˆ·ç™»å½•æœåŠ¡æˆåŠŸ
[RZ-WORK-FLOW]2023/02/23 - 22:00:41.298	[34minfo[0m	C:/Users/HK/Desktop/easy_tiktok/cmd/user_service/handler.go:101	ç”¨æˆ·ä¿¡æ¯
[RZ-WORK-FLOW]2023/02/23 - 22:00:41.299	[34minfo[0m	C:/Users/HK/Desktop/easy_tiktok/cmd/user_service/service/user_info.go:12	ç”¨æˆ·ä¿¡æ¯æœåŠ¡
[RZ-WORK-FLOW]2023/02/23 - 22:00:41.955	[34minfo[0m	C:/Users/HK/Desktop/easy_tiktok/cmd/user_service/service/user_info.go:44	ç”¨æˆ·ä¿¡æ¯æŸ¥è¯¢æˆåŠŸ
[RZ-WORK-FLOW]2023/02/23 - 22:00:41.956	[34minfo[0m	C:/Users/HK/Desktop/easy_tiktok/cmd/user_service/handler.go:112	ç”¨æˆ·ä¿¡æ¯æœåŠ¡æˆåŠŸ
[RZ-WORK-FLOW]2023/02/23 - 22:00:51.811	[34minfo[0m	C:/Users/HK/Desktop/easy_tiktok/cmd/user_service/handler.go:18	ç”¨æˆ·ç™»å½•
[RZ-WORK-FLOW]2023/02/23 - 22:00:51.811	[34minfo[0m	C:/Users/HK/Desktop/easy_tiktok/cmd/user_service/service/user_login.go:14	ç”¨æˆ·ç™»å½•æœåŠ¡
[RZ-WORK-FLOW]2023/02/23 - 22:00:52.133	[34minfo[0m	C:/Users/HK/Desktop/easy_tiktok/cmd/user_service/service/user_login.go:52	eyJhbGciOiJIUzI1NiIsInR5cCI6IkpXVCJ9.eyJ1c2VyX2lkIjo0MSwiZXhwIjoxNjg4MDQ3MjUyLCJpc3MiOiJYRHJlYW0ifQ.kOnU7w9Q0lSQDav23V-rVmnTBStr0zwWDztuqPcmSv8
[RZ-WORK-FLOW]2023/02/23 - 22:00:52.133	[31merror[0m	C:/Users/HK/Desktop/easy_tiktok/cmd/user_service/handler.go:46	ç”¨æˆ·ç™»å½•æœåŠ¡æˆåŠŸ
[RZ-WORK-FLOW]2023/02/23 - 22:00:52.356	[34minfo[0m	C:/Users/HK/Desktop/easy_tiktok/cmd/user_service/handler.go:101	ç”¨æˆ·ä¿¡æ¯
[RZ-WORK-FLOW]2023/02/23 - 22:00:52.356	[34minfo[0m	C:/Users/HK/Desktop/easy_tiktok/cmd/user_service/service/user_info.go:12	ç”¨æˆ·ä¿¡æ¯æœåŠ¡
[RZ-WORK-FLOW]2023/02/23 - 22:00:53.052	[34minfo[0m	C:/Users/HK/Desktop/easy_tiktok/cmd/user_service/service/user_info.go:44	ç”¨æˆ·ä¿¡æ¯æŸ¥è¯¢æˆåŠŸ
[RZ-WORK-FLOW]2023/02/23 - 22:00:53.052	[34minfo[0m	C:/Users/HK/Desktop/easy_tiktok/cmd/user_service/handler.go:112	ç”¨æˆ·ä¿¡æ¯æœåŠ¡æˆåŠŸ
[RZ-WORK-FLOW]2023/02/23 - 22:01:23.779	[34minfo[0m	C:/Users/HK/Desktop/easy_tiktok/cmd/user_service/handler.go:18	ç”¨æˆ·ç™»å½•
[RZ-WORK-FLOW]2023/02/23 - 22:01:23.779	[34minfo[0m	C:/Users/HK/Desktop/easy_tiktok/cmd/user_service/service/user_login.go:14	ç”¨æˆ·ç™»å½•æœåŠ¡
[RZ-WORK-FLOW]2023/02/23 - 22:01:24.092	[34minfo[0m	C:/Users/HK/Desktop/easy_tiktok/cmd/user_service/service/user_login.go:52	eyJhbGciOiJIUzI1NiIsInR5cCI6IkpXVCJ9.eyJ1c2VyX2lkIjo0MSwiZXhwIjoxNjg4MDQ3Mjg0LCJpc3MiOiJYRHJlYW0ifQ.mAdR3owiz8-MuGVVDhKtYrhpHlfK00thQ0m1cZvbOvc
[RZ-WORK-FLOW]2023/02/23 - 22:01:24.092	[31merror[0m	C:/Users/HK/Desktop/easy_tiktok/cmd/user_service/handler.go:46	ç”¨æˆ·ç™»å½•æœåŠ¡æˆåŠŸ
[RZ-WORK-FLOW]2023/02/23 - 22:01:24.306	[34minfo[0m	C:/Users/HK/Desktop/easy_tiktok/cmd/user_service/handler.go:101	ç”¨æˆ·ä¿¡æ¯
[RZ-WORK-FLOW]2023/02/23 - 22:01:24.307	[34minfo[0m	C:/Users/HK/Desktop/easy_tiktok/cmd/user_service/service/user_info.go:12	ç”¨æˆ·ä¿¡æ¯æœåŠ¡
[RZ-WORK-FLOW]2023/02/23 - 22:01:24.928	[34minfo[0m	C:/Users/HK/Desktop/easy_tiktok/cmd/user_service/service/user_info.go:44	ç”¨æˆ·ä¿¡æ¯æŸ¥è¯¢æˆåŠŸ
[RZ-WORK-FLOW]2023/02/23 - 22:01:24.929	[34minfo[0m	C:/Users/HK/Desktop/easy_tiktok/cmd/user_service/handler.go:112	ç”¨æˆ·ä¿¡æ¯æœåŠ¡æˆåŠŸ
[RZ-WORK-FLOW]2023/02/23 - 22:52:01.007	[34minfo[0m	C:/Users/HK/Desktop/easy_tiktok/cmd/user_service/handler.go:61	ç”¨æˆ·æ³¨å†Œ
[RZ-WORK-FLOW]2023/02/23 - 22:52:01.010	[34minfo[0m	C:/Users/HK/Desktop/easy_tiktok/cmd/user_service/service/user_register.go:13	ç”¨æˆ·æ³¨å†ŒæœåŠ¡
[RZ-WORK-FLOW]2023/02/23 - 22:52:01.759	[31merror[0m	C:/Users/HK/Desktop/easy_tiktok/cmd/user_service/service/user_register.go:38	æ³¨å†ŒæˆåŠŸ
[RZ-WORK-FLOW]2023/02/23 - 22:52:01.760	[34minfo[0m	C:/Users/HK/Desktop/easy_tiktok/cmd/user_service/handler.go:89	ç”¨æˆ·æ³¨å†ŒæœåŠ¡æˆåŠŸ
[RZ-WORK-FLOW]2023/02/23 - 22:52:02.793	[34minfo[0m	C:/Users/HK/Desktop/easy_tiktok/cmd/user_service/handler.go:102	ç”¨æˆ·ä¿¡æ¯
[RZ-WORK-FLOW]2023/02/23 - 22:52:02.794	[34minfo[0m	C:/Users/HK/Desktop/easy_tiktok/cmd/user_service/service/user_info.go:12	ç”¨æˆ·ä¿¡æ¯æœåŠ¡
[RZ-WORK-FLOW]2023/02/23 - 22:52:03.435	[34minfo[0m	C:/Users/HK/Desktop/easy_tiktok/cmd/user_service/service/user_info.go:44	ç”¨æˆ·ä¿¡æ¯æŸ¥è¯¢æˆåŠŸ
[RZ-WORK-FLOW]2023/02/23 - 22:52:03.435	[34minfo[0m	C:/Users/HK/Desktop/easy_tiktok/cmd/user_service/handler.go:121	ç”¨æˆ·ä¿¡æ¯æœåŠ¡æˆåŠŸ
