[RZ-WORK-FLOW]2023/02/24 - 07:20:07.419	[34minfo[0m	C:/Users/withsky/Desktop/programs/golang/easy_tiktok(2)/easy_tiktok/cmd/user_service/handler.go:19	ç”¨æˆ·ç™»å½•
[RZ-WORK-FLOW]2023/02/24 - 07:20:07.425	[34minfo[0m	C:/Users/withsky/Desktop/programs/golang/easy_tiktok(2)/easy_tiktok/cmd/user_service/service/user_login.go:14	ç”¨æˆ·ç™»å½•æœåŠ¡
[RZ-WORK-FLOW]2023/02/24 - 07:20:07.708	[34minfo[0m	C:/Users/withsky/Desktop/programs/golang/easy_tiktok(2)/easy_tiktok/cmd/user_service/service/user_login.go:50	eyJhbGciOiJIUzI1NiIsInR5cCI6IkpXVCJ9.eyJ1c2VyX2lkIjo0MywiZXhwIjoxNjg4MDgwODA3LCJpc3MiOiJYRHJlYW0ifQ.3U6589UEr42qET1UZMkzU6F8tqBNjHkkhibhWzesEQs
[RZ-WORK-FLOW]2023/02/24 - 07:20:07.709	[34minfo[0m	C:/Users/withsky/Desktop/programs/golang/easy_tiktok(2)/easy_tiktok/cmd/user_service/handler.go:47	ç”¨æˆ·ç™»å½•æœåŠ¡æˆåŠŸ
[RZ-WORK-FLOW]2023/02/24 - 07:20:08.491	[34minfo[0m	C:/Users/withsky/Desktop/programs/golang/easy_tiktok(2)/easy_tiktok/cmd/user_service/handler.go:102	ç”¨æˆ·ä¿¡æ¯
[RZ-WORK-FLOW]2023/02/24 - 07:20:08.492	[34minfo[0m	C:/Users/withsky/Desktop/programs/golang/easy_tiktok(2)/easy_tiktok/cmd/user_service/service/user_info.go:12	ç”¨æˆ·ä¿¡æ¯æœåŠ¡
[RZ-WORK-FLOW]2023/02/24 - 07:20:09.304	[34minfo[0m	C:/Users/withsky/Desktop/programs/golang/easy_tiktok(2)/easy_tiktok/cmd/user_service/service/user_info.go:44	ç”¨æˆ·ä¿¡æ¯æŸ¥è¯¢æˆåŠŸ
[RZ-WORK-FLOW]2023/02/24 - 07:20:09.304	[34minfo[0m	C:/Users/withsky/Desktop/programs/golang/easy_tiktok(2)/easy_tiktok/cmd/user_service/handler.go:121	ç”¨æˆ·ä¿¡æ¯æœåŠ¡æˆåŠŸ
[RZ-WORK-FLOW]2023/02/24 - 07:30:37.787	[34minfo[0m	C:/Users/withsky/Desktop/programs/golang/easy_tiktok(2)/easy_tiktok/cmd/user_service/handler.go:61	ç”¨æˆ·æ³¨å†Œ
[RZ-WORK-FLOW]2023/02/24 - 07:30:37.787	[34minfo[0m	C:/Users/withsky/Desktop/programs/golang/easy_tiktok(2)/easy_tiktok/cmd/user_service/service/user_register.go:13	ç”¨æˆ·æ³¨å†ŒæœåŠ¡
[RZ-WORK-FLOW]2023/02/24 - 07:30:38.659	[31merror[0m	C:/Users/withsky/Desktop/programs/golang/easy_tiktok(2)/easy_tiktok/cmd/user_service/service/user_register.go:38	æ³¨å†ŒæˆåŠŸ
[RZ-WORK-FLOW]2023/02/24 - 07:30:38.659	[34minfo[0m	C:/Users/withsky/Desktop/programs/golang/easy_tiktok(2)/easy_tiktok/cmd/user_service/handler.go:89	ç”¨æˆ·æ³¨å†ŒæœåŠ¡æˆåŠŸ
[RZ-WORK-FLOW]2023/02/24 - 07:30:39.681	[34minfo[0m	C:/Users/withsky/Desktop/programs/golang/easy_tiktok(2)/easy_tiktok/cmd/user_service/handler.go:102	ç”¨æˆ·ä¿¡æ¯
[RZ-WORK-FLOW]2023/02/24 - 07:30:39.681	[34minfo[0m	C:/Users/withsky/Desktop/programs/golang/easy_tiktok(2)/easy_tiktok/cmd/user_service/service/user_info.go:12	ç”¨æˆ·ä¿¡æ¯æœåŠ¡
[RZ-WORK-FLOW]2023/02/24 - 07:30:40.328	[34minfo[0m	C:/Users/withsky/Desktop/programs/golang/easy_tiktok(2)/easy_tiktok/cmd/user_service/service/user_info.go:44	ç”¨æˆ·ä¿¡æ¯æŸ¥è¯¢æˆåŠŸ
[RZ-WORK-FLOW]2023/02/24 - 07:30:40.329	[34minfo[0m	C:/Users/withsky/Desktop/programs/golang/easy_tiktok(2)/easy_tiktok/cmd/user_service/handler.go:121	ç”¨æˆ·ä¿¡æ¯æœåŠ¡æˆåŠŸ
[RZ-WORK-FLOW]2023/02/24 - 10:22:32.604	[34minfo[0m	C:/Users/withsky/Desktop/programs/golang/easy_tiktok(2)/easy_tiktok/cmd/user_service/handler.go:19	ç”¨æˆ·ç™»å½•
[RZ-WORK-FLOW]2023/02/24 - 10:22:32.606	[34minfo[0m	C:/Users/withsky/Desktop/programs/golang/easy_tiktok(2)/easy_tiktok/cmd/user_service/service/user_login.go:14	ç”¨æˆ·ç™»å½•æœåŠ¡
[RZ-WORK-FLOW]2023/02/24 - 10:22:32.960	[34minfo[0m	C:/Users/withsky/Desktop/programs/golang/easy_tiktok(2)/easy_tiktok/cmd/user_service/service/user_login.go:50	eyJhbGciOiJIUzI1NiIsInR5cCI6IkpXVCJ9.eyJ1c2VyX2lkIjo0NCwiZXhwIjoxNjg4MDkxNzUyLCJpc3MiOiJYRHJlYW0ifQ.1ayAPWBDJNGVKx24RY0VXI6LFpC6UmL1S-w0rNx0A9w
[RZ-WORK-FLOW]2023/02/24 - 10:22:32.960	[34minfo[0m	C:/Users/withsky/Desktop/programs/golang/easy_tiktok(2)/easy_tiktok/cmd/user_service/handler.go:47	ç”¨æˆ·ç™»å½•æœåŠ¡æˆåŠŸ
[RZ-WORK-FLOW]2023/02/24 - 10:22:33.682	[34minfo[0m	C:/Users/withsky/Desktop/programs/golang/easy_tiktok(2)/easy_tiktok/cmd/user_service/handler.go:102	ç”¨æˆ·ä¿¡æ¯
[RZ-WORK-FLOW]2023/02/24 - 10:22:33.683	[34minfo[0m	C:/Users/withsky/Desktop/programs/golang/easy_tiktok(2)/easy_tiktok/cmd/user_service/service/user_info.go:12	ç”¨æˆ·ä¿¡æ¯æœåŠ¡
[RZ-WORK-FLOW]2023/02/24 - 10:22:34.197	[34minfo[0m	C:/Users/withsky/Desktop/programs/golang/easy_tiktok(2)/easy_tiktok/cmd/user_service/service/user_info.go:44	ç”¨æˆ·ä¿¡æ¯æŸ¥è¯¢æˆåŠŸ
[RZ-WORK-FLOW]2023/02/24 - 10:22:34.198	[34minfo[0m	C:/Users/withsky/Desktop/programs/golang/easy_tiktok(2)/easy_tiktok/cmd/user_service/handler.go:121	ç”¨æˆ·ä¿¡æ¯æœåŠ¡æˆåŠŸ
