[RZ-WORK-FLOW]2023/02/23 - 01:07:50.289	[34minfo[0m	C:/Users/HK/Desktop/easy_tiktok/cmd/api/rpc/init.go:15	æˆåŠŸåˆå§‹åŒ–rpc
[RZ-WORK-FLOW]2023/02/23 - 01:07:50.350	[31merror[0m	C:/Users/HK/Desktop/easy_tiktok/cmd/api/main.go:42	+++++++++++++++++++++++
[RZ-WORK-FLOW]2023/02/23 - 01:34:12.764	[34minfo[0m	C:/Users/HK/Desktop/easy_tiktok/cmd/api/rpc/init.go:15	æˆåŠŸåˆå§‹åŒ–rpc
[RZ-WORK-FLOW]2023/02/23 - 01:34:12.830	[31merror[0m	C:/Users/HK/Desktop/easy_tiktok/cmd/api/main.go:42	+++++++++++++++++++++++
[RZ-WORK-FLOW]2023/02/23 - 01:34:34.445	[31merror[0m	C:/Users/HK/Desktop/easy_tiktok/cmd/api/controllor/message.go:92	æœåŠ¡è¯·æ±‚å¤±è´¥
[RZ-WORK-FLOW]2023/02/23 - 01:34:48.069	[34minfo[0m	C:/Users/HK/Desktop/easy_tiktok/cmd/api/controllor/user.go:24	è¯·æ±‚æ³¨å†Œ
[RZ-WORK-FLOW]2023/02/23 - 01:34:55.304	[34minfo[0m	C:/Users/HK/Desktop/easy_tiktok/cmd/api/controllor/user.go:24	è¯·æ±‚æ³¨å†Œ
[RZ-WORK-FLOW]2023/02/23 - 01:35:00.897	[34minfo[0m	C:/Users/HK/Desktop/easy_tiktok/cmd/api/controllor/user.go:24	è¯·æ±‚æ³¨å†Œ
[RZ-WORK-FLOW]2023/02/23 - 01:35:05.932	[34minfo[0m	C:/Users/HK/Desktop/easy_tiktok/cmd/api/controllor/user.go:24	è¯·æ±‚æ³¨å†Œ
[RZ-WORK-FLOW]2023/02/23 - 01:35:10.070	[34minfo[0m	C:/Users/HK/Desktop/easy_tiktok/cmd/api/controllor/user.go:24	è¯·æ±‚æ³¨å†Œ
[RZ-WORK-FLOW]2023/02/23 - 01:35:13.273	[34minfo[0m	C:/Users/HK/Desktop/easy_tiktok/cmd/api/controllor/user.go:24	è¯·æ±‚æ³¨å†Œ
[RZ-WORK-FLOW]2023/02/23 - 01:38:26.581	[34minfo[0m	C:/Users/HK/Desktop/easy_tiktok/cmd/api/rpc/init.go:15	æˆåŠŸåˆå§‹åŒ–rpc
[RZ-WORK-FLOW]2023/02/23 - 01:38:26.646	[31merror[0m	C:/Users/HK/Desktop/easy_tiktok/cmd/api/main.go:42	+++++++++++++++++++++++
[RZ-WORK-FLOW]2023/02/23 - 01:39:13.719	[34minfo[0m	C:/Users/HK/Desktop/easy_tiktok/cmd/api/rpc/init.go:15	æˆåŠŸåˆå§‹åŒ–rpc
[RZ-WORK-FLOW]2023/02/23 - 01:39:13.777	[31merror[0m	C:/Users/HK/Desktop/easy_tiktok/cmd/api/main.go:42	+++++++++++++++++++++++
[RZ-WORK-FLOW]2023/02/23 - 01:40:37.174	[34minfo[0m	C:/Users/HK/Desktop/easy_tiktok/cmd/api/rpc/init.go:15	æˆåŠŸåˆå§‹åŒ–rpc
[RZ-WORK-FLOW]2023/02/23 - 01:40:37.237	[31merror[0m	C:/Users/HK/Desktop/easy_tiktok/cmd/api/main.go:42	+++++++++++++++++++++++
[RZ-WORK-FLOW]2023/02/23 - 01:42:46.145	[34minfo[0m	C:/Users/HK/Desktop/easy_tiktok/cmd/api/rpc/init.go:15	æˆåŠŸåˆå§‹åŒ–rpc
[RZ-WORK-FLOW]2023/02/23 - 01:42:46.206	[31merror[0m	C:/Users/HK/Desktop/easy_tiktok/cmd/api/main.go:42	+++++++++++++++++++++++
[RZ-WORK-FLOW]2023/02/23 - 01:44:20.210	[34minfo[0m	C:/Users/HK/Desktop/easy_tiktok/cmd/api/rpc/init.go:15	æˆåŠŸåˆå§‹åŒ–rpc
[RZ-WORK-FLOW]2023/02/23 - 01:44:20.271	[31merror[0m	C:/Users/HK/Desktop/easy_tiktok/cmd/api/main.go:42	+++++++++++++++++++++++
[RZ-WORK-FLOW]2023/02/23 - 01:45:09.746	[34minfo[0m	C:/Users/HK/Desktop/easy_tiktok/cmd/api/rpc/init.go:15	æˆåŠŸåˆå§‹åŒ–rpc
[RZ-WORK-FLOW]2023/02/23 - 01:45:09.805	[31merror[0m	C:/Users/HK/Desktop/easy_tiktok/cmd/api/main.go:42	+++++++++++++++++++++++
[RZ-WORK-FLOW]2023/02/23 - 02:11:44.647	[34minfo[0m	C:/Users/HK/Desktop/easy_tiktok/cmd/api/rpc/init.go:15	æˆåŠŸåˆå§‹åŒ–rpc
[RZ-WORK-FLOW]2023/02/23 - 02:11:44.707	[31merror[0m	C:/Users/HK/Desktop/easy_tiktok/cmd/api/main.go:42	+++++++++++++++++++++++
[RZ-WORK-FLOW]2023/02/23 - 02:11:57.245	[31merror[0m	C:/Users/HK/Desktop/easy_tiktok/cmd/api/controllor/user.go:107	ç”¨æˆ·åæˆ–å¯†ç é”™è¯¯ï¼Œè¯·æ£€æŸ¥æ‚¨è¾“å…¥çš„ç”¨æˆ·åæˆ–å¯†ç 
[RZ-WORK-FLOW]2023/02/23 - 02:12:04.298	[31merror[0m	C:/Users/HK/Desktop/easy_tiktok/cmd/api/controllor/user.go:107	æœåŠ¡è¯·æ±‚å¤±è´¥
[RZ-WORK-FLOW]2023/02/23 - 02:12:23.828	[34minfo[0m	C:/Users/HK/Desktop/easy_tiktok/cmd/api/controllor/user.go:22	è¯·æ±‚æ³¨å†Œ
[RZ-WORK-FLOW]2023/02/23 - 02:12:23.829	[31merror[0m	C:/Users/HK/Desktop/easy_tiktok/cmd/api/controllor/user.go:25	ç”¨æˆ·åä¸ºç©º
[RZ-WORK-FLOW]2023/02/23 - 02:13:26.585	[34minfo[0m	C:/Users/HK/Desktop/easy_tiktok/cmd/api/rpc/init.go:15	æˆåŠŸåˆå§‹åŒ–rpc
[RZ-WORK-FLOW]2023/02/23 - 02:13:26.643	[31merror[0m	C:/Users/HK/Desktop/easy_tiktok/cmd/api/main.go:42	+++++++++++++++++++++++
[RZ-WORK-FLOW]2023/02/23 - 02:13:27.884	[34minfo[0m	C:/Users/HK/Desktop/easy_tiktok/cmd/api/controllor/user.go:21	è¯·æ±‚æ³¨å†Œ
[RZ-WORK-FLOW]2023/02/23 - 02:17:23.348	[34minfo[0m	C:/Users/HK/Desktop/easy_tiktok/cmd/api/controllor/user.go:21	è¯·æ±‚æ³¨å†Œ
[RZ-WORK-FLOW]2023/02/23 - 02:21:51.749	[34minfo[0m	C:/Users/HK/Desktop/easy_tiktok/cmd/api/controllor/user.go:21	è¯·æ±‚æ³¨å†Œ
[RZ-WORK-FLOW]2023/02/23 - 11:46:40.622	[34minfo[0m	C:/Users/HK/Desktop/easy_tiktok/cmd/api/rpc/init.go:15	æˆåŠŸåˆå§‹åŒ–rpc
[RZ-WORK-FLOW]2023/02/23 - 11:46:40.686	[31merror[0m	C:/Users/HK/Desktop/easy_tiktok/cmd/api/main.go:41	+++++++++++++++++++++++
[RZ-WORK-FLOW]2023/02/23 - 11:46:50.083	[31merror[0m	C:/Users/HK/Desktop/easy_tiktok/cmd/api/controllor/message.go:92	æœåŠ¡è¯·æ±‚å¤±è´¥
[RZ-WORK-FLOW]2023/02/23 - 11:47:47.029	[34minfo[0m	C:/Users/HK/Desktop/easy_tiktok/cmd/api/rpc/init.go:15	æˆåŠŸåˆå§‹åŒ–rpc
[RZ-WORK-FLOW]2023/02/23 - 11:47:47.092	[31merror[0m	C:/Users/HK/Desktop/easy_tiktok/cmd/api/main.go:41	+++++++++++++++++++++++
[RZ-WORK-FLOW]2023/02/23 - 11:47:48.704	[31merror[0m	C:/Users/HK/Desktop/easy_tiktok/cmd/api/controllor/user.go:114	æœåŠ¡è¯·æ±‚å¤±è´¥
[RZ-WORK-FLOW]2023/02/23 - 11:47:52.018	[31merror[0m	C:/Users/HK/Desktop/easy_tiktok/cmd/api/controllor/user.go:114	æœåŠ¡è¯·æ±‚å¤±è´¥
[RZ-WORK-FLOW]2023/02/23 - 11:48:08.322	[31merror[0m	C:/Users/HK/Desktop/easy_tiktok/cmd/api/controllor/user.go:114	æœåŠ¡è¯·æ±‚å¤±è´¥
[RZ-WORK-FLOW]2023/02/23 - 11:48:23.101	[34minfo[0m	C:/Users/HK/Desktop/easy_tiktok/cmd/api/controllor/user.go:31	è¯·æ±‚æ³¨å†Œ
[RZ-WORK-FLOW]2023/02/23 - 11:48:23.222	[31merror[0m	C:/Users/HK/Desktop/easy_tiktok/cmd/api/controllor/user.go:60	æœåŠ¡è¯·æ±‚å¤±è´¥
[RZ-WORK-FLOW]2023/02/23 - 11:48:49.199	[34minfo[0m	C:/Users/HK/Desktop/easy_tiktok/cmd/api/controllor/user.go:31	è¯·æ±‚æ³¨å†Œ
[RZ-WORK-FLOW]2023/02/23 - 11:49:13.442	[31merror[0m	C:/Users/HK/Desktop/easy_tiktok/cmd/api/controllor/user.go:114	æœåŠ¡è¯·æ±‚å¤±è´¥
[RZ-WORK-FLOW]2023/02/23 - 11:49:15.033	[31merror[0m	C:/Users/HK/Desktop/easy_tiktok/cmd/api/controllor/user.go:114	ç”¨æˆ·åæˆ–å¯†ç é”™è¯¯ï¼Œè¯·æ£€æŸ¥æ‚¨è¾“å…¥çš„ç”¨æˆ·åæˆ–å¯†ç 
[RZ-WORK-FLOW]2023/02/23 - 11:49:15.983	[31merror[0m	C:/Users/HK/Desktop/easy_tiktok/cmd/api/controllor/user.go:114	ç”¨æˆ·åæˆ–å¯†ç é”™è¯¯ï¼Œè¯·æ£€æŸ¥æ‚¨è¾“å…¥çš„ç”¨æˆ·åæˆ–å¯†ç 
[RZ-WORK-FLOW]2023/02/23 - 11:50:12.436	[34minfo[0m	C:/Users/HK/Desktop/easy_tiktok/cmd/api/controllor/user.go:31	è¯·æ±‚æ³¨å†Œ
[RZ-WORK-FLOW]2023/02/23 - 11:50:12.499	[31merror[0m	C:/Users/HK/Desktop/easy_tiktok/cmd/api/controllor/user.go:60	æœåŠ¡è¯·æ±‚å¤±è´¥
[RZ-WORK-FLOW]2023/02/23 - 11:50:15.525	[34minfo[0m	C:/Users/HK/Desktop/easy_tiktok/cmd/api/controllor/user.go:31	è¯·æ±‚æ³¨å†Œ
[RZ-WORK-FLOW]2023/02/23 - 11:51:00.494	[34minfo[0m	C:/Users/HK/Desktop/easy_tiktok/cmd/api/controllor/user.go:31	è¯·æ±‚æ³¨å†Œ
[RZ-WORK-FLOW]2023/02/23 - 11:51:00.598	[31merror[0m	C:/Users/HK/Desktop/easy_tiktok/cmd/api/controllor/user.go:60	æœåŠ¡è¯·æ±‚å¤±è´¥
[RZ-WORK-FLOW]2023/02/23 - 11:51:09.821	[34minfo[0m	C:/Users/HK/Desktop/easy_tiktok/cmd/api/controllor/user.go:31	è¯·æ±‚æ³¨å†Œ
[RZ-WORK-FLOW]2023/02/23 - 11:51:10.185	[31merror[0m	C:/Users/HK/Desktop/easy_tiktok/cmd/api/controllor/user.go:60	æœåŠ¡è¯·æ±‚å¤±è´¥
[RZ-WORK-FLOW]2023/02/23 - 11:51:14.021	[34minfo[0m	C:/Users/HK/Desktop/easy_tiktok/cmd/api/controllor/user.go:31	è¯·æ±‚æ³¨å†Œ
[RZ-WORK-FLOW]2023/02/23 - 11:53:20.785	[34minfo[0m	C:/Users/HK/Desktop/easy_tiktok/cmd/api/rpc/init.go:15	æˆåŠŸåˆå§‹åŒ–rpc
[RZ-WORK-FLOW]2023/02/23 - 11:53:20.846	[31merror[0m	C:/Users/HK/Desktop/easy_tiktok/cmd/api/main.go:41	+++++++++++++++++++++++
[RZ-WORK-FLOW]2023/02/23 - 11:54:09.407	[34minfo[0m	C:/Users/HK/Desktop/easy_tiktok/cmd/api/controllor/user.go:31	è¯·æ±‚æ³¨å†Œ
[RZ-WORK-FLOW]2023/02/23 - 11:55:04.157	[31merror[0m	C:/Users/HK/Desktop/easy_tiktok/cmd/api/controllor/user.go:114	æœåŠ¡è¯·æ±‚å¤±è´¥
[RZ-WORK-FLOW]2023/02/23 - 11:55:09.156	[31merror[0m	C:/Users/HK/Desktop/easy_tiktok/cmd/api/controllor/user.go:114	ç”¨æˆ·åæˆ–å¯†ç é”™è¯¯ï¼Œè¯·æ£€æŸ¥æ‚¨è¾“å…¥çš„ç”¨æˆ·åæˆ–å¯†ç 
[RZ-WORK-FLOW]2023/02/23 - 11:55:13.278	[31merror[0m	C:/Users/HK/Desktop/easy_tiktok/cmd/api/controllor/user.go:114	ç”¨æˆ·åæˆ–å¯†ç é”™è¯¯ï¼Œè¯·æ£€æŸ¥æ‚¨è¾“å…¥çš„ç”¨æˆ·åæˆ–å¯†ç 
[RZ-WORK-FLOW]2023/02/23 - 11:55:15.200	[31merror[0m	C:/Users/HK/Desktop/easy_tiktok/cmd/api/controllor/user.go:114	ç”¨æˆ·åæˆ–å¯†ç é”™è¯¯ï¼Œè¯·æ£€æŸ¥æ‚¨è¾“å…¥çš„ç”¨æˆ·åæˆ–å¯†ç 
[RZ-WORK-FLOW]2023/02/23 - 11:55:16.485	[31merror[0m	C:/Users/HK/Desktop/easy_tiktok/cmd/api/controllor/user.go:114	ç”¨æˆ·åæˆ–å¯†ç é”™è¯¯ï¼Œè¯·æ£€æŸ¥æ‚¨è¾“å…¥çš„ç”¨æˆ·åæˆ–å¯†ç 
[RZ-WORK-FLOW]2023/02/23 - 11:56:56.558	[31merror[0m	C:/Users/HK/Desktop/easy_tiktok/cmd/api/controllor/user.go:114	ç”¨æˆ·åæˆ–å¯†ç é”™è¯¯ï¼Œè¯·æ£€æŸ¥æ‚¨è¾“å…¥çš„ç”¨æˆ·åæˆ–å¯†ç 
[RZ-WORK-FLOW]2023/02/23 - 11:57:07.137	[31merror[0m	C:/Users/HK/Desktop/easy_tiktok/cmd/api/controllor/user.go:114	æœåŠ¡è¯·æ±‚å¤±è´¥
[RZ-WORK-FLOW]2023/02/23 - 11:57:09.601	[31merror[0m	C:/Users/HK/Desktop/easy_tiktok/cmd/api/controllor/user.go:114	ç”¨æˆ·åæˆ–å¯†ç é”™è¯¯ï¼Œè¯·æ£€æŸ¥æ‚¨è¾“å…¥çš„ç”¨æˆ·åæˆ–å¯†ç 
[RZ-WORK-FLOW]2023/02/23 - 11:58:31.127	[31merror[0m	C:/Users/HK/Desktop/easy_tiktok/cmd/api/controllor/user.go:114	ç”¨æˆ·åæˆ–å¯†ç é”™è¯¯ï¼Œè¯·æ£€æŸ¥æ‚¨è¾“å…¥çš„ç”¨æˆ·åæˆ–å¯†ç 
[RZ-WORK-FLOW]2023/02/23 - 11:58:33.515	[31merror[0m	C:/Users/HK/Desktop/easy_tiktok/cmd/api/controllor/user.go:114	ç”¨æˆ·åæˆ–å¯†ç é”™è¯¯ï¼Œè¯·æ£€æŸ¥æ‚¨è¾“å…¥çš„ç”¨æˆ·åæˆ–å¯†ç 
[RZ-WORK-FLOW]2023/02/23 - 11:59:55.844	[31merror[0m	C:/Users/HK/Desktop/easy_tiktok/pkg/utils/redis.go:19	redis connect ping failed, err:	{"err": "dial tcp [::1]:6379: connectex: No connection could be made because the target machine actively refused it."}
[RZ-WORK-FLOW]2023/02/23 - 12:00:10.837	[34minfo[0m	C:/Users/HK/Desktop/easy_tiktok/cmd/api/rpc/init.go:15	æˆåŠŸåˆå§‹åŒ–rpc
[RZ-WORK-FLOW]2023/02/23 - 12:00:10.897	[31merror[0m	C:/Users/HK/Desktop/easy_tiktok/cmd/api/main.go:41	+++++++++++++++++++++++
[RZ-WORK-FLOW]2023/02/23 - 12:00:30.989	[34minfo[0m	C:/Users/HK/Desktop/easy_tiktok/pkg/utils/redis.go:23	redis connect ping response:	{"pong": "PONG"}
[RZ-WORK-FLOW]2023/02/23 - 12:05:22.301	[34minfo[0m	C:/Users/HK/Desktop/easy_tiktok/cmd/api/rpc/init.go:15	æˆåŠŸåˆå§‹åŒ–rpc
[RZ-WORK-FLOW]2023/02/23 - 12:05:22.359	[31merror[0m	C:/Users/HK/Desktop/easy_tiktok/cmd/api/main.go:41	+++++++++++++++++++++++
[RZ-WORK-FLOW]2023/02/23 - 12:08:39.736	[34minfo[0m	C:/Users/HK/Desktop/easy_tiktok/cmd/api/rpc/init.go:15	æˆåŠŸåˆå§‹åŒ–rpc
[RZ-WORK-FLOW]2023/02/23 - 12:08:39.793	[31merror[0m	C:/Users/HK/Desktop/easy_tiktok/cmd/api/main.go:41	+++++++++++++++++++++++
[RZ-WORK-FLOW]2023/02/23 - 12:09:11.143	[34minfo[0m	C:/Users/HK/Desktop/easy_tiktok/cmd/api/rpc/init.go:15	æˆåŠŸåˆå§‹åŒ–rpc
[RZ-WORK-FLOW]2023/02/23 - 12:09:11.201	[31merror[0m	C:/Users/HK/Desktop/easy_tiktok/cmd/api/main.go:41	+++++++++++++++++++++++
[RZ-WORK-FLOW]2023/02/23 - 12:09:46.221	[34minfo[0m	C:/Users/HK/Desktop/easy_tiktok/cmd/api/rpc/init.go:15	æˆåŠŸåˆå§‹åŒ–rpc
[RZ-WORK-FLOW]2023/02/23 - 12:09:46.289	[31merror[0m	C:/Users/HK/Desktop/easy_tiktok/cmd/api/main.go:41	+++++++++++++++++++++++
[RZ-WORK-FLOW]2023/02/23 - 14:45:48.843	[34minfo[0m	C:/Users/HK/Desktop/easy_tiktok/cmd/api/rpc/init.go:15	æˆåŠŸåˆå§‹åŒ–rpc
[RZ-WORK-FLOW]2023/02/23 - 14:45:48.964	[31merror[0m	C:/Users/HK/Desktop/easy_tiktok/cmd/api/main.go:41	+++++++++++++++++++++++
[RZ-WORK-FLOW]2023/02/23 - 16:28:36.857	[34minfo[0m	C:/Users/HK/Desktop/easy_tiktok/cmd/api/rpc/init.go:15	æˆåŠŸåˆå§‹åŒ–rpc
[RZ-WORK-FLOW]2023/02/23 - 16:28:36.922	[31merror[0m	C:/Users/HK/Desktop/easy_tiktok/cmd/api/main.go:41	+++++++++++++++++++++++
[RZ-WORK-FLOW]2023/02/23 - 16:28:57.971	[31merror[0m	C:/Users/HK/Desktop/easy_tiktok/cmd/api/controllor/message.go:92	æœåŠ¡è¯·æ±‚å¤±è´¥
[RZ-WORK-FLOW]2023/02/23 - 16:29:03.517	[31merror[0m	C:/Users/HK/Desktop/easy_tiktok/cmd/api/controllor/publish.go:82	æœåŠ¡è¯·æ±‚å¤±è´¥
[RZ-WORK-FLOW]2023/02/23 - 16:29:46.073	[31merror[0m	C:/Users/HK/Desktop/easy_tiktok/cmd/api/controllor/user.go:114	ç”¨æˆ·åæˆ–å¯†ç é”™è¯¯ï¼Œè¯·æ£€æŸ¥æ‚¨è¾“å…¥çš„ç”¨æˆ·åæˆ–å¯†ç 
[RZ-WORK-FLOW]2023/02/23 - 16:29:52.675	[31merror[0m	C:/Users/HK/Desktop/easy_tiktok/cmd/api/controllor/user.go:114	æœåŠ¡è¯·æ±‚å¤±è´¥
[RZ-WORK-FLOW]2023/02/23 - 16:30:05.066	[31merror[0m	C:/Users/HK/Desktop/easy_tiktok/cmd/api/controllor/user.go:114	ç”¨æˆ·åæˆ–å¯†ç é”™è¯¯ï¼Œè¯·æ£€æŸ¥æ‚¨è¾“å…¥çš„ç”¨æˆ·åæˆ–å¯†ç 
[RZ-WORK-FLOW]2023/02/23 - 16:30:29.232	[34minfo[0m	C:/Users/HK/Desktop/easy_tiktok/cmd/api/controllor/user.go:30	è¯·æ±‚æ³¨å†Œ
[RZ-WORK-FLOW]2023/02/23 - 16:30:30.688	[31merror[0m	C:/Users/HK/Desktop/easy_tiktok/cmd/api/controllor/user.go:59	æœåŠ¡è¯·æ±‚å¤±è´¥
[RZ-WORK-FLOW]2023/02/23 - 16:30:32.690	[34minfo[0m	C:/Users/HK/Desktop/easy_tiktok/cmd/api/controllor/user.go:30	è¯·æ±‚æ³¨å†Œ
[RZ-WORK-FLOW]2023/02/23 - 16:30:43.511	[31merror[0m	C:/Users/HK/Desktop/easy_tiktok/cmd/api/controllor/user.go:114	æœåŠ¡è¯·æ±‚å¤±è´¥
[RZ-WORK-FLOW]2023/02/23 - 16:30:55.853	[31merror[0m	C:/Users/HK/Desktop/easy_tiktok/cmd/api/controllor/user.go:114	æœåŠ¡è¯·æ±‚å¤±è´¥
[RZ-WORK-FLOW]2023/02/23 - 16:31:31.265	[31merror[0m	C:/Users/HK/Desktop/easy_tiktok/cmd/api/controllor/user.go:114	æœåŠ¡è¯·æ±‚å¤±è´¥
[RZ-WORK-FLOW]2023/02/23 - 16:32:21.068	[34minfo[0m	C:/Users/HK/Desktop/easy_tiktok/cmd/api/rpc/init.go:15	æˆåŠŸåˆå§‹åŒ–rpc
[RZ-WORK-FLOW]2023/02/23 - 16:32:21.133	[31merror[0m	C:/Users/HK/Desktop/easy_tiktok/cmd/api/main.go:41	+++++++++++++++++++++++
[RZ-WORK-FLOW]2023/02/23 - 16:32:24.010	[31merror[0m	C:/Users/HK/Desktop/easy_tiktok/cmd/api/controllor/publish.go:82	æœåŠ¡è¯·æ±‚å¤±è´¥
[RZ-WORK-FLOW]2023/02/23 - 16:32:43.049	[31merror[0m	C:/Users/HK/Desktop/easy_tiktok/cmd/api/controllor/publish.go:82	æœåŠ¡è¯·æ±‚å¤±è´¥
[RZ-WORK-FLOW]2023/02/23 - 16:33:01.696	[31merror[0m	C:/Users/HK/Desktop/easy_tiktok/cmd/api/controllor/publish.go:42	æœåŠ¡è¯·æ±‚å¤±è´¥
[RZ-WORK-FLOW]2023/02/23 - 16:33:05.235	[31merror[0m	C:/Users/HK/Desktop/easy_tiktok/cmd/api/controllor/publish.go:42	æœåŠ¡è¯·æ±‚å¤±è´¥
[RZ-WORK-FLOW]2023/02/23 - 16:33:16.727	[31merror[0m	C:/Users/HK/Desktop/easy_tiktok/cmd/api/controllor/publish.go:82	æœåŠ¡è¯·æ±‚å¤±è´¥
[RZ-WORK-FLOW]2023/02/23 - 16:34:38.510	[31merror[0m	C:/Users/HK/Desktop/easy_tiktok/cmd/api/controllor/publish.go:82	æœåŠ¡è¯·æ±‚å¤±è´¥
[RZ-WORK-FLOW]2023/02/23 - 16:36:12.509	[34minfo[0m	C:/Users/HK/Desktop/easy_tiktok/cmd/api/rpc/init.go:15	æˆåŠŸåˆå§‹åŒ–rpc
[RZ-WORK-FLOW]2023/02/23 - 16:36:12.576	[31merror[0m	C:/Users/HK/Desktop/easy_tiktok/cmd/api/main.go:41	+++++++++++++++++++++++
[RZ-WORK-FLOW]2023/02/23 - 16:38:29.952	[34minfo[0m	C:/Users/HK/Desktop/easy_tiktok/cmd/api/rpc/init.go:15	æˆåŠŸåˆå§‹åŒ–rpc
[RZ-WORK-FLOW]2023/02/23 - 16:38:30.012	[31merror[0m	C:/Users/HK/Desktop/easy_tiktok/cmd/api/main.go:41	+++++++++++++++++++++++
[RZ-WORK-FLOW]2023/02/23 - 16:38:52.295	[31merror[0m	C:/Users/HK/Desktop/easy_tiktok/cmd/api/controllor/publish.go:82	æœåŠ¡è¯·æ±‚å¤±è´¥
[RZ-WORK-FLOW]2023/02/23 - 17:15:42.523	[34minfo[0m	C:/Users/HK/Desktop/easy_tiktok/cmd/api/rpc/init.go:15	æˆåŠŸåˆå§‹åŒ–rpc
[RZ-WORK-FLOW]2023/02/23 - 17:15:42.591	[31merror[0m	C:/Users/HK/Desktop/easy_tiktok/cmd/api/main.go:41	+++++++++++++++++++++++
[RZ-WORK-FLOW]2023/02/23 - 17:18:31.504	[34minfo[0m	C:/Users/HK/Desktop/easy_tiktok/cmd/api/rpc/init.go:15	æˆåŠŸåˆå§‹åŒ–rpc
[RZ-WORK-FLOW]2023/02/23 - 17:18:31.565	[31merror[0m	C:/Users/HK/Desktop/easy_tiktok/cmd/api/main.go:41	+++++++++++++++++++++++
[RZ-WORK-FLOW]2023/02/23 - 17:18:35.327	[31merror[0m	C:/Users/HK/Desktop/easy_tiktok/pkg/middleware/jwt.go:50	tokené”™è¯¯!
[RZ-WORK-FLOW]2023/02/23 - 17:18:42.995	[31merror[0m	C:/Users/HK/Desktop/easy_tiktok/pkg/middleware/jwt.go:50	tokené”™è¯¯!
[RZ-WORK-FLOW]2023/02/23 - 17:19:26.847	[34minfo[0m	C:/Users/HK/Desktop/easy_tiktok/cmd/api/rpc/init.go:15	æˆåŠŸåˆå§‹åŒ–rpc
[RZ-WORK-FLOW]2023/02/23 - 17:19:26.941	[31merror[0m	C:/Users/HK/Desktop/easy_tiktok/cmd/api/main.go:41	+++++++++++++++++++++++
[RZ-WORK-FLOW]2023/02/23 - 17:19:28.910	[31merror[0m	C:/Users/HK/Desktop/easy_tiktok/pkg/middleware/jwt.go:50	tokené”™è¯¯!
[RZ-WORK-FLOW]2023/02/23 - 17:19:33.497	[31merror[0m	C:/Users/HK/Desktop/easy_tiktok/pkg/middleware/jwt.go:50	tokené”™è¯¯!
[RZ-WORK-FLOW]2023/02/23 - 17:19:37.450	[31merror[0m	C:/Users/HK/Desktop/easy_tiktok/cmd/api/controllor/publish.go:82	æœåŠ¡è¯·æ±‚å¤±è´¥
[RZ-WORK-FLOW]2023/02/23 - 17:19:40.520	[31merror[0m	C:/Users/HK/Desktop/easy_tiktok/cmd/api/controllor/publish.go:82	æœåŠ¡è¯·æ±‚å¤±è´¥
[RZ-WORK-FLOW]2023/02/23 - 17:19:40.521	[31merror[0m	C:/Users/HK/Desktop/easy_tiktok/cmd/api/controllor/publish.go:82	æœåŠ¡è¯·æ±‚å¤±è´¥
[RZ-WORK-FLOW]2023/02/23 - 17:20:58.388	[34minfo[0m	C:/Users/HK/Desktop/easy_tiktok/cmd/api/rpc/init.go:15	æˆåŠŸåˆå§‹åŒ–rpc
[RZ-WORK-FLOW]2023/02/23 - 17:20:58.450	[31merror[0m	C:/Users/HK/Desktop/easy_tiktok/cmd/api/main.go:41	+++++++++++++++++++++++
[RZ-WORK-FLOW]2023/02/23 - 17:21:00.679	[31merror[0m	C:/Users/HK/Desktop/easy_tiktok/pkg/middleware/jwt.go:31	tokené”™è¯¯!
[RZ-WORK-FLOW]2023/02/23 - 17:21:09.072	[31merror[0m	C:/Users/HK/Desktop/easy_tiktok/pkg/middleware/jwt.go:31	tokené”™è¯¯!
[RZ-WORK-FLOW]2023/02/23 - 17:21:40.267	[34minfo[0m	C:/Users/HK/Desktop/easy_tiktok/cmd/api/rpc/init.go:15	æˆåŠŸåˆå§‹åŒ–rpc
[RZ-WORK-FLOW]2023/02/23 - 17:21:40.325	[31merror[0m	C:/Users/HK/Desktop/easy_tiktok/cmd/api/main.go:41	+++++++++++++++++++++++
[RZ-WORK-FLOW]2023/02/23 - 17:21:48.200	[31merror[0m	C:/Users/HK/Desktop/easy_tiktok/pkg/middleware/jwt.go:31	tokené”™è¯¯!q
[RZ-WORK-FLOW]2023/02/23 - 17:25:43.680	[34minfo[0m	C:/Users/HK/Desktop/easy_tiktok/cmd/api/rpc/init.go:15	æˆåŠŸåˆå§‹åŒ–rpc
[RZ-WORK-FLOW]2023/02/23 - 17:25:43.740	[31merror[0m	C:/Users/HK/Desktop/easy_tiktok/cmd/api/main.go:41	+++++++++++++++++++++++
[RZ-WORK-FLOW]2023/02/23 - 17:25:45.910	[31merror[0m	C:/Users/HK/Desktop/easy_tiktok/pkg/middleware/jwt.go:49	tokené”™è¯¯!q
[RZ-WORK-FLOW]2023/02/23 - 19:00:01.371	[34minfo[0m	C:/Users/HK/Desktop/easy_tiktok/cmd/api/rpc/init.go:15	æˆåŠŸåˆå§‹åŒ–rpc
[RZ-WORK-FLOW]2023/02/23 - 19:00:01.436	[31merror[0m	C:/Users/HK/Desktop/easy_tiktok/cmd/api/main.go:41	+++++++++++++++++++++++
[RZ-WORK-FLOW]2023/02/23 - 19:00:41.006	[31merror[0m	C:/Users/HK/Desktop/easy_tiktok/cmd/api/controllor/publish.go:82	æœåŠ¡è¯·æ±‚å¤±è´¥
[RZ-WORK-FLOW]2023/02/23 - 19:00:44.014	[31merror[0m	C:/Users/HK/Desktop/easy_tiktok/pkg/middleware/jwt.go:50	tokené”™è¯¯!
[RZ-WORK-FLOW]2023/02/23 - 19:00:44.022	[31merror[0m	C:/Users/HK/Desktop/easy_tiktok/pkg/middleware/jwt.go:50	tokené”™è¯¯!
[RZ-WORK-FLOW]2023/02/23 - 19:00:44.031	[31merror[0m	C:/Users/HK/Desktop/easy_tiktok/pkg/middleware/jwt.go:50	tokené”™è¯¯!
[RZ-WORK-FLOW]2023/02/23 - 20:25:57.701	[34minfo[0m	C:/Users/HK/Desktop/easy_tiktok/cmd/api/rpc/init.go:15	æˆåŠŸåˆå§‹åŒ–rpc
[RZ-WORK-FLOW]2023/02/23 - 20:25:57.817	[31merror[0m	C:/Users/HK/Desktop/easy_tiktok/cmd/api/main.go:41	+++++++++++++++++++++++
[RZ-WORK-FLOW]2023/02/23 - 20:26:04.780	[31merror[0m	C:/Users/HK/Desktop/easy_tiktok/pkg/middleware/jwt.go:45	tokené”™è¯¯!
[RZ-WORK-FLOW]2023/02/23 - 20:26:42.588	[31merror[0m	C:/Users/HK/Desktop/easy_tiktok/pkg/middleware/jwt.go:45	tokené”™è¯¯!
[RZ-WORK-FLOW]2023/02/23 - 20:27:09.484	[34minfo[0m	C:/Users/HK/Desktop/easy_tiktok/cmd/api/rpc/init.go:15	æˆåŠŸåˆå§‹åŒ–rpc
[RZ-WORK-FLOW]2023/02/23 - 20:27:09.597	[31merror[0m	C:/Users/HK/Desktop/easy_tiktok/cmd/api/main.go:41	+++++++++++++++++++++++
[RZ-WORK-FLOW]2023/02/23 - 20:27:15.591	[31merror[0m	C:/Users/HK/Desktop/easy_tiktok/pkg/middleware/jwt.go:45	tokené”™è¯¯!
[RZ-WORK-FLOW]2023/02/23 - 20:27:26.447	[31merror[0m	C:/Users/HK/Desktop/easy_tiktok/pkg/middleware/jwt.go:45	tokené”™è¯¯!
[RZ-WORK-FLOW]2023/02/23 - 20:29:16.056	[34minfo[0m	C:/Users/HK/Desktop/easy_tiktok/cmd/api/rpc/init.go:15	æˆåŠŸåˆå§‹åŒ–rpc
[RZ-WORK-FLOW]2023/02/23 - 20:29:16.167	[31merror[0m	C:/Users/HK/Desktop/easy_tiktok/cmd/api/main.go:41	+++++++++++++++++++++++
[RZ-WORK-FLOW]2023/02/23 - 20:29:19.791	[31merror[0m	C:/Users/HK/Desktop/easy_tiktok/pkg/middleware/jwt.go:45	tokené”™è¯¯!
[RZ-WORK-FLOW]2023/02/23 - 20:29:55.508	[34minfo[0m	C:/Users/HK/Desktop/easy_tiktok/cmd/api/rpc/init.go:15	æˆåŠŸåˆå§‹åŒ–rpc
[RZ-WORK-FLOW]2023/02/23 - 20:29:55.621	[31merror[0m	C:/Users/HK/Desktop/easy_tiktok/cmd/api/main.go:41	+++++++++++++++++++++++
[RZ-WORK-FLOW]2023/02/23 - 20:30:09.773	[31merror[0m	C:/Users/HK/Desktop/easy_tiktok/cmd/api/controllor/publish.go:82	æœåŠ¡è¯·æ±‚å¤±è´¥
[RZ-WORK-FLOW]2023/02/23 - 20:30:43.822	[31merror[0m	C:/Users/HK/Desktop/easy_tiktok/cmd/api/controllor/message.go:92	æœåŠ¡è¯·æ±‚å¤±è´¥
[RZ-WORK-FLOW]2023/02/23 - 20:31:14.525	[31merror[0m	C:/Users/HK/Desktop/easy_tiktok/cmd/api/controllor/message.go:92	æœåŠ¡è¯·æ±‚å¤±è´¥
[RZ-WORK-FLOW]2023/02/23 - 20:31:17.556	[31merror[0m	C:/Users/HK/Desktop/easy_tiktok/cmd/api/controllor/publish.go:82	æœåŠ¡è¯·æ±‚å¤±è´¥
[RZ-WORK-FLOW]2023/02/23 - 20:31:20.134	[31merror[0m	C:/Users/HK/Desktop/easy_tiktok/pkg/middleware/jwt.go:72	tokené”™è¯¯!
[RZ-WORK-FLOW]2023/02/23 - 20:31:36.951	[31merror[0m	C:/Users/HK/Desktop/easy_tiktok/pkg/middleware/jwt.go:72	tokené”™è¯¯!
[RZ-WORK-FLOW]2023/02/23 - 20:32:35.735	[34minfo[0m	C:/Users/HK/Desktop/easy_tiktok/cmd/api/rpc/init.go:15	æˆåŠŸåˆå§‹åŒ–rpc
[RZ-WORK-FLOW]2023/02/23 - 20:32:35.848	[31merror[0m	C:/Users/HK/Desktop/easy_tiktok/cmd/api/main.go:41	+++++++++++++++++++++++
[RZ-WORK-FLOW]2023/02/23 - 20:32:38.974	[31merror[0m	C:/Users/HK/Desktop/easy_tiktok/pkg/middleware/jwt.go:72	tokené”™è¯¯!
[RZ-WORK-FLOW]2023/02/23 - 20:33:07.633	[34minfo[0m	C:/Users/HK/Desktop/easy_tiktok/cmd/api/rpc/init.go:15	æˆåŠŸåˆå§‹åŒ–rpc
[RZ-WORK-FLOW]2023/02/23 - 20:33:07.751	[31merror[0m	C:/Users/HK/Desktop/easy_tiktok/cmd/api/main.go:41	+++++++++++++++++++++++
[RZ-WORK-FLOW]2023/02/23 - 20:33:16.646	[31merror[0m	C:/Users/HK/Desktop/easy_tiktok/pkg/middleware/jwt.go:73	tokené”™è¯¯!
[RZ-WORK-FLOW]2023/02/23 - 20:34:02.314	[34minfo[0m	C:/Users/HK/Desktop/easy_tiktok/cmd/api/rpc/init.go:15	æˆåŠŸåˆå§‹åŒ–rpc
[RZ-WORK-FLOW]2023/02/23 - 20:34:02.427	[31merror[0m	C:/Users/HK/Desktop/easy_tiktok/cmd/api/main.go:41	+++++++++++++++++++++++
[RZ-WORK-FLOW]2023/02/23 - 20:34:04.857	[31merror[0m	C:/Users/HK/Desktop/easy_tiktok/pkg/middleware/jwt.go:73	tokené”™è¯¯!
[RZ-WORK-FLOW]2023/02/23 - 20:34:11.900	[31merror[0m	C:/Users/HK/Desktop/easy_tiktok/pkg/middleware/jwt.go:73	tokené”™è¯¯!
[RZ-WORK-FLOW]2023/02/23 - 20:35:29.000	[31merror[0m	C:/Users/HK/Desktop/easy_tiktok/cmd/api/controllor/publish.go:82	æœåŠ¡è¯·æ±‚å¤±è´¥
[RZ-WORK-FLOW]2023/02/23 - 20:36:33.884	[31merror[0m	C:/Users/HK/Desktop/easy_tiktok/cmd/api/controllor/publish.go:82	æœåŠ¡è¯·æ±‚å¤±è´¥
[RZ-WORK-FLOW]2023/02/23 - 20:37:48.424	[31merror[0m	C:/Users/HK/Desktop/easy_tiktok/cmd/api/controllor/publish.go:82	æœåŠ¡è¯·æ±‚å¤±è´¥
[RZ-WORK-FLOW]2023/02/23 - 20:38:29.642	[31merror[0m	C:/Users/HK/Desktop/easy_tiktok/cmd/api/controllor/user.go:114	æœåŠ¡è¯·æ±‚å¤±è´¥
[RZ-WORK-FLOW]2023/02/23 - 20:38:34.440	[31merror[0m	C:/Users/HK/Desktop/easy_tiktok/cmd/api/controllor/publish.go:82	æœåŠ¡è¯·æ±‚å¤±è´¥
[RZ-WORK-FLOW]2023/02/23 - 20:40:19.800	[31merror[0m	C:/Users/HK/Desktop/easy_tiktok/cmd/api/controllor/publish.go:82	æœåŠ¡è¯·æ±‚å¤±è´¥
[RZ-WORK-FLOW]2023/02/23 - 20:40:40.009	[31merror[0m	C:/Users/HK/Desktop/easy_tiktok/cmd/api/controllor/message.go:92	æœåŠ¡è¯·æ±‚å¤±è´¥
[RZ-WORK-FLOW]2023/02/23 - 20:40:50.468	[31merror[0m	C:/Users/HK/Desktop/easy_tiktok/cmd/api/controllor/message.go:92	æœåŠ¡è¯·æ±‚å¤±è´¥
[RZ-WORK-FLOW]2023/02/23 - 20:41:05.684	[31merror[0m	C:/Users/HK/Desktop/easy_tiktok/cmd/api/controllor/message.go:92	æœåŠ¡è¯·æ±‚å¤±è´¥
[RZ-WORK-FLOW]2023/02/23 - 20:41:28.209	[31merror[0m	C:/Users/HK/Desktop/easy_tiktok/cmd/api/controllor/publish.go:82	æœåŠ¡è¯·æ±‚å¤±è´¥
[RZ-WORK-FLOW]2023/02/23 - 20:50:54.319	[34minfo[0m	C:/Users/HK/Desktop/easy_tiktok/cmd/api/rpc/init.go:15	æˆåŠŸåˆå§‹åŒ–rpc
[RZ-WORK-FLOW]2023/02/23 - 20:50:54.380	[31merror[0m	C:/Users/HK/Desktop/easy_tiktok/cmd/api/main.go:41	+++++++++++++++++++++++
[RZ-WORK-FLOW]2023/02/23 - 20:51:26.689	[34minfo[0m	C:/Users/HK/Desktop/easy_tiktok/cmd/api/rpc/init.go:15	æˆåŠŸåˆå§‹åŒ–rpc
[RZ-WORK-FLOW]2023/02/23 - 20:51:26.748	[31merror[0m	C:/Users/HK/Desktop/easy_tiktok/cmd/api/main.go:41	+++++++++++++++++++++++
[RZ-WORK-FLOW]2023/02/23 - 20:51:55.850	[34minfo[0m	C:/Users/HK/Desktop/easy_tiktok/cmd/api/rpc/init.go:15	æˆåŠŸåˆå§‹åŒ–rpc
[RZ-WORK-FLOW]2023/02/23 - 20:51:55.910	[31merror[0m	C:/Users/HK/Desktop/easy_tiktok/cmd/api/main.go:41	+++++++++++++++++++++++
[RZ-WORK-FLOW]2023/02/23 - 20:52:29.017	[34minfo[0m	C:/Users/HK/Desktop/easy_tiktok/cmd/api/rpc/init.go:15	æˆåŠŸåˆå§‹åŒ–rpc
[RZ-WORK-FLOW]2023/02/23 - 20:52:29.075	[31merror[0m	C:/Users/HK/Desktop/easy_tiktok/cmd/api/main.go:41	+++++++++++++++++++++++
[RZ-WORK-FLOW]2023/02/23 - 20:53:22.165	[34minfo[0m	C:/Users/HK/Desktop/easy_tiktok/cmd/api/rpc/init.go:15	æˆåŠŸåˆå§‹åŒ–rpc
[RZ-WORK-FLOW]2023/02/23 - 20:53:22.224	[31merror[0m	C:/Users/HK/Desktop/easy_tiktok/cmd/api/main.go:41	+++++++++++++++++++++++
[RZ-WORK-FLOW]2023/02/23 - 20:53:48.005	[34minfo[0m	C:/Users/HK/Desktop/easy_tiktok/cmd/api/rpc/init.go:15	æˆåŠŸåˆå§‹åŒ–rpc
[RZ-WORK-FLOW]2023/02/23 - 20:53:48.063	[31merror[0m	C:/Users/HK/Desktop/easy_tiktok/cmd/api/main.go:41	+++++++++++++++++++++++
[RZ-WORK-FLOW]2023/02/23 - 20:54:41.727	[34minfo[0m	C:/Users/HK/Desktop/easy_tiktok/cmd/api/rpc/init.go:15	æˆåŠŸåˆå§‹åŒ–rpc
[RZ-WORK-FLOW]2023/02/23 - 20:54:41.791	[31merror[0m	C:/Users/HK/Desktop/easy_tiktok/cmd/api/main.go:41	+++++++++++++++++++++++
[RZ-WORK-FLOW]2023/02/23 - 20:55:41.017	[34minfo[0m	C:/Users/HK/Desktop/easy_tiktok/cmd/api/rpc/init.go:15	æˆåŠŸåˆå§‹åŒ–rpc
[RZ-WORK-FLOW]2023/02/23 - 20:55:41.076	[31merror[0m	C:/Users/HK/Desktop/easy_tiktok/cmd/api/main.go:41	+++++++++++++++++++++++
[RZ-WORK-FLOW]2023/02/23 - 20:56:18.369	[34minfo[0m	C:/Users/HK/Desktop/easy_tiktok/cmd/api/rpc/init.go:15	æˆåŠŸåˆå§‹åŒ–rpc
[RZ-WORK-FLOW]2023/02/23 - 20:56:18.428	[31merror[0m	C:/Users/HK/Desktop/easy_tiktok/cmd/api/main.go:41	+++++++++++++++++++++++
[RZ-WORK-FLOW]2023/02/23 - 21:08:03.893	[31merror[0m	C:/Users/HK/Desktop/easy_tiktok/cmd/api/controllor/publish.go:82	æœåŠ¡è¯·æ±‚å¤±è´¥
[RZ-WORK-FLOW]2023/02/23 - 21:08:04.159	[31merror[0m	C:/Users/HK/Desktop/easy_tiktok/cmd/api/controllor/publish.go:82	æœåŠ¡è¯·æ±‚å¤±è´¥
[RZ-WORK-FLOW]2023/02/23 - 21:08:05.844	[31merror[0m	C:/Users/HK/Desktop/easy_tiktok/pkg/middleware/jwt.go:45	tokené”™è¯¯!
[RZ-WORK-FLOW]2023/02/23 - 21:08:05.850	[31merror[0m	C:/Users/HK/Desktop/easy_tiktok/pkg/middleware/jwt.go:45	tokené”™è¯¯!
[RZ-WORK-FLOW]2023/02/23 - 21:08:05.855	[31merror[0m	C:/Users/HK/Desktop/easy_tiktok/pkg/middleware/jwt.go:45	tokené”™è¯¯!
[RZ-WORK-FLOW]2023/02/23 - 21:08:05.863	[31merror[0m	C:/Users/HK/Desktop/easy_tiktok/pkg/middleware/jwt.go:45	tokené”™è¯¯!
[RZ-WORK-FLOW]2023/02/23 - 21:08:05.878	[31merror[0m	C:/Users/HK/Desktop/easy_tiktok/pkg/middleware/jwt.go:45	tokené”™è¯¯!
[RZ-WORK-FLOW]2023/02/23 - 21:08:15.252	[31merror[0m	C:/Users/HK/Desktop/easy_tiktok/pkg/middleware/jwt.go:45	tokené”™è¯¯!
[RZ-WORK-FLOW]2023/02/23 - 21:09:22.583	[34minfo[0m	C:/Users/HK/Desktop/easy_tiktok/cmd/api/rpc/init.go:15	æˆåŠŸåˆå§‹åŒ–rpc
[RZ-WORK-FLOW]2023/02/23 - 21:09:22.641	[31merror[0m	C:/Users/HK/Desktop/easy_tiktok/cmd/api/main.go:41	+++++++++++++++++++++++
[RZ-WORK-FLOW]2023/02/23 - 21:09:25.794	[31merror[0m	C:/Users/HK/Desktop/easy_tiktok/pkg/middleware/jwt.go:45	tokené”™è¯¯!
[RZ-WORK-FLOW]2023/02/23 - 21:10:08.170	[34minfo[0m	C:/Users/HK/Desktop/easy_tiktok/cmd/api/rpc/init.go:15	æˆåŠŸåˆå§‹åŒ–rpc
[RZ-WORK-FLOW]2023/02/23 - 21:10:08.229	[31merror[0m	C:/Users/HK/Desktop/easy_tiktok/cmd/api/main.go:41	+++++++++++++++++++++++
[RZ-WORK-FLOW]2023/02/23 - 21:10:09.943	[31merror[0m	C:/Users/HK/Desktop/easy_tiktok/pkg/middleware/jwt.go:45	tokené”™è¯¯!
[RZ-WORK-FLOW]2023/02/23 - 21:10:17.879	[31merror[0m	C:/Users/HK/Desktop/easy_tiktok/pkg/middleware/jwt.go:45	tokené”™è¯¯!
[RZ-WORK-FLOW]2023/02/23 - 21:10:29.975	[31merror[0m	C:/Users/HK/Desktop/easy_tiktok/pkg/middleware/jwt.go:45	tokené”™è¯¯!
[RZ-WORK-FLOW]2023/02/23 - 21:10:33.255	[31merror[0m	C:/Users/HK/Desktop/easy_tiktok/pkg/middleware/jwt.go:45	tokené”™è¯¯!
[RZ-WORK-FLOW]2023/02/23 - 21:11:22.774	[31merror[0m	C:/Users/HK/Desktop/easy_tiktok/cmd/api/controllor/publish.go:82	æœåŠ¡è¯·æ±‚å¤±è´¥
[RZ-WORK-FLOW]2023/02/23 - 21:11:25.841	[31merror[0m	C:/Users/HK/Desktop/easy_tiktok/pkg/middleware/jwt.go:74	tokené”™è¯¯!
[RZ-WORK-FLOW]2023/02/23 - 21:11:36.389	[31merror[0m	C:/Users/HK/Desktop/easy_tiktok/pkg/middleware/jwt.go:74	tokené”™è¯¯!
[RZ-WORK-FLOW]2023/02/23 - 21:12:06.714	[34minfo[0m	C:/Users/HK/Desktop/easy_tiktok/cmd/api/rpc/init.go:15	æˆåŠŸåˆå§‹åŒ–rpc
[RZ-WORK-FLOW]2023/02/23 - 21:12:06.774	[31merror[0m	C:/Users/HK/Desktop/easy_tiktok/cmd/api/main.go:41	+++++++++++++++++++++++
[RZ-WORK-FLOW]2023/02/23 - 21:12:09.233	[31merror[0m	C:/Users/HK/Desktop/easy_tiktok/pkg/middleware/jwt.go:74	tokené”™è¯¯!
[RZ-WORK-FLOW]2023/02/23 - 21:12:26.807	[34minfo[0m	C:/Users/HK/Desktop/easy_tiktok/cmd/api/rpc/init.go:15	æˆåŠŸåˆå§‹åŒ–rpc
[RZ-WORK-FLOW]2023/02/23 - 21:12:26.864	[31merror[0m	C:/Users/HK/Desktop/easy_tiktok/cmd/api/main.go:41	+++++++++++++++++++++++
[RZ-WORK-FLOW]2023/02/23 - 21:29:37.429	[34minfo[0m	C:/Users/HK/Desktop/easy_tiktok/cmd/api/rpc/init.go:15	æˆåŠŸåˆå§‹åŒ–rpc
[RZ-WORK-FLOW]2023/02/23 - 21:29:37.490	[31merror[0m	C:/Users/HK/Desktop/easy_tiktok/cmd/api/main.go:41	+++++++++++++++++++++++
[RZ-WORK-FLOW]2023/02/23 - 21:29:44.792	[31merror[0m	C:/Users/HK/Desktop/easy_tiktok/cmd/api/controllor/message.go:92	æœåŠ¡è¯·æ±‚å¤±è´¥
[RZ-WORK-FLOW]2023/02/23 - 21:29:47.857	[31merror[0m	C:/Users/HK/Desktop/easy_tiktok/cmd/api/controllor/publish.go:82	æœåŠ¡è¯·æ±‚å¤±è´¥
[RZ-WORK-FLOW]2023/02/23 - 21:29:48.465	[31merror[0m	C:/Users/HK/Desktop/easy_tiktok/cmd/api/controllor/publish.go:82	æœåŠ¡è¯·æ±‚å¤±è´¥
[RZ-WORK-FLOW]2023/02/23 - 21:30:50.911	[31merror[0m	C:/Users/HK/Desktop/easy_tiktok/cmd/api/controllor/publish.go:82	æœåŠ¡è¯·æ±‚å¤±è´¥
[RZ-WORK-FLOW]2023/02/23 - 21:30:55.753	[31merror[0m	C:/Users/HK/Desktop/easy_tiktok/cmd/api/controllor/publish.go:82	æœåŠ¡è¯·æ±‚å¤±è´¥
[RZ-WORK-FLOW]2023/02/23 - 21:30:55.753	[31merror[0m	C:/Users/HK/Desktop/easy_tiktok/cmd/api/controllor/publish.go:82	æœåŠ¡è¯·æ±‚å¤±è´¥
[RZ-WORK-FLOW]2023/02/23 - 21:30:56.049	[31merror[0m	C:/Users/HK/Desktop/easy_tiktok/cmd/api/controllor/publish.go:82	æœåŠ¡è¯·æ±‚å¤±è´¥
[RZ-WORK-FLOW]2023/02/23 - 21:31:43.298	[34minfo[0m	C:/Users/HK/Desktop/easy_tiktok/cmd/api/rpc/init.go:15	æˆåŠŸåˆå§‹åŒ–rpc
[RZ-WORK-FLOW]2023/02/23 - 21:31:43.362	[31merror[0m	C:/Users/HK/Desktop/easy_tiktok/cmd/api/main.go:41	+++++++++++++++++++++++
[RZ-WORK-FLOW]2023/02/23 - 21:31:48.386	[31merror[0m	C:/Users/HK/Desktop/easy_tiktok/pkg/middleware/jwt.go:48	tokené”™è¯¯!
[RZ-WORK-FLOW]2023/02/23 - 21:44:06.112	[31merror[0m	C:/Users/HK/Desktop/easy_tiktok/cmd/api/controllor/publish.go:42	è§£ætokenå¤±è´¥
[RZ-WORK-FLOW]2023/02/23 - 21:45:40.630	[34minfo[0m	C:/Users/HK/Desktop/easy_tiktok/cmd/api/rpc/init.go:15	æˆåŠŸåˆå§‹åŒ–rpc
[RZ-WORK-FLOW]2023/02/23 - 21:45:40.692	[31merror[0m	C:/Users/HK/Desktop/easy_tiktok/cmd/api/main.go:41	+++++++++++++++++++++++
[RZ-WORK-FLOW]2023/02/23 - 21:45:44.549	[31merror[0m	C:/Users/HK/Desktop/easy_tiktok/pkg/middleware/jwt.go:51	tokené”™è¯¯!
[RZ-WORK-FLOW]2023/02/23 - 21:45:47.281	[31merror[0m	C:/Users/HK/Desktop/easy_tiktok/cmd/api/controllor/publish.go:42	è§£ætokenå¤±è´¥
[RZ-WORK-FLOW]2023/02/23 - 21:46:14.794	[31merror[0m	C:/Users/HK/Desktop/easy_tiktok/pkg/middleware/jwt.go:51	tokené”™è¯¯!
[RZ-WORK-FLOW]2023/02/23 - 21:46:17.525	[31merror[0m	C:/Users/HK/Desktop/easy_tiktok/cmd/api/controllor/publish.go:42	è§£ætokenå¤±è´¥
[RZ-WORK-FLOW]2023/02/23 - 21:47:14.345	[34minfo[0m	C:/Users/HK/Desktop/easy_tiktok/cmd/api/rpc/init.go:15	æˆåŠŸåˆå§‹åŒ–rpc
[RZ-WORK-FLOW]2023/02/23 - 21:47:14.403	[31merror[0m	C:/Users/HK/Desktop/easy_tiktok/cmd/api/main.go:41	+++++++++++++++++++++++
[RZ-WORK-FLOW]2023/02/23 - 21:47:16.378	[31merror[0m	C:/Users/HK/Desktop/easy_tiktok/pkg/middleware/jwt.go:51	tokené”™è¯¯!
[RZ-WORK-FLOW]2023/02/23 - 21:47:19.060	[31merror[0m	C:/Users/HK/Desktop/easy_tiktok/cmd/api/controllor/publish.go:43	è§£ætokenå¤±è´¥
[RZ-WORK-FLOW]2023/02/23 - 21:48:05.719	[34minfo[0m	C:/Users/HK/Desktop/easy_tiktok/cmd/api/rpc/init.go:15	æˆåŠŸåˆå§‹åŒ–rpc
[RZ-WORK-FLOW]2023/02/23 - 21:48:05.782	[31merror[0m	C:/Users/HK/Desktop/easy_tiktok/cmd/api/main.go:41	+++++++++++++++++++++++
[RZ-WORK-FLOW]2023/02/23 - 21:48:20.845	[34minfo[0m	C:/Users/HK/Desktop/easy_tiktok/cmd/api/rpc/init.go:15	æˆåŠŸåˆå§‹åŒ–rpc
[RZ-WORK-FLOW]2023/02/23 - 21:48:20.905	[31merror[0m	C:/Users/HK/Desktop/easy_tiktok/cmd/api/main.go:41	+++++++++++++++++++++++
[RZ-WORK-FLOW]2023/02/23 - 21:48:22.489	[31merror[0m	C:/Users/HK/Desktop/easy_tiktok/pkg/middleware/jwt.go:51	tokené”™è¯¯!
[RZ-WORK-FLOW]2023/02/23 - 21:48:22.859	[31merror[0m	C:/Users/HK/Desktop/easy_tiktok/cmd/api/controllor/publish.go:44	è§£ætokenå¤±è´¥
[RZ-WORK-FLOW]2023/02/23 - 21:48:31.717	[31merror[0m	C:/Users/HK/Desktop/easy_tiktok/pkg/middleware/jwt.go:51	tokené”™è¯¯!
[RZ-WORK-FLOW]2023/02/23 - 21:48:31.937	[31merror[0m	C:/Users/HK/Desktop/easy_tiktok/cmd/api/controllor/publish.go:44	æœåŠ¡è¯·æ±‚å¤±è´¥
[RZ-WORK-FLOW]2023/02/23 - 21:48:42.879	[34minfo[0m	C:/Users/HK/Desktop/easy_tiktok/cmd/api/rpc/init.go:15	æˆåŠŸåˆå§‹åŒ–rpc
[RZ-WORK-FLOW]2023/02/23 - 21:48:42.942	[31merror[0m	C:/Users/HK/Desktop/easy_tiktok/cmd/api/main.go:41	+++++++++++++++++++++++
[RZ-WORK-FLOW]2023/02/23 - 21:48:49.357	[31merror[0m	C:/Users/HK/Desktop/easy_tiktok/pkg/middleware/jwt.go:51	tokené”™è¯¯!
[RZ-WORK-FLOW]2023/02/23 - 21:48:49.771	[31merror[0m	C:/Users/HK/Desktop/easy_tiktok/cmd/api/controllor/publish.go:44	è§£ætokenå¤±è´¥
[RZ-WORK-FLOW]2023/02/23 - 21:49:03.676	[31merror[0m	C:/Users/HK/Desktop/easy_tiktok/pkg/middleware/jwt.go:51	tokené”™è¯¯!
[RZ-WORK-FLOW]2023/02/23 - 21:49:06.223	[31merror[0m	C:/Users/HK/Desktop/easy_tiktok/cmd/api/controllor/publish.go:44	æœåŠ¡è¯·æ±‚å¤±è´¥
[RZ-WORK-FLOW]2023/02/23 - 21:49:44.483	[34minfo[0m	C:/Users/HK/Desktop/easy_tiktok/cmd/api/rpc/init.go:15	æˆåŠŸåˆå§‹åŒ–rpc
[RZ-WORK-FLOW]2023/02/23 - 21:49:44.541	[31merror[0m	C:/Users/HK/Desktop/easy_tiktok/cmd/api/main.go:41	+++++++++++++++++++++++
[RZ-WORK-FLOW]2023/02/23 - 21:49:50.597	[31merror[0m	C:/Users/HK/Desktop/easy_tiktok/pkg/middleware/jwt.go:51	tokené”™è¯¯!
[RZ-WORK-FLOW]2023/02/23 - 21:49:53.617	[31merror[0m	C:/Users/HK/Desktop/easy_tiktok/cmd/api/controllor/publish.go:44	è§£ætokenå¤±è´¥
[RZ-WORK-FLOW]2023/02/23 - 21:50:28.739	[34minfo[0m	C:/Users/HK/Desktop/easy_tiktok/pkg/utils/redis.go:23	redis connect ping response:	{"pong": "PONG"}
[RZ-WORK-FLOW]2023/02/23 - 21:50:28.740	[31merror[0m	C:/Users/HK/Desktop/easy_tiktok/pkg/middleware/jwt.go:63	tokenååºåˆ—åŒ–å¤±è´¥
[RZ-WORK-FLOW]2023/02/23 - 21:50:28.742	[34minfo[0m	C:/Users/HK/Desktop/easy_tiktok/pkg/utils/redis.go:23	redis connect ping response:	{"pong": "PONG"}
[RZ-WORK-FLOW]2023/02/23 - 21:50:28.742	[31merror[0m	C:/Users/HK/Desktop/easy_tiktok/pkg/middleware/jwt.go:63	tokenååºåˆ—åŒ–å¤±è´¥
[RZ-WORK-FLOW]2023/02/23 - 21:50:29.014	[34minfo[0m	C:/Users/HK/Desktop/easy_tiktok/pkg/utils/redis.go:23	redis connect ping response:	{"pong": "PONG"}
[RZ-WORK-FLOW]2023/02/23 - 21:50:29.015	[31merror[0m	C:/Users/HK/Desktop/easy_tiktok/pkg/middleware/jwt.go:63	tokenååºåˆ—åŒ–å¤±è´¥
[RZ-WORK-FLOW]2023/02/23 - 21:50:29.019	[34minfo[0m	C:/Users/HK/Desktop/easy_tiktok/pkg/utils/redis.go:23	redis connect ping response:	{"pong": "PONG"}
[RZ-WORK-FLOW]2023/02/23 - 21:50:29.020	[31merror[0m	C:/Users/HK/Desktop/easy_tiktok/pkg/middleware/jwt.go:63	tokenååºåˆ—åŒ–å¤±è´¥
[RZ-WORK-FLOW]2023/02/23 - 21:50:29.021	[31merror[0m	C:/Users/HK/Desktop/easy_tiktok/cmd/api/controllor/publish.go:84	æœåŠ¡è¯·æ±‚å¤±è´¥
[RZ-WORK-FLOW]2023/02/23 - 21:50:31.563	[34minfo[0m	C:/Users/HK/Desktop/easy_tiktok/pkg/utils/redis.go:23	redis connect ping response:	{"pong": "PONG"}
[RZ-WORK-FLOW]2023/02/23 - 21:50:31.563	[31merror[0m	C:/Users/HK/Desktop/easy_tiktok/pkg/middleware/jwt.go:63	tokenååºåˆ—åŒ–å¤±è´¥
[RZ-WORK-FLOW]2023/02/23 - 21:50:31.563	[34minfo[0m	C:/Users/HK/Desktop/easy_tiktok/pkg/utils/redis.go:23	redis connect ping response:	{"pong": "PONG"}
[RZ-WORK-FLOW]2023/02/23 - 21:50:31.564	[31merror[0m	C:/Users/HK/Desktop/easy_tiktok/pkg/middleware/jwt.go:63	tokenååºåˆ—åŒ–å¤±è´¥
[RZ-WORK-FLOW]2023/02/23 - 21:50:31.573	[34minfo[0m	C:/Users/HK/Desktop/easy_tiktok/pkg/utils/redis.go:23	redis connect ping response:	{"pong": "PONG"}
[RZ-WORK-FLOW]2023/02/23 - 21:50:31.574	[31merror[0m	C:/Users/HK/Desktop/easy_tiktok/pkg/middleware/jwt.go:63	tokenååºåˆ—åŒ–å¤±è´¥
[RZ-WORK-FLOW]2023/02/23 - 21:50:31.584	[34minfo[0m	C:/Users/HK/Desktop/easy_tiktok/pkg/utils/redis.go:23	redis connect ping response:	{"pong": "PONG"}
[RZ-WORK-FLOW]2023/02/23 - 21:50:31.585	[31merror[0m	C:/Users/HK/Desktop/easy_tiktok/pkg/middleware/jwt.go:63	tokenååºåˆ—åŒ–å¤±è´¥
[RZ-WORK-FLOW]2023/02/23 - 21:50:53.498	[31merror[0m	C:/Users/HK/Desktop/easy_tiktok/pkg/middleware/jwt.go:51	tokené”™è¯¯!
[RZ-WORK-FLOW]2023/02/23 - 21:50:53.923	[31merror[0m	C:/Users/HK/Desktop/easy_tiktok/cmd/api/controllor/publish.go:44	æœåŠ¡è¯·æ±‚å¤±è´¥
[RZ-WORK-FLOW]2023/02/23 - 21:51:44.179	[34minfo[0m	C:/Users/HK/Desktop/easy_tiktok/cmd/api/rpc/init.go:15	æˆåŠŸåˆå§‹åŒ–rpc
[RZ-WORK-FLOW]2023/02/23 - 21:51:44.240	[31merror[0m	C:/Users/HK/Desktop/easy_tiktok/cmd/api/main.go:41	+++++++++++++++++++++++
[RZ-WORK-FLOW]2023/02/23 - 21:51:48.631	[31merror[0m	C:/Users/HK/Desktop/easy_tiktok/cmd/api/controllor/publish.go:43	è§£ætokenå¤±è´¥
[RZ-WORK-FLOW]2023/02/23 - 21:52:26.549	[31merror[0m	C:/Users/HK/Desktop/easy_tiktok/cmd/api/controllor/publish.go:43	æœåŠ¡è¯·æ±‚å¤±è´¥
[RZ-WORK-FLOW]2023/02/23 - 21:52:29.175	[31merror[0m	C:/Users/HK/Desktop/easy_tiktok/cmd/api/controllor/publish.go:43	è§£ætokenå¤±è´¥
[RZ-WORK-FLOW]2023/02/23 - 21:52:34.481	[31merror[0m	C:/Users/HK/Desktop/easy_tiktok/cmd/api/controllor/publish.go:43	æœåŠ¡è¯·æ±‚å¤±è´¥
[RZ-WORK-FLOW]2023/02/23 - 21:53:36.520	[31merror[0m	C:/Users/HK/Desktop/easy_tiktok/cmd/api/controllor/publish.go:43	è§£ætokenå¤±è´¥
[RZ-WORK-FLOW]2023/02/23 - 21:53:48.825	[34minfo[0m	C:/Users/HK/Desktop/easy_tiktok/cmd/api/rpc/init.go:15	æˆåŠŸåˆå§‹åŒ–rpc
[RZ-WORK-FLOW]2023/02/23 - 21:53:48.884	[31merror[0m	C:/Users/HK/Desktop/easy_tiktok/cmd/api/main.go:41	+++++++++++++++++++++++
[RZ-WORK-FLOW]2023/02/23 - 21:53:51.856	[31merror[0m	C:/Users/HK/Desktop/easy_tiktok/cmd/api/controllor/publish.go:43	æœåŠ¡è¯·æ±‚å¤±è´¥
[RZ-WORK-FLOW]2023/02/23 - 21:54:37.269	[34minfo[0m	C:/Users/HK/Desktop/easy_tiktok/cmd/api/rpc/init.go:15	æˆåŠŸåˆå§‹åŒ–rpc
[RZ-WORK-FLOW]2023/02/23 - 21:54:37.330	[31merror[0m	C:/Users/HK/Desktop/easy_tiktok/cmd/api/main.go:41	+++++++++++++++++++++++
[RZ-WORK-FLOW]2023/02/23 - 21:54:41.298	[31merror[0m	C:/Users/HK/Desktop/easy_tiktok/cmd/api/controllor/publish.go:43	æœåŠ¡è¯·æ±‚å¤±è´¥
[RZ-WORK-FLOW]2023/02/23 - 21:55:29.069	[34minfo[0m	C:/Users/HK/Desktop/easy_tiktok/cmd/api/rpc/init.go:15	æˆåŠŸåˆå§‹åŒ–rpc
[RZ-WORK-FLOW]2023/02/23 - 21:55:29.131	[31merror[0m	C:/Users/HK/Desktop/easy_tiktok/cmd/api/main.go:41	+++++++++++++++++++++++
[RZ-WORK-FLOW]2023/02/23 - 21:55:39.489	[31merror[0m	C:/Users/HK/Desktop/easy_tiktok/cmd/api/controllor/publish.go:43	æœåŠ¡è¯·æ±‚å¤±è´¥
[RZ-WORK-FLOW]2023/02/23 - 21:55:49.763	[34minfo[0m	C:/Users/HK/Desktop/easy_tiktok/pkg/utils/redis.go:23	redis connect ping response:	{"pong": "PONG"}
[RZ-WORK-FLOW]2023/02/23 - 21:55:49.764	[31merror[0m	C:/Users/HK/Desktop/easy_tiktok/pkg/middleware/jwt.go:63	tokenååºåˆ—åŒ–å¤±è´¥
[RZ-WORK-FLOW]2023/02/23 - 21:56:01.818	[31merror[0m	C:/Users/HK/Desktop/easy_tiktok/cmd/api/controllor/publish.go:43	æœåŠ¡è¯·æ±‚å¤±è´¥
[RZ-WORK-FLOW]2023/02/23 - 21:56:02.344	[31merror[0m	C:/Users/HK/Desktop/easy_tiktok/cmd/api/controllor/publish.go:43	æœåŠ¡è¯·æ±‚å¤±è´¥
[RZ-WORK-FLOW]2023/02/23 - 21:56:05.236	[31merror[0m	C:/Users/HK/Desktop/easy_tiktok/cmd/api/controllor/publish.go:43	æœåŠ¡è¯·æ±‚å¤±è´¥
[RZ-WORK-FLOW]2023/02/23 - 21:57:01.824	[34minfo[0m	C:/Users/HK/Desktop/easy_tiktok/cmd/api/rpc/init.go:15	æˆåŠŸåˆå§‹åŒ–rpc
[RZ-WORK-FLOW]2023/02/23 - 21:57:01.891	[31merror[0m	C:/Users/HK/Desktop/easy_tiktok/cmd/api/main.go:41	+++++++++++++++++++++++
[RZ-WORK-FLOW]2023/02/23 - 21:57:03.289	[31merror[0m	C:/Users/HK/Desktop/easy_tiktok/cmd/api/controllor/publish.go:43	æœåŠ¡è¯·æ±‚å¤±è´¥
[RZ-WORK-FLOW]2023/02/23 - 21:57:24.459	[31merror[0m	C:/Users/HK/Desktop/easy_tiktok/cmd/api/controllor/publish.go:43	æœåŠ¡è¯·æ±‚å¤±è´¥
[RZ-WORK-FLOW]2023/02/23 - 21:59:20.257	[34minfo[0m	C:/Users/HK/Desktop/easy_tiktok/pkg/utils/redis.go:23	redis connect ping response:	{"pong": "PONG"}
[RZ-WORK-FLOW]2023/02/23 - 21:59:20.257	[31merror[0m	C:/Users/HK/Desktop/easy_tiktok/pkg/middleware/jwt.go:63	tokenååºåˆ—åŒ–å¤±è´¥
[RZ-WORK-FLOW]2023/02/23 - 21:59:20.264	[34minfo[0m	C:/Users/HK/Desktop/easy_tiktok/pkg/utils/redis.go:23	redis connect ping response:	{"pong": "PONG"}
[RZ-WORK-FLOW]2023/02/23 - 21:59:20.265	[31merror[0m	C:/Users/HK/Desktop/easy_tiktok/pkg/middleware/jwt.go:63	tokenååºåˆ—åŒ–å¤±è´¥
[RZ-WORK-FLOW]2023/02/23 - 21:59:20.272	[34minfo[0m	C:/Users/HK/Desktop/easy_tiktok/pkg/utils/redis.go:23	redis connect ping response:	{"pong": "PONG"}
[RZ-WORK-FLOW]2023/02/23 - 21:59:20.273	[31merror[0m	C:/Users/HK/Desktop/easy_tiktok/pkg/middleware/jwt.go:63	tokenååºåˆ—åŒ–å¤±è´¥
[RZ-WORK-FLOW]2023/02/23 - 21:59:20.813	[34minfo[0m	C:/Users/HK/Desktop/easy_tiktok/pkg/utils/redis.go:23	redis connect ping response:	{"pong": "PONG"}
[RZ-WORK-FLOW]2023/02/23 - 21:59:20.814	[31merror[0m	C:/Users/HK/Desktop/easy_tiktok/pkg/middleware/jwt.go:63	tokenååºåˆ—åŒ–å¤±è´¥
[RZ-WORK-FLOW]2023/02/23 - 21:59:51.970	[31merror[0m	C:/Users/HK/Desktop/easy_tiktok/cmd/api/controllor/publish.go:43	æœåŠ¡è¯·æ±‚å¤±è´¥
[RZ-WORK-FLOW]2023/02/23 - 21:59:54.798	[31merror[0m	C:/Users/HK/Desktop/easy_tiktok/cmd/api/controllor/publish.go:43	æœåŠ¡è¯·æ±‚å¤±è´¥
[RZ-WORK-FLOW]2023/02/23 - 21:59:57.633	[31merror[0m	C:/Users/HK/Desktop/easy_tiktok/cmd/api/controllor/publish.go:43	æœåŠ¡è¯·æ±‚å¤±è´¥
[RZ-WORK-FLOW]2023/02/23 - 22:00:00.472	[31merror[0m	C:/Users/HK/Desktop/easy_tiktok/cmd/api/controllor/publish.go:43	æœåŠ¡è¯·æ±‚å¤±è´¥
[RZ-WORK-FLOW]2023/02/23 - 22:00:01.004	[31merror[0m	C:/Users/HK/Desktop/easy_tiktok/cmd/api/controllor/publish.go:43	æœåŠ¡è¯·æ±‚å¤±è´¥
[RZ-WORK-FLOW]2023/02/23 - 22:00:03.032	[31merror[0m	C:/Users/HK/Desktop/easy_tiktok/cmd/api/controllor/publish.go:43	æœåŠ¡è¯·æ±‚å¤±è´¥
[RZ-WORK-FLOW]2023/02/23 - 22:00:32.413	[34minfo[0m	C:/Users/HK/Desktop/easy_tiktok/pkg/utils/redis.go:23	redis connect ping response:	{"pong": "PONG"}
[RZ-WORK-FLOW]2023/02/23 - 22:00:32.413	[31merror[0m	C:/Users/HK/Desktop/easy_tiktok/pkg/middleware/jwt.go:63	tokenååºåˆ—åŒ–å¤±è´¥
[RZ-WORK-FLOW]2023/02/23 - 22:00:41.297	[34minfo[0m	C:/Users/HK/Desktop/easy_tiktok/pkg/utils/redis.go:23	redis connect ping response:	{"pong": "PONG"}
[RZ-WORK-FLOW]2023/02/23 - 22:00:41.298	[31merror[0m	C:/Users/HK/Desktop/easy_tiktok/pkg/middleware/jwt.go:63	tokenååºåˆ—åŒ–å¤±è´¥
[RZ-WORK-FLOW]2023/02/23 - 22:00:47.574	[31merror[0m	C:/Users/HK/Desktop/easy_tiktok/cmd/api/controllor/user.go:114	æœåŠ¡è¯·æ±‚å¤±è´¥
[RZ-WORK-FLOW]2023/02/23 - 22:00:52.355	[34minfo[0m	C:/Users/HK/Desktop/easy_tiktok/pkg/utils/redis.go:23	redis connect ping response:	{"pong": "PONG"}
[RZ-WORK-FLOW]2023/02/23 - 22:00:52.355	[31merror[0m	C:/Users/HK/Desktop/easy_tiktok/pkg/middleware/jwt.go:63	tokenååºåˆ—åŒ–å¤±è´¥
[RZ-WORK-FLOW]2023/02/23 - 22:01:20.804	[34minfo[0m	C:/Users/HK/Desktop/easy_tiktok/cmd/api/rpc/init.go:15	æˆåŠŸåˆå§‹åŒ–rpc
[RZ-WORK-FLOW]2023/02/23 - 22:01:20.865	[31merror[0m	C:/Users/HK/Desktop/easy_tiktok/cmd/api/main.go:41	+++++++++++++++++++++++
[RZ-WORK-FLOW]2023/02/23 - 22:01:36.093	[31merror[0m	C:/Users/HK/Desktop/easy_tiktok/cmd/api/controllor/publish.go:43	æœåŠ¡è¯·æ±‚å¤±è´¥
[RZ-WORK-FLOW]2023/02/23 - 22:01:38.924	[31merror[0m	C:/Users/HK/Desktop/easy_tiktok/cmd/api/controllor/publish.go:43	æœåŠ¡è¯·æ±‚å¤±è´¥
[RZ-WORK-FLOW]2023/02/23 - 22:01:41.761	[31merror[0m	C:/Users/HK/Desktop/easy_tiktok/cmd/api/controllor/publish.go:43	æœåŠ¡è¯·æ±‚å¤±è´¥
[RZ-WORK-FLOW]2023/02/23 - 22:01:44.601	[31merror[0m	C:/Users/HK/Desktop/easy_tiktok/cmd/api/controllor/publish.go:43	æœåŠ¡è¯·æ±‚å¤±è´¥
[RZ-WORK-FLOW]2023/02/23 - 22:03:43.991	[34minfo[0m	C:/Users/HK/Desktop/easy_tiktok/cmd/api/rpc/init.go:15	æˆåŠŸåˆå§‹åŒ–rpc
[RZ-WORK-FLOW]2023/02/23 - 22:03:44.051	[31merror[0m	C:/Users/HK/Desktop/easy_tiktok/cmd/api/main.go:41	+++++++++++++++++++++++
[RZ-WORK-FLOW]2023/02/23 - 22:03:45.856	[31merror[0m	C:/Users/HK/Desktop/easy_tiktok/cmd/api/controllor/publish.go:43	æœåŠ¡è¯·æ±‚å¤±è´¥
[RZ-WORK-FLOW]2023/02/23 - 22:04:43.034	[34minfo[0m	C:/Users/HK/Desktop/easy_tiktok/cmd/api/rpc/init.go:15	æˆåŠŸåˆå§‹åŒ–rpc
[RZ-WORK-FLOW]2023/02/23 - 22:04:43.094	[31merror[0m	C:/Users/HK/Desktop/easy_tiktok/cmd/api/main.go:41	+++++++++++++++++++++++
[RZ-WORK-FLOW]2023/02/23 - 22:05:22.901	[34minfo[0m	C:/Users/HK/Desktop/easy_tiktok/cmd/api/rpc/init.go:15	æˆåŠŸåˆå§‹åŒ–rpc
[RZ-WORK-FLOW]2023/02/23 - 22:05:22.960	[31merror[0m	C:/Users/HK/Desktop/easy_tiktok/cmd/api/main.go:41	+++++++++++++++++++++++
[RZ-WORK-FLOW]2023/02/23 - 22:05:27.486	[31merror[0m	C:/Users/HK/Desktop/easy_tiktok/cmd/api/controllor/publish.go:43	æœåŠ¡è¯·æ±‚å¤±è´¥
[RZ-WORK-FLOW]2023/02/23 - 22:06:38.020	[34minfo[0m	C:/Users/HK/Desktop/easy_tiktok/cmd/api/rpc/init.go:15	æˆåŠŸåˆå§‹åŒ–rpc
[RZ-WORK-FLOW]2023/02/23 - 22:06:38.079	[31merror[0m	C:/Users/HK/Desktop/easy_tiktok/cmd/api/main.go:41	+++++++++++++++++++++++
[RZ-WORK-FLOW]2023/02/23 - 22:06:43.095	[31merror[0m	C:/Users/HK/Desktop/easy_tiktok/cmd/api/controllor/publish.go:43	æœåŠ¡è¯·æ±‚å¤±è´¥
[RZ-WORK-FLOW]2023/02/23 - 22:07:36.786	[34minfo[0m	C:/Users/HK/Desktop/easy_tiktok/cmd/api/rpc/init.go:15	æˆåŠŸåˆå§‹åŒ–rpc
[RZ-WORK-FLOW]2023/02/23 - 22:07:36.848	[31merror[0m	C:/Users/HK/Desktop/easy_tiktok/cmd/api/main.go:41	+++++++++++++++++++++++
[RZ-WORK-FLOW]2023/02/23 - 22:07:41.444	[31merror[0m	C:/Users/HK/Desktop/easy_tiktok/cmd/api/controllor/publish.go:43	æœåŠ¡è¯·æ±‚å¤±è´¥
[RZ-WORK-FLOW]2023/02/23 - 22:08:35.376	[34minfo[0m	C:/Users/HK/Desktop/easy_tiktok/cmd/api/rpc/init.go:15	æˆåŠŸåˆå§‹åŒ–rpc
[RZ-WORK-FLOW]2023/02/23 - 22:08:35.436	[31merror[0m	C:/Users/HK/Desktop/easy_tiktok/cmd/api/main.go:41	+++++++++++++++++++++++
[RZ-WORK-FLOW]2023/02/23 - 22:08:37.858	[31merror[0m	C:/Users/HK/Desktop/easy_tiktok/cmd/api/controllor/publish.go:43	æ ‡é¢˜ä¸ºç©º
[RZ-WORK-FLOW]2023/02/23 - 22:09:03.416	[34minfo[0m	C:/Users/HK/Desktop/easy_tiktok/cmd/api/rpc/init.go:15	æˆåŠŸåˆå§‹åŒ–rpc
[RZ-WORK-FLOW]2023/02/23 - 22:09:03.476	[31merror[0m	C:/Users/HK/Desktop/easy_tiktok/cmd/api/main.go:41	+++++++++++++++++++++++
[RZ-WORK-FLOW]2023/02/23 - 22:10:27.416	[31merror[0m	C:/Users/HK/Desktop/easy_tiktok/cmd/api/controllor/publish.go:83	æœåŠ¡è¯·æ±‚å¤±è´¥
[RZ-WORK-FLOW]2023/02/23 - 22:10:33.694	[31merror[0m	C:/Users/HK/Desktop/easy_tiktok/cmd/api/controllor/publish.go:83	æœåŠ¡è¯·æ±‚å¤±è´¥
[RZ-WORK-FLOW]2023/02/23 - 22:12:57.816	[31merror[0m	C:/Users/HK/Desktop/easy_tiktok/cmd/api/controllor/publish.go:43	æœåŠ¡è¯·æ±‚å¤±è´¥
[RZ-WORK-FLOW]2023/02/23 - 22:16:54.874	[31merror[0m	C:/Users/HK/Desktop/easy_tiktok/cmd/api/controllor/publish.go:43	æœåŠ¡è¯·æ±‚å¤±è´¥
[RZ-WORK-FLOW]2023/02/23 - 22:17:40.270	[31merror[0m	C:/Users/HK/Desktop/easy_tiktok/cmd/api/controllor/publish.go:83	æœåŠ¡è¯·æ±‚å¤±è´¥
[RZ-WORK-FLOW]2023/02/23 - 22:17:46.717	[31merror[0m	C:/Users/HK/Desktop/easy_tiktok/cmd/api/controllor/publish.go:83	æœåŠ¡è¯·æ±‚å¤±è´¥
[RZ-WORK-FLOW]2023/02/23 - 22:18:32.665	[31merror[0m	C:/Users/HK/Desktop/easy_tiktok/cmd/api/controllor/publish.go:83	æœåŠ¡è¯·æ±‚å¤±è´¥
[RZ-WORK-FLOW]2023/02/23 - 22:18:35.274	[31merror[0m	C:/Users/HK/Desktop/easy_tiktok/cmd/api/controllor/publish.go:83	æœåŠ¡è¯·æ±‚å¤±è´¥
[RZ-WORK-FLOW]2023/02/23 - 22:18:38.921	[31merror[0m	C:/Users/HK/Desktop/easy_tiktok/cmd/api/controllor/publish.go:83	æœåŠ¡è¯·æ±‚å¤±è´¥
[RZ-WORK-FLOW]2023/02/23 - 22:18:42.375	[31merror[0m	C:/Users/HK/Desktop/easy_tiktok/cmd/api/controllor/publish.go:83	æœåŠ¡è¯·æ±‚å¤±è´¥
[RZ-WORK-FLOW]2023/02/23 - 22:18:46.452	[31merror[0m	C:/Users/HK/Desktop/easy_tiktok/cmd/api/controllor/publish.go:83	æœåŠ¡è¯·æ±‚å¤±è´¥
[RZ-WORK-FLOW]2023/02/23 - 22:18:48.431	[31merror[0m	C:/Users/HK/Desktop/easy_tiktok/cmd/api/controllor/publish.go:83	æœåŠ¡è¯·æ±‚å¤±è´¥
[RZ-WORK-FLOW]2023/02/23 - 22:31:53.283	[31merror[0m	C:/Users/HK/Desktop/easy_tiktok/cmd/api/controllor/publish.go:83	æœåŠ¡è¯·æ±‚å¤±è´¥
[RZ-WORK-FLOW]2023/02/23 - 22:33:02.871	[34minfo[0m	C:/Users/HK/Desktop/easy_tiktok/cmd/api/rpc/init.go:15	æˆåŠŸåˆå§‹åŒ–rpc
[RZ-WORK-FLOW]2023/02/23 - 22:33:02.934	[31merror[0m	C:/Users/HK/Desktop/easy_tiktok/cmd/api/main.go:41	+++++++++++++++++++++++
[RZ-WORK-FLOW]2023/02/23 - 22:33:09.501	[31merror[0m	C:/Users/HK/Desktop/easy_tiktok/cmd/api/controllor/publish.go:87	æœåŠ¡è¯·æ±‚å¤±è´¥
[RZ-WORK-FLOW]2023/02/23 - 22:34:21.259	[34minfo[0m	C:/Users/HK/Desktop/easy_tiktok/cmd/api/rpc/init.go:15	æˆåŠŸåˆå§‹åŒ–rpc
[RZ-WORK-FLOW]2023/02/23 - 22:34:21.319	[31merror[0m	C:/Users/HK/Desktop/easy_tiktok/cmd/api/main.go:41	+++++++++++++++++++++++
[RZ-WORK-FLOW]2023/02/23 - 22:34:23.867	[31merror[0m	C:/Users/HK/Desktop/easy_tiktok/cmd/api/controllor/publish.go:70	è·å–ç”¨æˆ·IDå¤±è´¥
[RZ-WORK-FLOW]2023/02/23 - 22:37:03.193	[34minfo[0m	C:/Users/HK/Desktop/easy_tiktok/cmd/api/rpc/init.go:15	æˆåŠŸåˆå§‹åŒ–rpc
[RZ-WORK-FLOW]2023/02/23 - 22:37:03.253	[31merror[0m	C:/Users/HK/Desktop/easy_tiktok/cmd/api/main.go:41	+++++++++++++++++++++++
[RZ-WORK-FLOW]2023/02/23 - 22:40:40.614	[31merror[0m	C:/Users/HK/Desktop/easy_tiktok/cmd/api/controllor/comment.go:36	è§†é¢‘IDä¸ºç©º
[RZ-WORK-FLOW]2023/02/23 - 22:40:42.211	[31merror[0m	C:/Users/HK/Desktop/easy_tiktok/cmd/api/controllor/comment.go:36	è§†é¢‘IDä¸ºç©º
[RZ-WORK-FLOW]2023/02/23 - 22:40:43.366	[31merror[0m	C:/Users/HK/Desktop/easy_tiktok/cmd/api/controllor/comment.go:36	è§†é¢‘IDä¸ºç©º
[RZ-WORK-FLOW]2023/02/23 - 22:40:43.534	[31merror[0m	C:/Users/HK/Desktop/easy_tiktok/cmd/api/controllor/comment.go:36	è§†é¢‘IDä¸ºç©º
[RZ-WORK-FLOW]2023/02/23 - 22:40:43.711	[31merror[0m	C:/Users/HK/Desktop/easy_tiktok/cmd/api/controllor/comment.go:36	è§†é¢‘IDä¸ºç©º
[RZ-WORK-FLOW]2023/02/23 - 22:42:12.966	[31merror[0m	C:/Users/HK/Desktop/easy_tiktok/cmd/api/controllor/publish.go:89	æœåŠ¡è¯·æ±‚å¤±è´¥
[RZ-WORK-FLOW]2023/02/23 - 22:42:17.287	[31merror[0m	C:/Users/HK/Desktop/easy_tiktok/cmd/api/controllor/comment.go:36	è§†é¢‘IDä¸ºç©º
[RZ-WORK-FLOW]2023/02/23 - 22:42:32.821	[34minfo[0m	C:/Users/HK/Desktop/easy_tiktok/cmd/api/rpc/init.go:15	æˆåŠŸåˆå§‹åŒ–rpc
[RZ-WORK-FLOW]2023/02/23 - 22:42:32.881	[31merror[0m	C:/Users/HK/Desktop/easy_tiktok/cmd/api/main.go:41	+++++++++++++++++++++++
[RZ-WORK-FLOW]2023/02/23 - 22:43:31.857	[31merror[0m	C:/Users/HK/Desktop/easy_tiktok/cmd/api/controllor/message.go:92	æœåŠ¡è¯·æ±‚å¤±è´¥
[RZ-WORK-FLOW]2023/02/23 - 22:43:37.926	[31merror[0m	C:/Users/HK/Desktop/easy_tiktok/cmd/api/controllor/message.go:92	æœåŠ¡è¯·æ±‚å¤±è´¥
[RZ-WORK-FLOW]2023/02/23 - 22:50:25.337	[31merror[0m	C:/Users/HK/Desktop/easy_tiktok/cmd/api/controllor/message.go:92	æœåŠ¡è¯·æ±‚å¤±è´¥
[RZ-WORK-FLOW]2023/02/23 - 22:50:28.794	[31merror[0m	C:/Users/HK/Desktop/easy_tiktok/cmd/api/controllor/publish.go:76	æœåŠ¡è¯·æ±‚å¤±è´¥
[RZ-WORK-FLOW]2023/02/23 - 22:50:28.798	[31merror[0m	C:/Users/HK/Desktop/easy_tiktok/cmd/api/controllor/publish.go:76	æœåŠ¡è¯·æ±‚å¤±è´¥
[RZ-WORK-FLOW]2023/02/23 - 22:50:40.090	[34minfo[0m	C:/Users/HK/Desktop/easy_tiktok/cmd/api/controllor/user.go:30	è¯·æ±‚æ³¨å†Œ
[RZ-WORK-FLOW]2023/02/23 - 22:50:40.174	[31merror[0m	C:/Users/HK/Desktop/easy_tiktok/cmd/api/controllor/user.go:59	æœåŠ¡è¯·æ±‚å¤±è´¥
[RZ-WORK-FLOW]2023/02/23 - 22:50:41.874	[34minfo[0m	C:/Users/HK/Desktop/easy_tiktok/cmd/api/controllor/user.go:30	è¯·æ±‚æ³¨å†Œ
[RZ-WORK-FLOW]2023/02/23 - 22:50:41.923	[31merror[0m	C:/Users/HK/Desktop/easy_tiktok/cmd/api/controllor/user.go:59	æœåŠ¡è¯·æ±‚å¤±è´¥
[RZ-WORK-FLOW]2023/02/23 - 22:51:28.596	[34minfo[0m	C:/Users/HK/Desktop/easy_tiktok/cmd/api/controllor/user.go:30	è¯·æ±‚æ³¨å†Œ
[RZ-WORK-FLOW]2023/02/23 - 22:51:28.652	[31merror[0m	C:/Users/HK/Desktop/easy_tiktok/cmd/api/controllor/user.go:59	æœåŠ¡è¯·æ±‚å¤±è´¥
[RZ-WORK-FLOW]2023/02/23 - 22:52:00.963	[34minfo[0m	C:/Users/HK/Desktop/easy_tiktok/cmd/api/controllor/user.go:30	è¯·æ±‚æ³¨å†Œ
[RZ-WORK-FLOW]2023/02/23 - 22:53:09.144	[31merror[0m	C:/Users/HK/Desktop/easy_tiktok/cmd/api/controllor/message.go:92	æœåŠ¡è¯·æ±‚å¤±è´¥
[RZ-WORK-FLOW]2023/02/23 - 22:53:54.204	[31merror[0m	C:/Users/HK/Desktop/easy_tiktok/cmd/api/controllor/message.go:92	æœåŠ¡è¯·æ±‚å¤±è´¥
[RZ-WORK-FLOW]2023/02/23 - 22:54:18.931	[31merror[0m	C:/Users/HK/Desktop/easy_tiktok/cmd/api/controllor/message.go:92	æœåŠ¡è¯·æ±‚å¤±è´¥
[RZ-WORK-FLOW]2023/02/23 - 22:54:22.928	[31merror[0m	C:/Users/HK/Desktop/easy_tiktok/cmd/api/controllor/message.go:92	æœåŠ¡è¯·æ±‚å¤±è´¥
[RZ-WORK-FLOW]2023/02/23 - 22:55:02.018	[31merror[0m	C:/Users/HK/Desktop/easy_tiktok/cmd/api/controllor/message.go:92	æœåŠ¡è¯·æ±‚å¤±è´¥
[RZ-WORK-FLOW]2023/02/23 - 22:55:08.223	[31merror[0m	C:/Users/HK/Desktop/easy_tiktok/cmd/api/controllor/message.go:92	æœåŠ¡è¯·æ±‚å¤±è´¥
[RZ-WORK-FLOW]2023/02/23 - 22:55:20.952	[34minfo[0m	C:/Users/HK/Desktop/easy_tiktok/cmd/api/rpc/init.go:15	æˆåŠŸåˆå§‹åŒ–rpc
[RZ-WORK-FLOW]2023/02/23 - 22:55:21.016	[31merror[0m	C:/Users/HK/Desktop/easy_tiktok/cmd/api/main.go:41	+++++++++++++++++++++++
[RZ-WORK-FLOW]2023/02/23 - 22:55:26.498	[31merror[0m	C:/Users/HK/Desktop/easy_tiktok/cmd/api/controllor/message.go:92	æœåŠ¡è¯·æ±‚å¤±è´¥
[RZ-WORK-FLOW]2023/02/23 - 22:57:05.566	[34minfo[0m	C:/Users/HK/Desktop/easy_tiktok/cmd/api/rpc/init.go:15	æˆåŠŸåˆå§‹åŒ–rpc
[RZ-WORK-FLOW]2023/02/23 - 22:57:05.642	[31merror[0m	C:/Users/HK/Desktop/easy_tiktok/cmd/api/main.go:41	+++++++++++++++++++++++
[RZ-WORK-FLOW]2023/02/23 - 22:57:09.408	[31merror[0m	C:/Users/HK/Desktop/easy_tiktok/cmd/api/controllor/message.go:92	æœåŠ¡è¯·æ±‚å¤±è´¥
[RZ-WORK-FLOW]2023/02/23 - 22:59:06.378	[34minfo[0m	C:/Users/HK/Desktop/easy_tiktok/cmd/api/rpc/init.go:15	æˆåŠŸåˆå§‹åŒ–rpc
[RZ-WORK-FLOW]2023/02/23 - 22:59:06.437	[31merror[0m	C:/Users/HK/Desktop/easy_tiktok/cmd/api/main.go:41	+++++++++++++++++++++++
[RZ-WORK-FLOW]2023/02/23 - 23:01:59.586	[31merror[0m	C:/Users/HK/Desktop/easy_tiktok/cmd/api/controllor/publish.go:76	æœåŠ¡è¯·æ±‚å¤±è´¥
[RZ-WORK-FLOW]2023/02/23 - 23:02:12.390	[31merror[0m	C:/Users/HK/Desktop/easy_tiktok/cmd/api/controllor/message.go:92	æœåŠ¡è¯·æ±‚å¤±è´¥
[RZ-WORK-FLOW]2023/02/23 - 23:02:22.414	[31merror[0m	C:/Users/HK/Desktop/easy_tiktok/cmd/api/controllor/publish.go:76	æœåŠ¡è¯·æ±‚å¤±è´¥
[RZ-WORK-FLOW]2023/02/23 - 23:13:09.481	[31merror[0m	C:/Users/HK/Desktop/easy_tiktok/cmd/api/controllor/message.go:92	æœåŠ¡è¯·æ±‚å¤±è´¥
[RZ-WORK-FLOW]2023/02/23 - 23:13:26.076	[31merror[0m	C:/Users/HK/Desktop/easy_tiktok/cmd/api/controllor/message.go:92	æœåŠ¡è¯·æ±‚å¤±è´¥
[RZ-WORK-FLOW]2023/02/23 - 23:13:26.712	[31merror[0m	C:/Users/HK/Desktop/easy_tiktok/cmd/api/controllor/publish.go:76	æœåŠ¡è¯·æ±‚å¤±è´¥
[RZ-WORK-FLOW]2023/02/23 - 23:16:59.648	[31merror[0m	C:/Users/HK/Desktop/easy_tiktok/cmd/api/controllor/publish.go:76	æœåŠ¡è¯·æ±‚å¤±è´¥
[RZ-WORK-FLOW]2023/02/23 - 23:17:02.647	[31merror[0m	C:/Users/HK/Desktop/easy_tiktok/cmd/api/controllor/message.go:92	æœåŠ¡è¯·æ±‚å¤±è´¥
[RZ-WORK-FLOW]2023/02/23 - 23:18:11.851	[31merror[0m	C:/Users/HK/Desktop/easy_tiktok/cmd/api/controllor/message.go:92	æœåŠ¡è¯·æ±‚å¤±è´¥
[RZ-WORK-FLOW]2023/02/23 - 23:19:15.199	[31merror[0m	C:/Users/HK/Desktop/easy_tiktok/cmd/api/controllor/message.go:92	æœåŠ¡è¯·æ±‚å¤±è´¥
[RZ-WORK-FLOW]2023/02/23 - 23:19:18.452	[31merror[0m	C:/Users/HK/Desktop/easy_tiktok/cmd/api/controllor/message.go:92	æœåŠ¡è¯·æ±‚å¤±è´¥
[RZ-WORK-FLOW]2023/02/23 - 23:19:56.328	[31merror[0m	C:/Users/HK/Desktop/easy_tiktok/cmd/api/controllor/message.go:92	æœåŠ¡è¯·æ±‚å¤±è´¥
[RZ-WORK-FLOW]2023/02/23 - 23:20:14.234	[31merror[0m	C:/Users/HK/Desktop/easy_tiktok/cmd/api/controllor/message.go:92	æœåŠ¡è¯·æ±‚å¤±è´¥
[RZ-WORK-FLOW]2023/02/23 - 23:21:11.325	[31merror[0m	C:/Users/HK/Desktop/easy_tiktok/cmd/api/controllor/message.go:92	æœåŠ¡è¯·æ±‚å¤±è´¥
[RZ-WORK-FLOW]2023/02/23 - 23:21:59.140	[31merror[0m	C:/Users/HK/Desktop/easy_tiktok/cmd/api/controllor/message.go:92	æœåŠ¡è¯·æ±‚å¤±è´¥
[RZ-WORK-FLOW]2023/02/23 - 23:23:09.210	[31merror[0m	C:/Users/HK/Desktop/easy_tiktok/cmd/api/controllor/message.go:92	æœåŠ¡è¯·æ±‚å¤±è´¥
[RZ-WORK-FLOW]2023/02/23 - 23:23:37.947	[31merror[0m	C:/Users/HK/Desktop/easy_tiktok/cmd/api/controllor/message.go:92	æœåŠ¡è¯·æ±‚å¤±è´¥
[RZ-WORK-FLOW]2023/02/23 - 23:23:42.999	[31merror[0m	C:/Users/HK/Desktop/easy_tiktok/cmd/api/controllor/publish.go:76	æœåŠ¡è¯·æ±‚å¤±è´¥
[RZ-WORK-FLOW]2023/02/23 - 23:24:51.937	[31merror[0m	C:/Users/HK/Desktop/easy_tiktok/cmd/api/controllor/message.go:92	æœåŠ¡è¯·æ±‚å¤±è´¥
[RZ-WORK-FLOW]2023/02/23 - 23:26:01.918	[31merror[0m	C:/Users/HK/Desktop/easy_tiktok/cmd/api/controllor/message.go:92	æœåŠ¡è¯·æ±‚å¤±è´¥
[RZ-WORK-FLOW]2023/02/23 - 23:31:28.207	[31merror[0m	C:/Users/HK/Desktop/easy_tiktok/cmd/api/controllor/message.go:54	è§£ætokené”™è¯¯
[RZ-WORK-FLOW]2023/02/23 - 23:31:36.282	[31merror[0m	C:/Users/HK/Desktop/easy_tiktok/cmd/api/controllor/message.go:54	è§£ætokené”™è¯¯
[RZ-WORK-FLOW]2023/02/23 - 23:31:46.443	[31merror[0m	C:/Users/HK/Desktop/easy_tiktok/cmd/api/controllor/message.go:54	è§£ætokené”™è¯¯
[RZ-WORK-FLOW]2023/02/23 - 23:31:51.564	[31merror[0m	C:/Users/HK/Desktop/easy_tiktok/cmd/api/controllor/message.go:54	è§£ætokené”™è¯¯
[RZ-WORK-FLOW]2023/02/23 - 23:32:01.827	[31merror[0m	C:/Users/HK/Desktop/easy_tiktok/cmd/api/controllor/message.go:54	è§£ætokené”™è¯¯
[RZ-WORK-FLOW]2023/02/23 - 23:32:07.029	[31merror[0m	C:/Users/HK/Desktop/easy_tiktok/cmd/api/controllor/message.go:54	è§£ætokené”™è¯¯
[RZ-WORK-FLOW]2023/02/23 - 23:32:12.204	[31merror[0m	C:/Users/HK/Desktop/easy_tiktok/cmd/api/controllor/message.go:54	è§£ætokené”™è¯¯
[RZ-WORK-FLOW]2023/02/23 - 23:32:17.429	[31merror[0m	C:/Users/HK/Desktop/easy_tiktok/cmd/api/controllor/message.go:54	è§£ætokené”™è¯¯
[RZ-WORK-FLOW]2023/02/23 - 23:32:22.628	[31merror[0m	C:/Users/HK/Desktop/easy_tiktok/cmd/api/controllor/message.go:54	è§£ætokené”™è¯¯
[RZ-WORK-FLOW]2023/02/23 - 23:32:27.830	[31merror[0m	C:/Users/HK/Desktop/easy_tiktok/cmd/api/controllor/message.go:54	è§£ætokené”™è¯¯
[RZ-WORK-FLOW]2023/02/23 - 23:32:33.004	[31merror[0m	C:/Users/HK/Desktop/easy_tiktok/cmd/api/controllor/message.go:54	è§£ætokené”™è¯¯
[RZ-WORK-FLOW]2023/02/23 - 23:32:38.237	[31merror[0m	C:/Users/HK/Desktop/easy_tiktok/cmd/api/controllor/message.go:54	è§£ætokené”™è¯¯
[RZ-WORK-FLOW]2023/02/23 - 23:32:43.429	[31merror[0m	C:/Users/HK/Desktop/easy_tiktok/cmd/api/controllor/message.go:54	è§£ætokené”™è¯¯
[RZ-WORK-FLOW]2023/02/23 - 23:33:01.756	[31merror[0m	C:/Users/HK/Desktop/easy_tiktok/cmd/api/controllor/message.go:54	è§£ætokené”™è¯¯
[RZ-WORK-FLOW]2023/02/23 - 23:33:06.926	[31merror[0m	C:/Users/HK/Desktop/easy_tiktok/cmd/api/controllor/message.go:54	è§£ætokené”™è¯¯
[RZ-WORK-FLOW]2023/02/23 - 23:33:12.147	[31merror[0m	C:/Users/HK/Desktop/easy_tiktok/cmd/api/controllor/message.go:54	è§£ætokené”™è¯¯
[RZ-WORK-FLOW]2023/02/23 - 23:37:28.250	[34minfo[0m	C:/Users/HK/Desktop/easy_tiktok/cmd/api/rpc/init.go:15	æˆåŠŸåˆå§‹åŒ–rpc
[RZ-WORK-FLOW]2023/02/23 - 23:37:28.313	[31merror[0m	C:/Users/HK/Desktop/easy_tiktok/cmd/api/main.go:41	+++++++++++++++++++++++
[RZ-WORK-FLOW]2023/02/23 - 23:37:32.714	[31merror[0m	C:/Users/HK/Desktop/easy_tiktok/cmd/api/controllor/message.go:55	è§£ætokené”™è¯¯
[RZ-WORK-FLOW]2023/02/23 - 23:37:37.868	[31merror[0m	C:/Users/HK/Desktop/easy_tiktok/cmd/api/controllor/message.go:55	è§£ætokené”™è¯¯
[RZ-WORK-FLOW]2023/02/23 - 23:39:58.123	[31merror[0m	C:/Users/HK/Desktop/easy_tiktok/cmd/api/controllor/message.go:55	è§£ætokené”™è¯¯
[RZ-WORK-FLOW]2023/02/23 - 23:40:03.267	[31merror[0m	C:/Users/HK/Desktop/easy_tiktok/cmd/api/controllor/message.go:55	è§£ætokené”™è¯¯
[RZ-WORK-FLOW]2023/02/23 - 23:40:13.622	[31merror[0m	C:/Users/HK/Desktop/easy_tiktok/cmd/api/controllor/message.go:55	è§£ætokené”™è¯¯
[RZ-WORK-FLOW]2023/02/23 - 23:40:18.791	[31merror[0m	C:/Users/HK/Desktop/easy_tiktok/cmd/api/controllor/message.go:55	è§£ætokené”™è¯¯
[RZ-WORK-FLOW]2023/02/23 - 23:40:59.494	[34minfo[0m	C:/Users/HK/Desktop/easy_tiktok/cmd/api/rpc/init.go:15	æˆåŠŸåˆå§‹åŒ–rpc
[RZ-WORK-FLOW]2023/02/23 - 23:40:59.555	[31merror[0m	C:/Users/HK/Desktop/easy_tiktok/cmd/api/main.go:41	+++++++++++++++++++++++
[RZ-WORK-FLOW]2023/02/23 - 23:41:16.846	[31merror[0m	C:/Users/HK/Desktop/easy_tiktok/cmd/api/controllor/message.go:54	è§£ætokené”™è¯¯
[RZ-WORK-FLOW]2023/02/23 - 23:41:21.980	[31merror[0m	C:/Users/HK/Desktop/easy_tiktok/cmd/api/controllor/message.go:54	è§£ætokené”™è¯¯
[RZ-WORK-FLOW]2023/02/23 - 23:45:34.183	[34minfo[0m	C:/Users/HK/Desktop/easy_tiktok/cmd/api/rpc/init.go:15	æˆåŠŸåˆå§‹åŒ–rpc
[RZ-WORK-FLOW]2023/02/23 - 23:45:34.243	[31merror[0m	C:/Users/HK/Desktop/easy_tiktok/cmd/api/main.go:41	+++++++++++++++++++++++
[RZ-WORK-FLOW]2023/02/23 - 23:45:36.361	[31merror[0m	C:/Users/HK/Desktop/easy_tiktok/cmd/api/controllor/message.go:58	è§£ætokené”™è¯¯
[RZ-WORK-FLOW]2023/02/23 - 23:45:41.485	[31merror[0m	C:/Users/HK/Desktop/easy_tiktok/cmd/api/controllor/message.go:58	è§£ætokené”™è¯¯
[RZ-WORK-FLOW]2023/02/23 - 23:46:08.937	[34minfo[0m	C:/Users/HK/Desktop/easy_tiktok/cmd/api/rpc/init.go:15	æˆåŠŸåˆå§‹åŒ–rpc
[RZ-WORK-FLOW]2023/02/23 - 23:46:08.995	[31merror[0m	C:/Users/HK/Desktop/easy_tiktok/cmd/api/main.go:41	+++++++++++++++++++++++
[RZ-WORK-FLOW]2023/02/23 - 23:46:14.827	[31merror[0m	C:/Users/HK/Desktop/easy_tiktok/cmd/api/controllor/message.go:59	è§£ætokené”™è¯¯
[RZ-WORK-FLOW]2023/02/23 - 23:53:12.760	[31merror[0m	C:/Users/HK/Desktop/easy_tiktok/cmd/api/controllor/message.go:97	æœåŠ¡è¯·æ±‚å¤±è´¥
